4474
0.1 0.1
0.101 0.1
0.102 0.1
0.103 0.1
0.104 0.1
0.105 0.1
0.105 0.101
0.105 0.102
0.105 0.103
0.105 0.104
0.105 0.105
0.105 0.106
0.105 0.107
0.105 0.108
0.105 0.109
0.105 0.11
0.105 0.111
0.105 0.112
0.105 0.113
0.105 0.114
0.105 0.115
0.106 0.115
0.107 0.115
0.108 0.115
0.109 0.115
0.11 0.115
0.111 0.115
0.112 0.115
0.113 0.115
0.114 0.115
0.115 0.115
0.116 0.115
0.117 0.115
0.118 0.115
0.119 0.115
0.12 0.115
0.121 0.115
0.121 0.116
0.122 0.116
0.123 0.116
0.124 0.116
0.125 0.116
0.126 0.116
0.126 0.117
0.126 0.118
0.126 0.119
0.126 0.12
0.126 0.121
0.126 0.122
0.126 0.123
0.127 0.123
0.128 0.123
0.129 0.123
0.13 0.123
0.131 0.123
0.132 0.123
0.133 0.123
0.134 0.123
0.135 0.123
0.136 0.123
0.137 0.123
0.138 0.123
0.139 0.123
0.14 0.123
0.14 0.122
0.14 0.121
0.14 0.12
0.14 0.119
0.14 0.118
0.14 0.117
0.14 0.116
0.141 0.116
0.142 0.116
0.143 0.116
0.144 0.116
0.145 0.116
0.146 0.116
0.147 0.116
0.148 0.116
0.149 0.116
0.149 0.115
0.149 0.114
0.149 0.113
0.149 0.112
0.149 0.111
0.148 0.111
0.147 0.111
0.146 0.111
0.145 0.111
0.144 0.111
0.143 0.111
0.143 0.11
0.143 0.109
0.143 0.108
0.143 0.107
0.143 0.106
0.143 0.105
0.143 0.104
0.142 0.104
0.141 0.104
0.14 0.104
0.139 0.104
0.138 0.104
0.137 0.104
0.136 0.104
0.135 0.104
0.135 0.103
0.135 0.102
0.135 0.101
0.135 0.1
0.135 0.099
0.135 0.098
0.135 0.097
0.135 0.096
0.135 0.095
0.135 0.094
0.135 0.093
0.136 0.093
0.137 0.093
0.138 0.093
0.139 0.093
0.14 0.093
0.141 0.093
0.142 0.093
0.143 0.093
0.144 0.093
0.145 0.093
0.146 0.093
0.147 0.093
0.148 0.093
0.148 0.092
0.148 0.091
0.148 0.09
0.148 0.089
0.148 0.088
0.148 0.087
0.148 0.086
0.148 0.085
0.148 0.084
0.148 0.083
0.148 0.082
0.148 0.081
0.148 0.08
0.148 0.079
0.148 0.078
0.149 0.078
0.15 0.078
0.151 0.078
0.152 0.078
0.153 0.078
0.154 0.078
0.155 0.078
0.156 0.078
0.157 0.078
0.158 0.078
0.159 0.078
0.16 0.078
0.161 0.078
0.162 0.078
0.163 0.078
0.164 0.078
0.165 0.078
0.166 0.078
0.167 0.078
0.167 0.077
0.167 0.076
0.167 0.075
0.166 0.075
0.165 0.075
0.165 0.074
0.165 0.073
0.165 0.072
0.165 0.071
0.165 0.07
0.165 0.069
0.166 0.069
0.167 0.069
0.168 0.069
0.169 0.069
0.17 0.069
0.171 0.069
0.172 0.069
0.173 0.069
0.174 0.069
0.174 0.068
0.174 0.067
0.174 0.066
0.174 0.065
0.174 0.064
0.174 0.063
0.174 0.062
0.174 0.061
0.174 0.06
0.174 0.059
0.174 0.058
0.175 0.058
0.176 0.058
0.177 0.058
0.178 0.058
0.179 0.058
0.18 0.058
0.181 0.058
0.182 0.058
0.183 0.058
0.184 0.058
0.185 0.058
0.185 0.059
0.185 0.06
0.185 0.061
0.185 0.062
0.186 0.062
0.187 0.062
0.188 0.062
0.189 0.062
0.19 0.062
0.191 0.062
0.192 0.062
0.193 0.062
0.194 0.062
0.195 0.062
0.196 0.062
0.197 0.062
0.198 0.062
0.199 0.062
0.2 0.062
0.2 0.063
0.2 0.064
0.2 0.065
0.2 0.066
0.201 0.066
0.202 0.066
0.203 0.066
0.204 0.066
0.204 0.067
0.204 0.068
0.204 0.069
0.205 0.069
0.206 0.069
0.207 0.069
0.208 0.069
0.209 0.069
0.21 0.069
0.211 0.069
0.212 0.069
0.213 0.069
0.214 0.069
0.215 0.069
0.216 0.069
0.217 0.069
0.218 0.069
0.219 0.069
0.22 0.069
0.221 0.069
0.221 0.068
0.221 0.067
0.221 0.066
0.221 0.065
0.221 0.064
0.221 0.063
0.221 0.062
0.221 0.061
0.221 0.06
0.221 0.059
0.221 0.058
0.221 0.057
0.222 0.057
0.223 0.057
0.224 0.057
0.225 0.057
0.226 0.057
0.227 0.057
0.228 0.057
0.229 0.057
0.23 0.057
0.231 0.057
0.232 0.057
0.233 0.057
0.234 0.057
0.235 0.057
0.236 0.057
0.237 0.057
0.238 0.057
0.239 0.057
0.24 0.057
0.241 0.057
0.242 0.057
0.243 0.057
0.243 0.056
0.243 0.055
0.243 0.054
0.243 0.053
0.244 0.053
0.245 0.053
0.246 0.053
0.247 0.053
0.247 0.052
0.247 0.051
0.247 0.05
0.247 0.049
0.246 0.049
0.245 0.049
0.244 0.049
0.244 0.05
0.244 0.051
0.244 0.052
0.244 0.053
0.244 0.054
0.244 0.055
0.244 0.056
0.244 0.057
0.244 0.058
0.244 0.059
0.244 0.06
0.244 0.061
0.244 0.062
0.244 0.063
0.244 0.064
0.244 0.065
0.244 0.066
0.244 0.067
0.244 0.068
0.244 0.069
0.244 0.07
0.244 0.071
0.244 0.072
0.244 0.073
0.244 0.074
0.244 0.075
0.243 0.075
0.242 0.075
0.241 0.075
0.24 0.075
0.239 0.075
0.238 0.075
0.237 0.075
0.236 0.075
0.235 0.075
0.235 0.076
0.235 0.077
0.235 0.078
0.235 0.079
0.235 0.08
0.235 0.081
0.235 0.082
0.235 0.083
0.235 0.084
0.235 0.085
0.235 0.086
0.235 0.087
0.235 0.088
0.235 0.089
0.235 0.09
0.234 0.09
0.233 0.09
0.232 0.09
0.231 0.09
0.23 0.09
0.229 0.09
0.229 0.091
0.229 0.092
0.229 0.093
0.229 0.094
0.23 0.094
0.231 0.094
0.232 0.094
0.233 0.094
0.234 0.094
0.234 0.095
0.234 0.096
0.234 0.097
0.234 0.098
0.234 0.099
0.234 0.1
0.234 0.101
0.234 0.102
0.235 0.102
0.236 0.102
0.237 0.102
0.238 0.102
0.239 0.102
0.239 0.103
0.239 0.104
0.239 0.105
0.239 0.106
0.239 0.107
0.239 0.108
0.239 0.109
0.239 0.11
0.239 0.111
0.239 0.112
0.239 0.113
0.239 0.114
0.239 0.115
0.239 0.116
0.239 0.117
0.239 0.118
0.239 0.119
0.238 0.119
0.237 0.119
0.236 0.119
0.235 0.119
0.234 0.119
0.233 0.119
0.232 0.119
0.231 0.119
0.231 0.12
0.231 0.121
0.231 0.122
0.231 0.123
0.231 0.124
0.231 0.125
0.231 0.126
0.23 0.126
0.229 0.126
0.228 0.126
0.227 0.126
0.226 0.126
0.225 0.126
0.224 0.126
0.223 0.126
0.222 0.126
0.221 0.126
0.22 0.126
0.219 0.126
0.218 0.126
0.218 0.127
0.218 0.128
0.217 0.128
0.216 0.128
0.216 0.127
0.216 0.126
0.216 0.125
0.216 0.124
0.217 0.124
0.218 0.124
0.219 0.124
0.22 0.124
0.221 0.124
0.222 0.124
0.223 0.124
0.224 0.124
0.225 0.124
0.226 0.124
0.227 0.124
0.228 0.124
0.229 0.124
0.23 0.124
0.231 0.124
0.232 0.124
0.233 0.124
0.234 0.124
0.235 0.124
0.236 0.124
0.237 0.124
0.238 0.124
0.239 0.124
0.24 0.124
0.241 0.124
0.242 0.124
0.243 0.124
0.244 0.124
0.245 0.124
0.246 0.124
0.247 0.124
0.248 0.124
0.249 0.124
0.25 0.124
0.251 0.124
0.252 0.124
0.252 0.125
0.252 0.126
0.252 0.127
0.252 0.128
0.252 0.129
0.252 0.13
0.252 0.131
0.252 0.132
0.252 0.133
0.252 0.134
0.252 0.135
0.252 0.136
0.252 0.137
0.252 0.138
0.252 0.139
0.252 0.14
0.252 0.141
0.253 0.141
0.254 0.141
0.255 0.141
0.256 0.141
0.256 0.14
0.256 0.139
0.257 0.139
0.258 0.139
0.259 0.139
0.26 0.139
0.261 0.139
0.262 0.139
0.263 0.139
0.264 0.139
0.265 0.139
0.266 0.139
0.266 0.138
0.266 0.137
0.266 0.136
0.266 0.135
0.266 0.134
0.266 0.133
0.266 0.132
0.265 0.132
0.264 0.132
0.264 0.133
0.264 0.134
0.264 0.135
0.264 0.136
0.264 0.137
0.264 0.138
0.264 0.139
0.264 0.14
0.264 0.141
0.264 0.142
0.264 0.143
0.264 0.144
0.264 0.145
0.264 0.146
0.264 0.147
0.264 0.148
0.264 0.149
0.264 0.15
0.264 0.151
0.265 0.151
0.265 0.152
0.265 0.153
0.265 0.154
0.265 0.155
0.265 0.156
0.265 0.157
0.265 0.158
0.265 0.159
0.266 0.159
0.267 0.159
0.268 0.159
0.268 0.16
0.268 0.161
0.268 0.162
0.268 0.163
0.268 0.164
0.268 0.165
0.268 0.166
0.268 0.167
0.268 0.168
0.268 0.169
0.268 0.17
0.268 0.171
0.268 0.172
0.268 0.173
0.268 0.174
0.268 0.175
0.267 0.175
0.266 0.175
0.266 0.176
0.266 0.177
0.266 0.178
0.266 0.179
0.266 0.18
0.266 0.181
0.266 0.182
0.266 0.183
0.266 0.184
0.266 0.185
0.266 0.186
0.266 0.187
0.266 0.188
0.266 0.189
0.265 0.189
0.264 0.189
0.263 0.189
0.262 0.189
0.261 0.189
0.26 0.189
0.26 0.19
0.26 0.191
0.26 0.192
0.26 0.193
0.26 0.194
0.26 0.195
0.26 0.196
0.259 0.196
0.258 0.196
0.257 0.196
0.256 0.196
0.255 0.196
0.254 0.196
0.253 0.196
0.252 0.196
0.251 0.196
0.25 0.196
0.25 0.197
0.25 0.198
0.25 0.199
0.25 0.2
0.25 0.201
0.25 0.202
0.25 0.203
0.25 0.204
0.25 0.205
0.25 0.206
0.25 0.207
0.25 0.208
0.25 0.209
0.249 0.209
0.248 0.209
0.247 0.209
0.246 0.209
0.245 0.209
0.244 0.209
0.243 0.209
0.243 0.21
0.243 0.211
0.243 0.212
0.243 0.213
0.243 0.214
0.243 0.215
0.243 0.216
0.243 0.217
0.243 0.218
0.243 0.219
0.244 0.219
0.245 0.219
0.246 0.219
0.247 0.219
0.248 0.219
0.249 0.219
0.25 0.219
0.251 0.219
0.251 0.22
0.251 0.221
0.251 0.222
0.251 0.223
0.251 0.224
0.251 0.225
0.251 0.226
0.251 0.227
0.251 0.228
0.251 0.229
0.251 0.23
0.25 0.23
0.249 0.23
0.248 0.23
0.247 0.23
0.246 0.23
0.245 0.23
0.244 0.23
0.243 0.23
0.243 0.231
0.243 0.232
0.243 0.233
0.243 0.234
0.243 0.235
0.243 0.236
0.243 0.237
0.244 0.237
0.245 0.237
0.246 0.237
0.247 0.237
0.248 0.237
0.249 0.237
0.249 0.238
0.249 0.239
0.249 0.24
0.249 0.241
0.248 0.241
0.247 0.241
0.246 0.241
0.245 0.241
0.244 0.241
0.243 0.241
0.242 0.241
0.241 0.241
0.24 0.241
0.239 0.241
0.239 0.242
0.239 0.243
0.239 0.244
0.239 0.245
0.24 0.245
0.241 0.245
0.242 0.245
0.243 0.245
0.244 0.245
0.245 0.245
0.246 0.245
0.246 0.246
0.246 0.247
0.246 0.248
0.246 0.249
0.246 0.25
0.246 0.251
0.246 0.252
0.246 0.253
0.246 0.254
0.246 0.255
0.246 0.256
0.246 0.257
0.247 0.257
0.248 0.257
0.249 0.257
0.25 0.257
0.251 0.257
0.252 0.257
0.253 0.257
0.254 0.257
0.255 0.257
0.256 0.257
0.257 0.257
0.258 0.257
0.259 0.257
0.26 0.257
0.26 0.258
0.26 0.259
0.26 0.26
0.26 0.261
0.26 0.262
0.26 0.263
0.26 0.264
0.26 0.265
0.26 0.266
0.26 0.267
0.26 0.268
0.259 0.268
0.258 0.268
0.257 0.268
0.256 0.268
0.255 0.268
0.254 0.268
0.253 0.268
0.253 0.269
0.253 0.27
0.254 0.27
0.255 0.27
0.256 0.27
0.257 0.27
0.258 0.27
0.259 0.27
0.26 0.27
0.261 0.27
0.262 0.27
0.263 0.27
0.264 0.27
0.265 0.27
0.266 0.27
0.267 0.27
0.268 0.27
0.269 0.27
0.269 0.271
0.269 0.272
0.269 0.273
0.269 0.274
0.269 0.275
0.269 0.276
0.269 0.277
0.269 0.278
0.269 0.279
0.269 0.28
0.269 0.281
0.269 0.282
0.269 0.283
0.269 0.284
0.269 0.285
0.269 0.286
0.269 0.287
0.269 0.288
0.27 0.288
0.271 0.288
0.272 0.288
0.273 0.288
0.274 0.288
0.275 0.288
0.276 0.288
0.276 0.287
0.276 0.286
0.276 0.285
0.276 0.284
0.276 0.283
0.277 0.283
0.278 0.283
0.279 0.283
0.279 0.284
0.279 0.285
0.279 0.286
0.278 0.286
0.277 0.286
0.276 0.286
0.275 0.286
0.275 0.287
0.275 0.288
0.275 0.289
0.275 0.29
0.275 0.291
0.275 0.292
0.275 0.293
0.275 0.294
0.275 0.295
0.275 0.296
0.275 0.297
0.275 0.298
0.275 0.299
0.275 0.3
0.275 0.301
0.275 0.302
0.275 0.303
0.275 0.304
0.275 0.305
0.275 0.306
0.275 0.307
0.274 0.307
0.273 0.307
0.272 0.307
0.272 0.308
0.272 0.309
0.272 0.31
0.272 0.311
0.272 0.312
0.272 0.313
0.272 0.314
0.272 0.315
0.272 0.316
0.272 0.317
0.271 0.317
0.27 0.317
0.269 0.317
0.268 0.317
0.267 0.317
0.266 0.317
0.265 0.317
0.264 0.317
0.264 0.316
0.264 0.315
0.264 0.314
0.264 0.313
0.264 0.312
0.264 0.311
0.264 0.31
0.264 0.309
0.264 0.308
0.264 0.307
0.263 0.307
0.262 0.307
0.261 0.307
0.26 0.307
0.259 0.307
0.258 0.307
0.257 0.307
0.256 0.307
0.255 0.307
0.254 0.307
0.253 0.307
0.252 0.307
0.251 0.307
0.25 0.307
0.249 0.307
0.248 0.307
0.247 0.307
0.246 0.307
0.246 0.306
0.246 0.305
0.246 0.304
0.245 0.304
0.244 0.304
0.243 0.304
0.243 0.305
0.243 0.306
0.243 0.307
0.243 0.308
0.243 0.309
0.243 0.31
0.243 0.311
0.243 0.312
0.244 0.312
0.245 0.312
0.246 0.312
0.247 0.312
0.248 0.312
0.248 0.313
0.248 0.314
0.248 0.315
0.248 0.316
0.248 0.317
0.248 0.318
0.248 0.319
0.248 0.32
0.248 0.321
0.248 0.322
0.248 0.323
0.248 0.324
0.248 0.325
0.248 0.326
0.247 0.326
0.247 0.327
0.247 0.328
0.247 0.329
0.247 0.33
0.247 0.331
0.248 0.331
0.249 0.331
0.25 0.331
0.251 0.331
0.252 0.331
0.253 0.331
0.254 0.331
0.255 0.331
0.255 0.332
0.255 0.333
0.255 0.334
0.255 0.335
0.255 0.336
0.255 0.337
0.255 0.338
0.255 0.339
0.255 0.34
0.256 0.34
0.257 0.34
0.258 0.34
0.259 0.34
0.26 0.34
0.261 0.34
0.261 0.341
0.261 0.342
0.261 0.343
0.261 0.344
0.261 0.345
0.261 0.346
0.261 0.347
0.261 0.348
0.261 0.349
0.261 0.35
0.26 0.35
0.259 0.35
0.258 0.35
0.257 0.35
0.256 0.35
0.255 0.35
0.254 0.35
0.253 0.35
0.252 0.35
0.251 0.35
0.25 0.35
0.25 0.351
0.25 0.352
0.25 0.353
0.251 0.353
0.252 0.353
0.253 0.353
0.254 0.353
0.255 0.353
0.255 0.354
0.255 0.355
0.255 0.356
0.255 0.357
0.255 0.358
0.255 0.359
0.255 0.36
0.255 0.361
0.255 0.362
0.255 0.363
0.255 0.364
0.254 0.364
0.253 0.364
0.253 0.365
0.253 0.366
0.252 0.366
0.251 0.366
0.25 0.366
0.249 0.366
0.248 0.366
0.247 0.366
0.246 0.366
0.245 0.366
0.244 0.366
0.244 0.365
0.244 0.364
0.243 0.364
0.242 0.364
0.241 0.364
0.24 0.364
0.239 0.364
0.238 0.364
0.237 0.364
0.236 0.364
0.236 0.363
0.236 0.362
0.236 0.361
0.236 0.36
0.236 0.359
0.236 0.358
0.236 0.357
0.236 0.356
0.235 0.356
0.235 0.355
0.235 0.354
0.235 0.353
0.235 0.352
0.235 0.351
0.235 0.35
0.235 0.349
0.235 0.348
0.235 0.347
0.235 0.346
0.235 0.345
0.236 0.345
0.236 0.344
0.236 0.343
0.236 0.342
0.236 0.341
0.236 0.34
0.236 0.339
0.236 0.338
0.236 0.337
0.236 0.336
0.236 0.335
0.236 0.334
0.236 0.333
0.235 0.333
0.234 0.333
0.233 0.333
0.232 0.333
0.231 0.333
0.23 0.333
0.229 0.333
0.228 0.333
0.227 0.333
0.226 0.333
0.225 0.333
0.224 0.333
0.223 0.333
0.223 0.334
0.223 0.335
0.223 0.336
0.223 0.337
0.223 0.338
0.223 0.339
0.223 0.34
0.223 0.341
0.223 0.342
0.223 0.343
0.223 0.344
0.223 0.345
0.223 0.346
0.223 0.347
0.223 0.348
0.223 0.349
0.223 0.35
0.223 0.351
0.223 0.352
0.223 0.353
0.223 0.354
0.223 0.355
0.223 0.356
0.223 0.357
0.223 0.358
0.223 0.359
0.223 0.36
0.223 0.361
0.223 0.362
0.223 0.363
0.224 0.363
0.225 0.363
0.226 0.363
0.226 0.364
0.226 0.365
0.226 0.366
0.226 0.367
0.225 0.367
0.224 0.367
0.223 0.367
0.222 0.367
0.221 0.367
0.22 0.367
0.219 0.367
0.218 0.367
0.217 0.367
0.216 0.367
0.215 0.367
0.215 0.368
0.215 0.369
0.215 0.37
0.215 0.371
0.215 0.372
0.215 0.373
0.215 0.374
0.215 0.375
0.215 0.376
0.215 0.377
0.215 0.378
0.215 0.379
0.215 0.38
0.215 0.381
0.215 0.382
0.215 0.383
0.215 0.384
0.215 0.385
0.215 0.386
0.215 0.387
0.216 0.387
0.217 0.387
0.218 0.387
0.219 0.387
0.22 0.387
0.221 0.387
0.222 0.387
0.223 0.387
0.224 0.387
0.225 0.387
0.226 0.387
0.226 0.388
0.226 0.389
0.226 0.39
0.226 0.391
0.226 0.392
0.226 0.393
0.227 0.393
0.228 0.393
0.229 0.393
0.23 0.393
0.231 0.393
0.232 0.393
0.233 0.393
0.234 0.393
0.235 0.393
0.236 0.393
0.237 0.393
0.237 0.394
0.237 0.395
0.237 0.396
0.237 0.397
0.237 0.398
0.237 0.399
0.237 0.4
0.237 0.401
0.237 0.402
0.237 0.403
0.237 0.404
0.237 0.405
0.237 0.406
0.237 0.407
0.238 0.407
0.239 0.407
0.24 0.407
0.241 0.407
0.242 0.407
0.243 0.407
0.244 0.407
0.245 0.407
0.246 0.407
0.247 0.407
0.248 0.407
0.248 0.408
0.248 0.409
0.248 0.41
0.248 0.411
0.248 0.412
0.248 0.413
0.248 0.414
0.248 0.415
0.248 0.416
0.248 0.417
0.248 0.418
0.248 0.419
0.247 0.419
0.246 0.419
0.245 0.419
0.244 0.419
0.243 0.419
0.242 0.419
0.242 0.42
0.242 0.421
0.242 0.422
0.243 0.422
0.244 0.422
0.245 0.422
0.246 0.422
0.247 0.422
0.248 0.422
0.249 0.422
0.25 0.422
0.251 0.422
0.251 0.423
0.251 0.424
0.251 0.425
0.251 0.426
0.251 0.427
0.251 0.428
0.251 0.429
0.251 0.43
0.251 0.431
0.251 0.432
0.251 0.433
0.252 0.433
0.253 0.433
0.254 0.433
0.255 0.433
0.256 0.433
0.257 0.433
0.258 0.433
0.258 0.432
0.258 0.431
0.258 0.43
0.258 0.429
0.258 0.428
0.258 0.427
0.258 0.426
0.258 0.425
0.258 0.424
0.258 0.423
0.259 0.423
0.26 0.423
0.261 0.423
0.262 0.423
0.263 0.423
0.264 0.423
0.265 0.423
0.266 0.423
0.267 0.423
0.268 0.423
0.269 0.423
0.27 0.423
0.271 0.423
0.272 0.423
0.273 0.423
0.274 0.423
0.275 0.423
0.276 0.423
0.277 0.423
0.277 0.424
0.277 0.425
0.277 0.426
0.277 0.427
0.277 0.428
0.277 0.429
0.277 0.43
0.277 0.431
0.277 0.432
0.277 0.433
0.277 0.434
0.277 0.435
0.277 0.436
0.277 0.437
0.277 0.438
0.276 0.438
0.275 0.438
0.274 0.438
0.273 0.438
0.272 0.438
0.271 0.438
0.27 0.438
0.27 0.439
0.27 0.44
0.27 0.441
0.27 0.442
0.27 0.443
0.27 0.444
0.27 0.445
0.27 0.446
0.27 0.447
0.27 0.448
0.27 0.449
0.271 0.449
0.272 0.449
0.273 0.449
0.274 0.449
0.275 0.449
0.276 0.449
0.277 0.449
0.278 0.449
0.279 0.449
0.279 0.45
0.279 0.451
0.279 0.452
0.279 0.453
0.279 0.454
0.279 0.455
0.279 0.456
0.279 0.457
0.279 0.458
0.279 0.459
0.279 0.46
0.279 0.461
0.279 0.462
0.279 0.463
0.279 0.464
0.279 0.465
0.279 0.466
0.279 0.467
0.279 0.468
0.279 0.469
0.279 0.47
0.279 0.471
0.28 0.471
0.281 0.471
0.28 0.471
0.279 0.471
0.278 0.471
0.277 0.471
0.276 0.471
0.276 0.472
0.276 0.473
0.276 0.474
0.276 0.475
0.275 0.475
0.274 0.475
0.274 0.476
0.274 0.477
0.274 0.478
0.274 0.479
0.274 0.48
0.275 0.48
0.276 0.48
0.277 0.48
0.278 0.48
0.279 0.48
0.28 0.48
0.281 0.48
0.282 0.48
0.283 0.48
0.284 0.48
0.285 0.48
0.286 0.48
0.287 0.48
0.288 0.48
0.289 0.48
0.29 0.48
0.291 0.48
0.292 0.48
0.293 0.48
0.294 0.48
0.295 0.48
0.296 0.48
0.296 0.481
0.297 0.481
0.298 0.481
0.299 0.481
0.3 0.481
0.301 0.481
0.302 0.481
0.303 0.481
0.304 0.481
0.304 0.48
0.304 0.479
0.304 0.478
0.304 0.477
0.304 0.476
0.304 0.475
0.304 0.474
0.304 0.473
0.305 0.473
0.306 0.473
0.305 0.473
0.304 0.473
0.303 0.473
0.302 0.473
0.301 0.473
0.301 0.474
0.301 0.475
0.301 0.476
0.301 0.477
0.301 0.478
0.301 0.479
0.301 0.48
0.301 0.481
0.301 0.482
0.301 0.483
0.301 0.484
0.301 0.485
0.301 0.486
0.301 0.487
0.301 0.488
0.301 0.489
0.301 0.49
0.301 0.491
0.302 0.491
0.303 0.491
0.303 0.492
0.303 0.493
0.303 0.494
0.303 0.495
0.303 0.496
0.303 0.497
0.303 0.498
0.303 0.499
0.303 0.5
0.303 0.501
0.304 0.501
0.305 0.501
0.306 0.501
0.307 0.501
0.308 0.501
0.309 0.501
0.31 0.501
0.311 0.501
0.312 0.501
0.313 0.501
0.314 0.501
0.315 0.501
0.316 0.501
0.316 0.502
0.316 0.503
0.316 0.504
0.317 0.504
0.318 0.504
0.319 0.504
0.32 0.504
0.321 0.504
0.322 0.504
0.323 0.504
0.324 0.504
0.324 0.505
0.324 0.506
0.324 0.507
0.324 0.508
0.324 0.509
0.324 0.51
0.324 0.511
0.324 0.512
0.324 0.513
0.323 0.513
0.322 0.513
0.322 0.514
0.322 0.515
0.322 0.516
0.322 0.517
0.322 0.518
0.322 0.519
0.322 0.52
0.322 0.521
0.322 0.522
0.322 0.523
0.322 0.524
0.322 0.525
0.322 0.526
0.323 0.526
0.324 0.526
0.325 0.526
0.326 0.526
0.327 0.526
0.328 0.526
0.329 0.526
0.33 0.526
0.331 0.526
0.332 0.526
0.333 0.526
0.334 0.526
0.335 0.526
0.335 0.525
0.335 0.524
0.335 0.523
0.336 0.523
0.337 0.523
0.338 0.523
0.338 0.522
0.338 0.521
0.338 0.52
0.339 0.52
0.34 0.52
0.341 0.52
0.342 0.52
0.343 0.52
0.344 0.52
0.344 0.519
0.344 0.518
0.344 0.517
0.344 0.516
0.344 0.515
0.344 0.514
0.344 0.513
0.344 0.512
0.344 0.511
0.344 0.51
0.344 0.509
0.344 0.508
0.344 0.507
0.344 0.506
0.345 0.506
0.346 0.506
0.347 0.506
0.348 0.506
0.349 0.506
0.35 0.506
0.351 0.506
0.352 0.506
0.353 0.506
0.354 0.506
0.355 0.506
0.356 0.506
0.357 0.506
0.357 0.505
0.357 0.504
0.357 0.503
0.357 0.502
0.357 0.501
0.357 0.5
0.358 0.5
0.359 0.5
0.36 0.5
0.361 0.5
0.362 0.5
0.363 0.5
0.364 0.5
0.365 0.5
0.366 0.5
0.367 0.5
0.367 0.501
0.367 0.502
0.367 0.503
0.367 0.504
0.367 0.505
0.366 0.505
0.366 0.504
0.366 0.503
0.366 0.502
0.366 0.501
0.366 0.5
0.366 0.499
0.366 0.498
0.366 0.497
0.366 0.496
0.366 0.495
0.366 0.494
0.366 0.493
0.366 0.492
0.367 0.492
0.368 0.492
0.369 0.492
0.37 0.492
0.37 0.491
0.37 0.49
0.37 0.489
0.37 0.488
0.37 0.487
0.371 0.487
0.372 0.487
0.373 0.487
0.374 0.487
0.375 0.487
0.376 0.487
0.377 0.487
0.377 0.486
0.377 0.485
0.377 0.484
0.377 0.483
0.378 0.483
0.379 0.483
0.38 0.483
0.381 0.483
0.382 0.483
0.383 0.483
0.384 0.483
0.385 0.483
0.385 0.484
0.385 0.485
0.385 0.486
0.385 0.487
0.385 0.488
0.385 0.489
0.385 0.49
0.385 0.491
0.386 0.491
0.387 0.491
0.387 0.492
0.387 0.493
0.387 0.494
0.387 0.495
0.387 0.496
0.387 0.497
0.387 0.498
0.387 0.499
0.387 0.5
0.387 0.501
0.387 0.502
0.387 0.503
0.387 0.504
0.387 0.505
0.387 0.506
0.387 0.507
0.388 0.507
0.389 0.507
0.39 0.507
0.39 0.508
0.39 0.509
0.39 0.51
0.39 0.511
0.391 0.511
0.392 0.511
0.393 0.511
0.393 0.51
0.393 0.509
0.393 0.508
0.394 0.508
0.395 0.508
0.396 0.508
0.397 0.508
0.397 0.509
0.397 0.51
0.397 0.511
0.397 0.512
0.397 0.513
0.397 0.514
0.397 0.515
0.397 0.516
0.398 0.516
0.399 0.516
0.4 0.516
0.401 0.516
0.401 0.517
0.401 0.518
0.401 0.519
0.4 0.519
0.399 0.519
0.398 0.519
0.397 0.519
0.396 0.519
0.395 0.519
0.394 0.519
0.394 0.52
0.394 0.521
0.394 0.522
0.394 0.523
0.393 0.523
0.392 0.523
0.391 0.523
0.39 0.523
0.39 0.522
0.391 0.522
0.392 0.522
0.393 0.522
0.394 0.522
0.395 0.522
0.396 0.522
0.397 0.522
0.398 0.522
0.398 0.523
0.398 0.524
0.398 0.525
0.398 0.526
0.398 0.527
0.398 0.528
0.399 0.528
0.4 0.528
0.401 0.528
0.402 0.528
0.403 0.528
0.404 0.528
0.405 0.528
0.405 0.527
0.405 0.526
0.405 0.525
0.405 0.524
0.405 0.523
0.405 0.522
0.405 0.521
0.405 0.52
0.405 0.519
0.405 0.518
0.405 0.517
0.405 0.516
0.405 0.515
0.405 0.514
0.405 0.513
0.405 0.512
0.405 0.511
0.405 0.51
0.405 0.509
0.405 0.508
0.405 0.507
0.405 0.506
0.405 0.505
0.406 0.505
0.407 0.505
0.408 0.505
0.409 0.505
0.41 0.505
0.411 0.505
0.412 0.505
0.413 0.505
0.414 0.505
0.415 0.505
0.416 0.505
0.417 0.505
0.418 0.505
0.419 0.505
0.42 0.505
0.421 0.505
0.421 0.506
0.421 0.507
0.421 0.508
0.421 0.509
0.421 0.51
0.421 0.511
0.422 0.511
0.423 0.511
0.424 0.511
0.425 0.511
0.426 0.511
0.427 0.511
0.428 0.511
0.429 0.511
0.43 0.511
0.431 0.511
0.432 0.511
0.432 0.512
0.432 0.513
0.432 0.514
0.432 0.515
0.432 0.516
0.431 0.516
0.43 0.516
0.429 0.516
0.428 0.516
0.428 0.517
0.428 0.518
0.428 0.519
0.428 0.52
0.428 0.521
0.428 0.522
0.429 0.522
0.43 0.522
0.431 0.522
0.432 0.522
0.433 0.522
0.434 0.522
0.435 0.522
0.436 0.522
0.437 0.522
0.438 0.522
0.439 0.522
0.44 0.522
0.441 0.522
0.442 0.522
0.443 0.522
0.444 0.522
0.445 0.522
0.446 0.522
0.447 0.522
0.448 0.522
0.448 0.523
0.448 0.524
0.448 0.525
0.448 0.526
0.447 0.526
0.446 0.526
0.446 0.525
0.446 0.524
0.446 0.523
0.446 0.522
0.446 0.521
0.446 0.52
0.446 0.519
0.446 0.518
0.446 0.517
0.446 0.516
0.446 0.515
0.446 0.514
0.446 0.513
0.446 0.512
0.446 0.511
0.446 0.51
0.446 0.509
0.446 0.508
0.446 0.507
0.446 0.506
0.446 0.505
0.446 0.504
0.446 0.503
0.446 0.502
0.446 0.501
0.446 0.5
0.446 0.499
0.445 0.499
0.444 0.499
0.443 0.499
0.442 0.499
0.441 0.499
0.441 0.498
0.441 0.497
0.441 0.496
0.441 0.495
0.441 0.494
0.44 0.494
0.439 0.494
0.438 0.494
0.437 0.494
0.437 0.493
0.437 0.492
0.437 0.491
0.437 0.49
0.437 0.489
0.437 0.488
0.436 0.488
0.435 0.488
0.434 0.488
0.434 0.487
0.434 0.486
0.434 0.485
0.434 0.484
0.434 0.483
0.435 0.483
0.436 0.483
0.437 0.483
0.438 0.483
0.439 0.483
0.44 0.483
0.441 0.483
0.442 0.483
0.443 0.483
0.444 0.483
0.445 0.483
0.446 0.483
0.447 0.483
0.448 0.483
0.449 0.483
0.45 0.483
0.451 0.483
0.452 0.483
0.453 0.483
0.454 0.483
0.455 0.483
0.455 0.484
0.455 0.485
0.455 0.486
0.455 0.487
0.455 0.488
0.455 0.489
0.455 0.49
0.455 0.491
0.455 0.492
0.455 0.493
0.455 0.494
0.455 0.495
0.455 0.496
0.455 0.497
0.455 0.498
0.455 0.499
0.456 0.499
0.457 0.499
0.458 0.499
0.459 0.499
0.46 0.499
0.461 0.499
0.462 0.499
0.463 0.499
0.463 0.498
0.463 0.497
0.463 0.496
0.463 0.495
0.463 0.494
0.463 0.493
0.463 0.492
0.464 0.492
0.465 0.492
0.466 0.492
0.467 0.492
0.468 0.492
0.469 0.492
0.47 0.492
0.471 0.492
0.472 0.492
0.473 0.492
0.474 0.492
0.475 0.492
0.476 0.492
0.477 0.492
0.478 0.492
0.479 0.492
0.48 0.492
0.481 0.492
0.482 0.492
0.483 0.492
0.483 0.493
0.483 0.494
0.484 0.494
0.485 0.494
0.486 0.494
0.486 0.495
0.486 0.496
0.486 0.497
0.486 0.498
0.487 0.498
0.487 0.497
0.487 0.496
0.487 0.495
0.487 0.494
0.487 0.493
0.487 0.492
0.487 0.491
0.487 0.49
0.488 0.49
0.489 0.49
0.49 0.49
0.491 0.49
0.492 0.49
0.492 0.489
0.492 0.488
0.492 0.487
0.492 0.486
0.492 0.485
0.492 0.484
0.492 0.483
0.492 0.482
0.492 0.481
0.492 0.48
0.492 0.479
0.492 0.478
0.491 0.478
0.49 0.478
0.489 0.478
0.488 0.478
0.487 0.478
0.486 0.478
0.485 0.478
0.484 0.478
0.483 0.478
0.482 0.478
0.481 0.478
0.481 0.477
0.481 0.476
0.481 0.475
0.481 0.474
0.481 0.473
0.482 0.473
0.483 0.473
0.484 0.473
0.485 0.473
0.486 0.473
0.487 0.473
0.488 0.473
0.489 0.473
0.49 0.473
0.491 0.473
0.492 0.473
0.493 0.473
0.494 0.473
0.495 0.473
0.496 0.473
0.497 0.473
0.498 0.473
0.499 0.473
0.5 0.473
0.501 0.473
0.502 0.473
0.503 0.473
0.504 0.473
0.505 0.473
0.506 0.473
0.507 0.473
0.508 0.473
0.509 0.473
0.51 0.473
0.511 0.473
0.512 0.473
0.513 0.473
0.514 0.473
0.515 0.473
0.516 0.473
0.517 0.473
0.518 0.473
0.519 0.473
0.52 0.473
0.52 0.474
0.52 0.475
0.52 0.476
0.52 0.477
0.52 0.478
0.52 0.479
0.52 0.48
0.52 0.481
0.52 0.482
0.52 0.483
0.52 0.484
0.52 0.485
0.52 0.486
0.52 0.487
0.52 0.488
0.52 0.489
0.52 0.49
0.521 0.49
0.522 0.49
0.523 0.49
0.524 0.49
0.524 0.491
0.524 0.492
0.524 0.493
0.524 0.494
0.524 0.495
0.524 0.496
0.524 0.497
0.524 0.498
0.524 0.499
0.524 0.5
0.524 0.501
0.524 0.502
0.525 0.502
0.526 0.502
0.527 0.502
0.528 0.502
0.529 0.502
0.53 0.502
0.531 0.502
0.532 0.502
0.532 0.503
0.532 0.504
0.532 0.505
0.532 0.506
0.532 0.507
0.532 0.508
0.533 0.508
0.534 0.508
0.535 0.508
0.536 0.508
0.537 0.508
0.538 0.508
0.539 0.508
0.539 0.509
0.539 0.51
0.539 0.511
0.539 0.512
0.539 0.513
0.539 0.514
0.539 0.515
0.539 0.516
0.539 0.517
0.539 0.518
0.539 0.519
0.539 0.52
0.539 0.521
0.539 0.522
0.539 0.523
0.539 0.524
0.539 0.525
0.539 0.526
0.539 0.527
0.538 0.527
0.537 0.527
0.536 0.527
0.535 0.527
0.534 0.527
0.533 0.527
0.532 0.527
0.532 0.528
0.531 0.528
0.53 0.528
0.53 0.529
0.53 0.53
0.53 0.531
0.53 0.532
0.53 0.533
0.53 0.534
0.53 0.535
0.53 0.536
0.53 0.537
0.53 0.538
0.53 0.539
0.53 0.54
0.529 0.54
0.528 0.54
0.527 0.54
0.526 0.54
0.526 0.541
0.526 0.542
0.526 0.543
0.526 0.544
0.526 0.545
0.525 0.545
0.524 0.545
0.523 0.545
0.522 0.545
0.521 0.545
0.521 0.544
0.521 0.543
0.521 0.542
0.521 0.541
0.521 0.54
0.521 0.539
0.521 0.538
0.521 0.537
0.521 0.536
0.521 0.535
0.521 0.534
0.521 0.533
0.521 0.532
0.521 0.531
0.521 0.53
0.521 0.529
0.52 0.529
0.519 0.529
0.518 0.529
0.518 0.528
0.518 0.527
0.517 0.527
0.516 0.527
0.517 0.527
0.518 0.527
0.519 0.527
0.52 0.527
0.521 0.527
0.522 0.527
0.523 0.527
0.524 0.527
0.525 0.527
0.526 0.527
0.527 0.527
0.528 0.527
0.529 0.527
0.53 0.527
0.531 0.527
0.532 0.527
0.533 0.527
0.534 0.527
0.535 0.527
0.536 0.527
0.537 0.527
0.537 0.528
0.537 0.529
0.537 0.53
0.537 0.531
0.537 0.532
0.537 0.533
0.537 0.534
0.537 0.535
0.537 0.536
0.537 0.537
0.537 0.538
0.537 0.539
0.537 0.54
0.537 0.541
0.537 0.542
0.537 0.543
0.537 0.544
0.537 0.545
0.537 0.546
0.537 0.547
0.538 0.547
0.538 0.548
0.539 0.548
0.54 0.548
0.541 0.548
0.542 0.548
0.542 0.549
0.542 0.55
0.542 0.551
0.542 0.552
0.542 0.553
0.543 0.553
0.544 0.553
0.544 0.552
0.544 0.551
0.543 0.551
0.542 0.551
0.541 0.551
0.54 0.551
0.539 0.551
0.538 0.551
0.537 0.551
0.536 0.551
0.535 0.551
0.534 0.551
0.534 0.552
0.534 0.553
0.533 0.553
0.532 0.553
0.532 0.554
0.532 0.555
0.532 0.556
0.532 0.557
0.532 0.558
0.532 0.559
0.532 0.56
0.532 0.561
0.532 0.562
0.532 0.563
0.532 0.564
0.532 0.565
0.533 0.565
0.534 0.565
0.534 0.566
0.534 0.567
0.534 0.568
0.533 0.568
0.532 0.568
0.531 0.568
0.53 0.568
0.529 0.568
0.529 0.569
0.529 0.57
0.529 0.571
0.529 0.572
0.529 0.573
0.529 0.574
0.529 0.575
0.529 0.576
0.529 0.577
0.529 0.578
0.528 0.578
0.527 0.578
0.526 0.578
0.527 0.578
0.528 0.578
0.529 0.578
0.53 0.578
0.531 0.578
0.532 0.578
0.533 0.578
0.534 0.578
0.535 0.578
0.536 0.578
0.537 0.578
0.538 0.578
0.539 0.578
0.54 0.578
0.541 0.578
0.542 0.578
0.543 0.578
0.544 0.578
0.545 0.578
0.546 0.578
0.547 0.578
0.548 0.578
0.549 0.578
0.549 0.579
0.549 0.58
0.549 0.581
0.55 0.581
0.551 0.581
0.552 0.581
0.553 0.581
0.554 0.581
0.554 0.58
0.554 0.579
0.553 0.579
0.552 0.579
0.551 0.579
0.551 0.578
0.551 0.577
0.551 0.576
0.551 0.575
0.551 0.574
0.551 0.573
0.551 0.572
0.551 0.571
0.551 0.57
0.551 0.569
0.551 0.568
0.552 0.568
0.553 0.568
0.554 0.568
0.555 0.568
0.556 0.568
0.557 0.568
0.558 0.568
0.559 0.568
0.56 0.568
0.561 0.568
0.562 0.568
0.563 0.568
0.564 0.568
0.565 0.568
0.566 0.568
0.567 0.568
0.568 0.568
0.569 0.568
0.57 0.568
0.571 0.568
0.571 0.567
0.571 0.566
0.572 0.566
0.573 0.566
0.574 0.566
0.575 0.566
0.576 0.566
0.577 0.566
0.577 0.567
0.577 0.568
0.577 0.569
0.577 0.57
0.577 0.571
0.577 0.572
0.576 0.572
0.575 0.572
0.575 0.573
0.575 0.574
0.575 0.575
0.575 0.576
0.575 0.577
0.574 0.577
0.573 0.577
0.573 0.578
0.573 0.579
0.573 0.58
0.572 0.58
0.573 0.58
0.574 0.58
0.575 0.58
0.575 0.581
0.575 0.582
0.575 0.583
0.575 0.584
0.575 0.585
0.575 0.586
0.575 0.587
0.575 0.588
0.575 0.589
0.575 0.59
0.575 0.591
0.575 0.592
0.575 0.593
0.575 0.594
0.575 0.595
0.575 0.596
0.575 0.597
0.575 0.598
0.575 0.599
0.575 0.6
0.575 0.601
0.574 0.601
0.573 0.601
0.572 0.601
0.571 0.601
0.57 0.601
0.569 0.601
0.568 0.601
0.568 0.602
0.568 0.603
0.568 0.604
0.568 0.605
0.568 0.606
0.568 0.607
0.568 0.608
0.568 0.609
0.568 0.61
0.568 0.611
0.568 0.612
0.568 0.613
0.569 0.613
0.569 0.614
0.569 0.615
0.569 0.616
0.569 0.617
0.569 0.618
0.569 0.619
0.569 0.62
0.569 0.621
0.569 0.622
0.57 0.622
0.571 0.622
0.572 0.622
0.573 0.622
0.574 0.622
0.575 0.622
0.575 0.621
0.575 0.62
0.574 0.62
0.573 0.62
0.572 0.62
0.571 0.62
0.57 0.62
0.57 0.621
0.57 0.622
0.57 0.623
0.57 0.624
0.57 0.625
0.57 0.626
0.57 0.627
0.57 0.628
0.57 0.629
0.57 0.63
0.57 0.631
0.569 0.631
0.568 0.631
0.567 0.631
0.566 0.631
0.566 0.632
0.565 0.632
0.564 0.632
0.563 0.632
0.562 0.632
0.561 0.632
0.56 0.632
0.559 0.632
0.558 0.632
0.557 0.632
0.556 0.632
0.555 0.632
0.554 0.632
0.554 0.631
0.554 0.63
0.554 0.629
0.554 0.628
0.554 0.627
0.554 0.626
0.554 0.625
0.554 0.624
0.554 0.623
0.554 0.622
0.554 0.621
0.554 0.62
0.553 0.62
0.552 0.62
0.552 0.621
0.553 0.621
0.554 0.621
0.555 0.621
0.556 0.621
0.557 0.621
0.557 0.62
0.557 0.619
0.557 0.618
0.557 0.617
0.557 0.616
0.557 0.615
0.557 0.614
0.557 0.613
0.557 0.612
0.556 0.612
0.555 0.612
0.555 0.611
0.555 0.61
0.555 0.609
0.555 0.608
0.555 0.607
0.555 0.606
0.555 0.605
0.556 0.605
0.556 0.604
0.556 0.603
0.556 0.602
0.556 0.601
0.555 0.601
0.554 0.601
0.553 0.601
0.552 0.601
0.551 0.601
0.55 0.601
0.549 0.601
0.549 0.6
0.549 0.599
0.549 0.598
0.549 0.597
0.549 0.596
0.549 0.595
0.549 0.594
0.549 0.593
0.548 0.593
0.547 0.593
0.546 0.593
0.545 0.593
0.544 0.593
0.543 0.593
0.542 0.593
0.542 0.594
0.542 0.595
0.542 0.596
0.541 0.596
0.54 0.596
0.539 0.596
0.538 0.596
0.538 0.597
0.538 0.598
0.538 0.599
0.538 0.6
0.538 0.601
0.538 0.602
0.538 0.603
0.538 0.604
0.538 0.605
0.538 0.606
0.538 0.607
0.538 0.608
0.537 0.608
0.536 0.608
0.535 0.608
0.534 0.608
0.533 0.608
0.532 0.608
0.531 0.608
0.531 0.607
0.531 0.606
0.53 0.606
0.529 0.606
0.528 0.606
0.527 0.606
0.527 0.605
0.527 0.604
0.527 0.603
0.526 0.603
0.526 0.604
0.526 0.605
0.525 0.605
0.525 0.604
0.525 0.603
0.525 0.602
0.525 0.601
0.525 0.6
0.526 0.6
0.527 0.6
0.527 0.601
0.527 0.602
0.527 0.603
0.527 0.604
0.527 0.605
0.527 0.606
0.527 0.607
0.527 0.608
0.527 0.609
0.527 0.61
0.527 0.611
0.527 0.612
0.527 0.613
0.527 0.614
0.527 0.615
0.527 0.616
0.527 0.617
0.527 0.618
0.527 0.619
0.527 0.62
0.527 0.621
0.527 0.622
0.527 0.623
0.527 0.624
0.527 0.625
0.527 0.626
0.527 0.627
0.527 0.628
0.527 0.629
0.527 0.63
0.526 0.63
0.525 0.63
0.525 0.631
0.525 0.632
0.525 0.633
0.525 0.634
0.525 0.635
0.525 0.636
0.525 0.637
0.525 0.638
0.525 0.639
0.525 0.64
0.526 0.64
0.527 0.64
0.528 0.64
0.529 0.64
0.53 0.64
0.531 0.64
0.532 0.64
0.533 0.64
0.533 0.641
0.533 0.642
0.533 0.643
0.534 0.643
0.535 0.643
0.536 0.643
0.537 0.643
0.538 0.643
0.539 0.643
0.54 0.643
0.541 0.643
0.542 0.643
0.542 0.642
0.542 0.641
0.542 0.64
0.542 0.639
0.543 0.639
0.544 0.639
0.545 0.639
0.546 0.639
0.546 0.638
0.546 0.637
0.546 0.636
0.546 0.635
0.546 0.634
0.546 0.633
0.546 0.632
0.546 0.631
0.546 0.63
0.547 0.63
0.548 0.63
0.549 0.63
0.55 0.63
0.551 0.63
0.552 0.63
0.552 0.631
0.552 0.632
0.552 0.633
0.552 0.634
0.552 0.635
0.552 0.636
0.552 0.637
0.552 0.638
0.552 0.639
0.552 0.64
0.552 0.641
0.552 0.642
0.552 0.643
0.552 0.644
0.552 0.645
0.552 0.646
0.552 0.647
0.552 0.648
0.552 0.649
0.553 0.649
0.554 0.649
0.555 0.649
0.556 0.649
0.557 0.649
0.558 0.649
0.558 0.65
0.558 0.651
0.558 0.652
0.558 0.653
0.558 0.654
0.558 0.655
0.558 0.656
0.558 0.657
0.558 0.658
0.558 0.659
0.558 0.66
0.558 0.661
0.558 0.662
0.558 0.663
0.558 0.664
0.558 0.665
0.558 0.666
0.558 0.667
0.558 0.668
0.558 0.669
0.558 0.67
0.558 0.671
0.559 0.671
0.56 0.671
0.561 0.671
0.562 0.671
0.563 0.671
0.563 0.672
0.563 0.673
0.563 0.674
0.563 0.675
0.563 0.676
0.563 0.677
0.563 0.678
0.562 0.678
0.561 0.678
0.56 0.678
0.559 0.678
0.558 0.678
0.557 0.678
0.556 0.678
0.555 0.678
0.554 0.678
0.553 0.678
0.552 0.678
0.551 0.678
0.551 0.679
0.551 0.68
0.55 0.68
0.55 0.679
0.55 0.678
0.551 0.678
0.551 0.679
0.551 0.68
0.551 0.681
0.551 0.682
0.551 0.683
0.551 0.684
0.55 0.684
0.549 0.684
0.549 0.683
0.549 0.682
0.549 0.681
0.549 0.68
0.549 0.679
0.549 0.678
0.549 0.677
0.549 0.676
0.549 0.675
0.549 0.674
0.549 0.673
0.549 0.672
0.549 0.671
0.548 0.671
0.547 0.671
0.546 0.671
0.545 0.671
0.544 0.671
0.543 0.671
0.542 0.671
0.541 0.671
0.54 0.671
0.539 0.671
0.538 0.671
0.537 0.671
0.536 0.671
0.535 0.671
0.534 0.671
0.533 0.671
0.532 0.671
0.531 0.671
0.53 0.671
0.529 0.671
0.528 0.671
0.527 0.671
0.527 0.67
0.527 0.669
0.527 0.668
0.527 0.667
0.526 0.667
0.525 0.667
0.524 0.667
0.523 0.667
0.522 0.667
0.522 0.668
0.523 0.668
0.524 0.668
0.524 0.669
0.524 0.67
0.524 0.671
0.524 0.672
0.524 0.673
0.524 0.674
0.524 0.675
0.524 0.674
0.524 0.673
0.524 0.672
0.524 0.671
0.524 0.67
0.524 0.669
0.524 0.668
0.524 0.667
0.524 0.666
0.524 0.665
0.524 0.664
0.524 0.663
0.524 0.662
0.524 0.661
0.524 0.66
0.524 0.659
0.524 0.658
0.524 0.657
0.525 0.657
0.526 0.657
0.527 0.657
0.528 0.657
0.529 0.657
0.53 0.657
0.53 0.656
0.53 0.655
0.53 0.654
0.53 0.653
0.531 0.653
0.532 0.653
0.533 0.653
0.534 0.653
0.535 0.653
0.536 0.653
0.537 0.653
0.538 0.653
0.539 0.653
0.54 0.653
0.541 0.653
0.542 0.653
0.543 0.653
0.544 0.653
0.545 0.653
0.546 0.653
0.547 0.653
0.548 0.653
0.549 0.653
0.549 0.654
0.549 0.655
0.549 0.656
0.549 0.657
0.549 0.658
0.549 0.659
0.549 0.66
0.549 0.661
0.549 0.662
0.549 0.663
0.549 0.664
0.549 0.665
0.549 0.666
0.549 0.667
0.549 0.668
0.549 0.669
0.549 0.67
0.549 0.671
0.549 0.672
0.549 0.673
0.549 0.674
0.549 0.675
0.549 0.676
0.549 0.677
0.549 0.678
0.549 0.679
0.549 0.68
0.549 0.681
0.549 0.682
0.549 0.683
0.549 0.684
0.549 0.685
0.549 0.686
0.549 0.687
0.549 0.688
0.549 0.689
0.549 0.69
0.549 0.691
0.549 0.692
0.549 0.693
0.549 0.694
0.549 0.695
0.549 0.696
0.549 0.697
0.549 0.698
0.549 0.699
0.55 0.699
0.551 0.699
0.552 0.699
0.552 0.7
0.552 0.701
0.552 0.702
0.552 0.703
0.552 0.704
0.552 0.705
0.552 0.706
0.552 0.707
0.552 0.708
0.552 0.709
0.552 0.71
0.552 0.711
0.551 0.711
0.55 0.711
0.55 0.712
0.55 0.713
0.55 0.714
0.55 0.715
0.551 0.715
0.552 0.715
0.553 0.715
0.553 0.716
0.553 0.717
0.553 0.718
0.553 0.719
0.553 0.72
0.553 0.721
0.553 0.722
0.553 0.723
0.553 0.724
0.553 0.725
0.554 0.725
0.555 0.725
0.556 0.725
0.557 0.725
0.558 0.725
0.559 0.725
0.56 0.725
0.561 0.725
0.562 0.725
0.563 0.725
0.564 0.725
0.564 0.724
0.564 0.723
0.564 0.722
0.564 0.721
0.564 0.72
0.564 0.719
0.564 0.718
0.565 0.718
0.565 0.717
0.565 0.716
0.565 0.715
0.565 0.714
0.566 0.714
0.567 0.714
0.567 0.713
0.567 0.712
0.567 0.711
0.567 0.71
0.567 0.709
0.567 0.708
0.567 0.707
0.567 0.706
0.567 0.705
0.567 0.704
0.568 0.704
0.569 0.704
0.57 0.704
0.571 0.704
0.572 0.704
0.572 0.703
0.573 0.703
0.574 0.703
0.575 0.703
0.575 0.704
0.575 0.705
0.575 0.706
0.575 0.707
0.575 0.708
0.575 0.709
0.574 0.709
0.573 0.709
0.572 0.709
0.571 0.709
0.57 0.709
0.569 0.709
0.568 0.709
0.567 0.709
0.566 0.709
0.565 0.709
0.565 0.708
0.565 0.707
0.565 0.706
0.565 0.705
0.565 0.704
0.565 0.703
0.565 0.702
0.565 0.701
0.565 0.7
0.565 0.699
0.565 0.698
0.565 0.697
0.564 0.697
0.563 0.697
0.562 0.697
0.561 0.697
0.56 0.697
0.559 0.697
0.558 0.697
0.557 0.697
0.556 0.697
0.555 0.697
0.554 0.697
0.553 0.697
0.552 0.697
0.551 0.697
0.55 0.697
0.549 0.697
0.548 0.697
0.547 0.697
0.546 0.697
0.545 0.697
0.544 0.697
0.543 0.697
0.542 0.697
0.541 0.697
0.54 0.697
0.539 0.697
0.538 0.697
0.537 0.697
0.536 0.697
0.535 0.697
0.535 0.698
0.535 0.699
0.535 0.7
0.535 0.701
0.535 0.702
0.535 0.703
0.535 0.704
0.535 0.705
0.535 0.706
0.535 0.707
0.535 0.708
0.535 0.709
0.535 0.71
0.535 0.711
0.535 0.712
0.535 0.713
0.535 0.714
0.535 0.715
0.535 0.716
0.535 0.717
0.535 0.718
0.535 0.719
0.535 0.72
0.535 0.721
0.535 0.722
0.535 0.723
0.534 0.723
0.533 0.723
0.532 0.723
0.531 0.723
0.53 0.723
0.529 0.723
0.529 0.722
0.53 0.722
0.531 0.722
0.532 0.722
0.533 0.722
0.534 0.722
0.535 0.722
0.536 0.722
0.536 0.723
0.536 0.724
0.536 0.725
0.536 0.726
0.536 0.727
0.536 0.728
0.536 0.729
0.536 0.73
0.535 0.73
0.534 0.73
0.533 0.73
0.532 0.73
0.531 0.73
0.53 0.73
0.529 0.73
0.528 0.73
0.527 0.73
0.527 0.731
0.527 0.732
0.527 0.733
0.526 0.733
0.525 0.733
0.524 0.733
0.524 0.734
0.524 0.735
0.524 0.736
0.524 0.737
0.524 0.738
0.524 0.739
0.524 0.74
0.524 0.741
0.524 0.742
0.524 0.743
0.524 0.744
0.524 0.745
0.524 0.746
0.524 0.747
0.524 0.748
0.525 0.748
0.526 0.748
0.527 0.748
0.528 0.748
0.529 0.748
0.53 0.748
0.531 0.748
0.532 0.748
0.533 0.748
0.534 0.748
0.535 0.748
0.536 0.748
0.537 0.748
0.538 0.748
0.539 0.748
0.54 0.748
0.541 0.748
0.542 0.748
0.543 0.748
0.544 0.748
0.545 0.748
0.546 0.748
0.547 0.748
0.548 0.748
0.549 0.748
0.55 0.748
0.551 0.748
0.552 0.748
0.553 0.748
0.554 0.748
0.555 0.748
0.555 0.749
0.555 0.75
0.555 0.751
0.555 0.752
0.555 0.753
0.555 0.754
0.555 0.755
0.555 0.756
0.555 0.757
0.554 0.757
0.554 0.758
0.554 0.759
0.554 0.76
0.554 0.761
0.555 0.761
0.556 0.761
0.557 0.761
0.558 0.761
0.559 0.761
0.56 0.761
0.561 0.761
0.562 0.761
0.563 0.761
0.564 0.761
0.565 0.761
0.566 0.761
0.567 0.761
0.568 0.761
0.569 0.761
0.57 0.761
0.57 0.76
0.57 0.759
0.57 0.758
0.57 0.757
0.57 0.756
0.569 0.756
0.569 0.755
0.569 0.754
0.569 0.753
0.569 0.752
0.569 0.751
0.569 0.75
0.57 0.75
0.57 0.749
0.571 0.749
0.571 0.748
0.571 0.747
0.571 0.746
0.57 0.746
0.569 0.746
0.568 0.746
0.567 0.746
0.566 0.746
0.565 0.746
0.564 0.746
0.563 0.746
0.562 0.746
0.561 0.746
0.561 0.745
0.561 0.744
0.561 0.743
0.561 0.742
0.561 0.741
0.561 0.74
0.56 0.74
0.559 0.74
0.558 0.74
0.557 0.74
0.556 0.74
0.555 0.74
0.554 0.74
0.553 0.74
0.552 0.74
0.552 0.741
0.552 0.742
0.552 0.743
0.552 0.744
0.552 0.745
0.552 0.746
0.552 0.747
0.552 0.748
0.552 0.749
0.552 0.75
0.552 0.751
0.552 0.752
0.552 0.753
0.552 0.754
0.552 0.755
0.552 0.756
0.552 0.757
0.552 0.758
0.552 0.759
0.552 0.76
0.552 0.761
0.552 0.762
0.552 0.763
0.552 0.764
0.552 0.765
0.552 0.766
0.552 0.767
0.552 0.768
0.552 0.769
0.551 0.769
0.55 0.769
0.549 0.769
0.548 0.769
0.547 0.769
0.546 0.769
0.545 0.769
0.544 0.769
0.543 0.769
0.542 0.769
0.541 0.769
0.54 0.769
0.539 0.769
0.538 0.769
0.537 0.769
0.536 0.769
0.535 0.769
0.535 0.77
0.535 0.771
0.535 0.772
0.535 0.773
0.535 0.774
0.535 0.775
0.535 0.776
0.535 0.777
0.535 0.778
0.534 0.778
0.533 0.778
0.532 0.778
0.531 0.778
0.53 0.778
0.529 0.778
0.529 0.779
0.529 0.78
0.529 0.781
0.53 0.781
0.53 0.782
0.53 0.783
0.53 0.784
0.53 0.785
0.53 0.786
0.53 0.787
0.53 0.788
0.53 0.789
0.531 0.789
0.532 0.789
0.533 0.789
0.534 0.789
0.535 0.789
0.535 0.79
0.535 0.791
0.535 0.792
0.535 0.793
0.535 0.794
0.535 0.795
0.535 0.796
0.535 0.797
0.535 0.798
0.535 0.799
0.535 0.8
0.534 0.8
0.533 0.8
0.532 0.8
0.531 0.8
0.531 0.801
0.531 0.802
0.531 0.803
0.531 0.804
0.531 0.805
0.53 0.805
0.529 0.805
0.528 0.805
0.527 0.805
0.526 0.805
0.525 0.805
0.525 0.804
0.525 0.803
0.525 0.802
0.525 0.801
0.525 0.8
0.524 0.8
0.524 0.801
0.524 0.802
0.524 0.803
0.524 0.804
0.524 0.805
0.524 0.806
0.524 0.807
0.524 0.808
0.524 0.809
0.524 0.81
0.524 0.811
0.524 0.812
0.524 0.813
0.524 0.814
0.524 0.815
0.524 0.816
0.523 0.816
0.522 0.816
0.521 0.816
0.521 0.817
0.521 0.818
0.521 0.819
0.521 0.82
0.521 0.821
0.521 0.822
0.521 0.823
0.521 0.824
0.521 0.825
0.521 0.826
0.522 0.826
0.523 0.826
0.523 0.827
0.523 0.828
0.523 0.829
0.523 0.83
0.523 0.831
0.523 0.832
0.523 0.833
0.523 0.834
0.523 0.835
0.523 0.836
0.523 0.837
0.523 0.838
0.523 0.839
0.524 0.839
0.525 0.839
0.525 0.84
0.525 0.841
0.525 0.842
0.525 0.843
0.525 0.844
0.525 0.845
0.524 0.845
0.525 0.845
0.525 0.846
0.525 0.847
0.525 0.848
0.525 0.849
0.525 0.85
0.526 0.85
0.527 0.85
0.528 0.85
0.529 0.85
0.53 0.85
0.531 0.85
0.532 0.85
0.533 0.85
0.533 0.851
0.533 0.852
0.533 0.853
0.533 0.854
0.533 0.855
0.533 0.856
0.533 0.857
0.533 0.858
0.533 0.859
0.534 0.859
0.535 0.859
0.536 0.859
0.537 0.859
0.538 0.859
0.538 0.86
0.538 0.861
0.538 0.862
0.538 0.863
0.538 0.864
0.538 0.865
0.538 0.866
0.538 0.867
0.538 0.868
0.538 0.869
0.538 0.87
0.538 0.871
0.538 0.872
0.539 0.872
0.54 0.872
0.541 0.872
0.542 0.872
0.543 0.872
0.544 0.872
0.545 0.872
0.546 0.872
0.547 0.872
0.548 0.872
0.549 0.872
0.55 0.872
0.551 0.872
0.552 0.872
0.553 0.872
0.553 0.871
0.554 0.871
0.555 0.871
0.556 0.871
0.556 0.87
0.556 0.869
0.556 0.868
0.556 0.867
0.556 0.868
0.556 0.869
0.556 0.87
0.556 0.871
0.556 0.872
0.556 0.873
0.556 0.874
0.556 0.875
0.557 0.875
0.558 0.875
0.558 0.876
0.558 0.877
0.558 0.878
0.559 0.878
0.56 0.878
0.561 0.878
0.562 0.878
0.563 0.878
0.564 0.878
0.565 0.878
0.566 0.878
0.566 0.877
0.566 0.876
0.566 0.875
0.566 0.874
0.566 0.873
0.566 0.872
0.566 0.871
0.566 0.87
0.566 0.869
0.566 0.868
0.566 0.867
0.566 0.866
0.566 0.865
0.566 0.864
0.566 0.863
0.565 0.863
0.564 0.863
0.563 0.863
0.562 0.863
0.561 0.863
0.56 0.863
0.559 0.863
0.559 0.862
0.559 0.861
0.559 0.86
0.559 0.859
0.559 0.858
0.559 0.857
0.559 0.856
0.559 0.855
0.559 0.854
0.559 0.853
0.559 0.852
0.559 0.851
0.56 0.851
0.561 0.851
0.562 0.851
0.563 0.851
0.564 0.851
0.565 0.851
0.566 0.851
0.567 0.851
0.568 0.851
0.569 0.851
0.57 0.851
0.571 0.851
0.572 0.851
0.573 0.851
0.574 0.851
0.575 0.851
0.576 0.851
0.576 0.85
0.576 0.849
0.576 0.848
0.576 0.847
0.577 0.847
0.578 0.847
0.579 0.847
0.58 0.847
0.581 0.847
0.582 0.847
0.583 0.847
0.584 0.847
0.584 0.848
0.585 0.848
0.586 0.848
0.586 0.847
0.586 0.846
0.586 0.845
0.586 0.844
0.586 0.843
0.586 0.842
0.586 0.841
0.586 0.84
0.587 0.84
0.588 0.84
0.588 0.839
0.588 0.838
0.588 0.837
0.588 0.836
0.588 0.835
0.588 0.834
0.589 0.834
0.588 0.834
0.587 0.834
0.587 0.833
0.587 0.832
0.587 0.831
0.587 0.83
0.587 0.829
0.587 0.828
0.588 0.828
0.589 0.828
0.59 0.828
0.591 0.828
0.592 0.828
0.593 0.828
0.594 0.828
0.595 0.828
0.596 0.828
0.597 0.828
0.598 0.828
0.599 0.828
0.6 0.828
0.601 0.828
0.601 0.827
0.602 0.827
0.603 0.827
0.604 0.827
0.604 0.826
0.604 0.825
0.604 0.824
0.604 0.823
0.604 0.822
0.605 0.822
0.605 0.821
0.606 0.821
0.607 0.821
0.607 0.822
0.607 0.823
0.608 0.823
0.608 0.824
0.608 0.825
0.608 0.826
0.608 0.827
0.608 0.828
0.608 0.829
0.608 0.83
0.608 0.831
0.608 0.832
0.608 0.833
0.608 0.834
0.608 0.835
0.608 0.836
0.608 0.837
0.609 0.837
0.61 0.837
0.611 0.837
0.612 0.837
0.613 0.837
0.614 0.837
0.615 0.837
0.616 0.837
0.616 0.836
0.616 0.835
0.617 0.835
0.618 0.835
0.619 0.835
0.62 0.835
0.621 0.835
0.622 0.835
0.623 0.835
0.623 0.836
0.623 0.837
0.624 0.837
0.625 0.837
0.626 0.837
0.627 0.837
0.628 0.837
0.629 0.837
0.63 0.837
0.631 0.837
0.632 0.837
0.632 0.836
0.632 0.835
0.631 0.835
0.631 0.834
0.631 0.833
0.631 0.832
0.631 0.831
0.632 0.831
0.633 0.831
0.634 0.831
0.635 0.831
0.635 0.832
0.635 0.833
0.635 0.834
0.635 0.835
0.635 0.836
0.635 0.837
0.635 0.838
0.635 0.839
0.635 0.84
0.635 0.841
0.635 0.842
0.635 0.843
0.635 0.844
0.635 0.845
0.635 0.846
0.635 0.847
0.635 0.848
0.635 0.849
0.635 0.85
0.635 0.851
0.636 0.851
0.637 0.851
0.638 0.851
0.639 0.851
0.639 0.852
0.639 0.853
0.639 0.854
0.639 0.855
0.639 0.856
0.639 0.857
0.639 0.858
0.638 0.858
0.638 0.859
0.638 0.86
0.638 0.861
0.639 0.861
0.64 0.861
0.64 0.862
0.64 0.863
0.64 0.864
0.64 0.865
0.64 0.866
0.641 0.866
0.642 0.866
0.643 0.866
0.643 0.867
0.643 0.868
0.643 0.869
0.643 0.87
0.643 0.871
0.643 0.872
0.644 0.872
0.645 0.872
0.646 0.872
0.647 0.872
0.647 0.873
0.647 0.874
0.647 0.875
0.647 0.876
0.647 0.877
0.647 0.878
0.647 0.879
0.647 0.88
0.648 0.88
0.649 0.88
0.65 0.88
0.651 0.88
0.652 0.88
0.653 0.88
0.653 0.879
0.653 0.878
0.653 0.877
0.653 0.876
0.653 0.875
0.653 0.874
0.653 0.873
0.653 0.872
0.653 0.871
0.653 0.87
0.653 0.869
0.653 0.868
0.653 0.867
0.654 0.867
0.655 0.867
0.656 0.867
0.657 0.867
0.658 0.867
0.659 0.867
0.66 0.867
0.661 0.867
0.662 0.867
0.663 0.867
0.664 0.867
0.665 0.867
0.666 0.867
0.667 0.867
0.667 0.866
0.667 0.865
0.667 0.864
0.667 0.863
0.667 0.862
0.667 0.861
0.667 0.86
0.667 0.859
0.667 0.858
0.667 0.857
0.667 0.856
0.667 0.855
0.667 0.854
0.668 0.854
0.668 0.853
0.668 0.852
0.668 0.851
0.668 0.85
0.668 0.849
0.668 0.848
0.669 0.848
0.67 0.848
0.671 0.848
0.672 0.848
0.673 0.848
0.674 0.848
0.675 0.848
0.676 0.848
0.677 0.848
0.678 0.848
0.679 0.848
0.68 0.848
0.68 0.847
0.68 0.846
0.68 0.845
0.68 0.844
0.68 0.843
0.68 0.842
0.68 0.841
0.679 0.841
0.678 0.841
0.677 0.841
0.676 0.841
0.675 0.841
0.675 0.84
0.675 0.839
0.675 0.838
0.675 0.837
0.675 0.836
0.675 0.835
0.675 0.834
0.675 0.833
0.675 0.832
0.675 0.831
0.674 0.831
0.673 0.831
0.672 0.831
0.672 0.832
0.673 0.832
0.674 0.832
0.675 0.832
0.676 0.832
0.677 0.832
0.678 0.832
0.679 0.832
0.68 0.832
0.681 0.832
0.682 0.832
0.683 0.832
0.684 0.832
0.685 0.832
0.686 0.832
0.687 0.832
0.688 0.832
0.689 0.832
0.69 0.832
0.691 0.832
0.692 0.832
0.693 0.832
0.694 0.832
0.695 0.832
0.696 0.832
0.697 0.832
0.698 0.832
0.699 0.832
0.7 0.832
0.701 0.832
0.702 0.832
0.703 0.832
0.704 0.832
0.704 0.831
0.704 0.83
0.704 0.829
0.704 0.828
0.704 0.827
0.704 0.826
0.704 0.825
0.704 0.824
0.705 0.824
0.706 0.824
0.707 0.824
0.708 0.824
0.709 0.824
0.71 0.824
0.711 0.824
0.712 0.824
0.712 0.825
0.712 0.826
0.712 0.827
0.712 0.828
0.712 0.829
0.712 0.83
0.712 0.831
0.713 0.831
0.714 0.831
0.715 0.831
0.716 0.831
0.717 0.831
0.718 0.831
0.719 0.831
0.72 0.831
0.721 0.831
0.722 0.831
0.723 0.831
0.724 0.831
0.724 0.83
0.724 0.829
0.724 0.828
0.724 0.827
0.724 0.826
0.724 0.825
0.724 0.824
0.724 0.823
0.724 0.822
0.724 0.821
0.724 0.82
0.724 0.819
0.724 0.818
0.724 0.817
0.724 0.816
0.723 0.816
0.723 0.815
0.723 0.814
0.723 0.813
0.723 0.812
0.723 0.811
0.723 0.81
0.723 0.809
0.723 0.808
0.723 0.807
0.723 0.806
0.723 0.805
0.723 0.804
0.723 0.803
0.723 0.802
0.723 0.801
0.723 0.8
0.723 0.799
0.723 0.798
0.723 0.797
0.723 0.796
0.723 0.795
0.722 0.795
0.721 0.795
0.721 0.794
0.721 0.793
0.721 0.792
0.721 0.791
0.721 0.79
0.721 0.789
0.722 0.789
0.723 0.789
0.724 0.789
0.725 0.789
0.726 0.789
0.727 0.789
0.728 0.789
0.728 0.788
0.728 0.787
0.728 0.786
0.728 0.785
0.728 0.784
0.728 0.783
0.728 0.782
0.728 0.781
0.728 0.78
0.728 0.779
0.728 0.778
0.728 0.777
0.728 0.776
0.728 0.775
0.728 0.774
0.728 0.773
0.728 0.772
0.728 0.771
0.728 0.77
0.728 0.769
0.728 0.768
0.728 0.767
0.728 0.766
0.728 0.765
0.728 0.764
0.728 0.763
0.729 0.763
0.73 0.763
0.731 0.763
0.732 0.763
0.733 0.763
0.734 0.763
0.735 0.763
0.736 0.763
0.737 0.763
0.738 0.763
0.739 0.763
0.74 0.763
0.741 0.763
0.742 0.763
0.743 0.763
0.744 0.763
0.745 0.763
0.746 0.763
0.746 0.762
0.746 0.761
0.746 0.76
0.746 0.759
0.746 0.758
0.746 0.757
0.747 0.757
0.748 0.757
0.749 0.757
0.75 0.757
0.751 0.757
0.752 0.757
0.753 0.757
0.754 0.757
0.755 0.757
0.756 0.757
0.757 0.757
0.758 0.757
0.759 0.757
0.76 0.757
0.76 0.758
0.76 0.759
0.76 0.76
0.76 0.761
0.761 0.761
0.762 0.761
0.763 0.761
0.764 0.761
0.765 0.761
0.766 0.761
0.767 0.761
0.768 0.761
0.769 0.761
0.77 0.761
0.77 0.76
0.77 0.759
0.77 0.758
0.77 0.757
0.77 0.756
0.77 0.755
0.77 0.754
0.77 0.753
0.77 0.752
0.77 0.751
0.771 0.751
0.772 0.751
0.773 0.751
0.774 0.751
0.775 0.751
0.776 0.751
0.777 0.751
0.778 0.751
0.779 0.751
0.779 0.75
0.779 0.749
0.779 0.748
0.779 0.747
0.779 0.746
0.779 0.745
0.78 0.745
0.781 0.745
0.782 0.745
0.783 0.745
0.784 0.745
0.785 0.745
0.786 0.745
0.786 0.746
0.786 0.747
0.786 0.748
0.786 0.749
0.786 0.75
0.786 0.751
0.786 0.752
0.786 0.753
0.787 0.753
0.788 0.753
0.789 0.753
0.79 0.753
0.791 0.753
0.791 0.754
0.791 0.755
0.791 0.756
0.792 0.756
0.793 0.756
0.794 0.756
0.795 0.756
0.796 0.756
0.797 0.756
0.798 0.756
0.798 0.757
0.798 0.758
0.798 0.759
0.798 0.76
0.798 0.761
0.798 0.762
0.799 0.762
0.8 0.762
0.801 0.762
0.802 0.762
0.803 0.762
0.804 0.762
0.805 0.762
0.806 0.762
0.807 0.762
0.808 0.762
0.809 0.762
0.81 0.762
0.811 0.762
0.812 0.762
0.813 0.762
0.814 0.762
0.814 0.763
0.814 0.764
0.815 0.764
0.816 0.764
0.817 0.764
0.818 0.764
0.819 0.764
0.82 0.764
0.82 0.763
0.82 0.762
0.82 0.761
0.82 0.76
0.82 0.759
0.82 0.758
0.82 0.757
0.82 0.756
0.82 0.755
0.82 0.754
0.82 0.753
0.82 0.752
0.82 0.751
0.82 0.75
0.82 0.749
0.82 0.748
0.82 0.747
0.82 0.746
0.82 0.745
0.82 0.744
0.82 0.743
0.819 0.743
0.818 0.743
0.817 0.743
0.816 0.743
0.815 0.743
0.814 0.743
0.813 0.743
0.812 0.743
0.811 0.743
0.811 0.742
0.81 0.742
0.809 0.742
0.808 0.742
0.807 0.742
0.806 0.742
0.806 0.741
0.806 0.74
0.806 0.739
0.806 0.738
0.806 0.737
0.806 0.736
0.806 0.735
0.806 0.734
0.806 0.733
0.806 0.732
0.807 0.732
0.808 0.732
0.809 0.732
0.81 0.732
0.811 0.732
0.812 0.732
0.813 0.732
0.814 0.732
0.815 0.732
0.816 0.732
0.817 0.732
0.818 0.732
0.819 0.732
0.82 0.732
0.821 0.732
0.822 0.732
0.823 0.732
0.824 0.732
0.825 0.732
0.826 0.732
0.827 0.732
0.828 0.732
0.828 0.731
0.828 0.73
0.828 0.729
0.828 0.728
0.828 0.727
0.828 0.726
0.829 0.726
0.83 0.726
0.831 0.726
0.832 0.726
0.833 0.726
0.834 0.726
0.835 0.726
0.836 0.726
0.837 0.726
0.838 0.726
0.838 0.727
0.838 0.728
0.838 0.729
0.838 0.73
0.838 0.731
0.838 0.732
0.839 0.732
0.84 0.732
0.841 0.732
0.842 0.732
0.842 0.733
0.843 0.733
0.844 0.733
0.845 0.733
0.846 0.733
0.847 0.733
0.848 0.733
0.849 0.733
0.85 0.733
0.851 0.733
0.851 0.732
0.851 0.731
0.851 0.73
0.851 0.729
0.851 0.728
0.851 0.727
0.851 0.726
0.851 0.725
0.851 0.724
0.851 0.723
0.851 0.722
0.851 0.721
0.851 0.72
0.851 0.719
0.851 0.718
0.852 0.718
0.853 0.718
0.854 0.718
0.855 0.718
0.856 0.718
0.857 0.718
0.858 0.718
0.859 0.718
0.86 0.718
0.86 0.717
0.86 0.716
0.86 0.715
0.86 0.714
0.86 0.713
0.86 0.712
0.86 0.711
0.86 0.71
0.86 0.709
0.86 0.708
0.86 0.707
0.86 0.706
0.86 0.705
0.86 0.704
0.86 0.703
0.86 0.702
0.86 0.701
0.861 0.701
0.862 0.701
0.863 0.701
0.864 0.701
0.865 0.701
0.866 0.701
0.867 0.701
0.867 0.7
0.868 0.7
0.869 0.7
0.87 0.7
0.871 0.7
0.872 0.7
0.873 0.7
0.874 0.7
0.875 0.7
0.876 0.7
0.877 0.7
0.878 0.7
0.879 0.7
0.88 0.7
0.881 0.7
0.882 0.7
0.883 0.7
0.884 0.7
0.885 0.7
0.886 0.7
0.887 0.7
0.888 0.7
0.889 0.7
0.889 0.699
0.889 0.698
0.889 0.697
0.889 0.696
0.889 0.695
0.889 0.694
0.889 0.693
0.889 0.692
0.889 0.691
0.889 0.69
0.889 0.689
0.889 0.688
0.889 0.687
0.889 0.686
0.889 0.685
0.89 0.685
0.891 0.685
0.892 0.685
0.892 0.684
0.891 0.684
0.89 0.684
0.889 0.684
0.888 0.684
0.887 0.684
0.886 0.684
0.886 0.683
0.886 0.682
0.886 0.681
0.886 0.68
0.886 0.679
0.886 0.678
0.886 0.677
0.886 0.676
0.886 0.675
0.886 0.674
0.886 0.673
0.887 0.673
0.888 0.673
0.889 0.673
0.89 0.673
0.891 0.673
0.892 0.673
0.893 0.673
0.894 0.673
0.894 0.672
0.894 0.671
0.894 0.67
0.894 0.669
0.894 0.668
0.894 0.667
0.894 0.666
0.894 0.665
0.894 0.664
0.894 0.663
0.894 0.662
0.894 0.661
0.894 0.66
0.894 0.659
0.894 0.658
0.894 0.657
0.894 0.656
0.894 0.655
0.894 0.654
0.894 0.653
0.894 0.652
0.894 0.651
0.894 0.65
0.894 0.649
0.894 0.648
0.894 0.647
0.894 0.646
0.894 0.645
0.894 0.644
0.894 0.643
0.894 0.642
0.894 0.641
0.894 0.64
0.894 0.639
0.894 0.638
0.894 0.637
0.894 0.636
0.894 0.635
0.894 0.634
0.894 0.633
0.894 0.632
0.894 0.631
0.894 0.63
0.894 0.629
0.894 0.628
0.894 0.627
0.895 0.627
0.896 0.627
0.897 0.627
0.898 0.627
0.899 0.627
0.9 0.627
0.901 0.627
0.902 0.627
0.903 0.627
0.904 0.627
0.905 0.627
0.906 0.627
0.907 0.627
0.907 0.626
0.907 0.625
0.907 0.624
0.907 0.623
0.907 0.622
0.907 0.621
0.907 0.62
0.907 0.619
0.907 0.618
0.907 0.617
0.907 0.616
0.907 0.615
0.907 0.614
0.907 0.613
0.907 0.612
0.907 0.611
0.907 0.61
0.907 0.609
0.907 0.608
0.907 0.607
0.907 0.606
0.907 0.605
0.907 0.604
0.907 0.603
0.907 0.602
0.907 0.601
0.907 0.6
0.907 0.599
0.907 0.598
0.907 0.597
0.907 0.596
0.907 0.595
0.907 0.594
0.907 0.593
0.907 0.592
0.907 0.591
0.907 0.59
0.907 0.589
0.907 0.588
0.907 0.587
0.907 0.586
0.907 0.585
0.907 0.584
0.907 0.583
0.907 0.582
0.907 0.581
0.907 0.58
0.907 0.579
0.906 0.579
0.905 0.579
0.904 0.579
0.903 0.579
0.902 0.579
0.901 0.579
0.9 0.579
0.899 0.579
0.898 0.579
0.897 0.579
0.896 0.579
0.895 0.579
0.894 0.579
0.893 0.579
0.892 0.579
0.891 0.579
0.89 0.579
0.889 0.579
0.888 0.579
0.887 0.579
0.886 0.579
0.885 0.579
0.884 0.579
0.883 0.579
0.882 0.579
0.881 0.579
0.88 0.579
0.879 0.579
0.878 0.579
0.877 0.579
0.876 0.579
0.875 0.579
0.875 0.578
0.875 0.577
0.875 0.576
0.875 0.575
0.875 0.574
0.875 0.573
0.875 0.572
0.875 0.571
0.875 0.57
0.875 0.569
0.875 0.568
0.875 0.567
0.875 0.566
0.875 0.565
0.875 0.564
0.875 0.563
0.875 0.562
0.875 0.561
0.875 0.56
0.875 0.559
0.875 0.558
0.875 0.557
0.875 0.556
0.875 0.555
0.875 0.554
0.875 0.553
0.875 0.552
0.875 0.551
0.875 0.55
0.875 0.549
0.875 0.548
0.875 0.547
0.875 0.546
0.876 0.546
0.877 0.546
0.878 0.546
0.879 0.546
0.88 0.546
0.881 0.546
0.882 0.546
0.883 0.546
0.884 0.546
0.885 0.546
0.886 0.546
0.887 0.546
0.888 0.546
0.889 0.546
0.89 0.546
0.891 0.546
0.892 0.546
0.893 0.546
0.894 0.546
0.895 0.546
0.896 0.546
0.897 0.546
0.898 0.546
0.899 0.546
0.9 0.546
0.901 0.546
0.902 0.546
0.903 0.546
0.904 0.546
0.905 0.546
0.906 0.546
0.907 0.546
0.908 0.546
0.909 0.546
0.909 0.545
0.909 0.544
0.909 0.543
0.909 0.542
0.909 0.541
0.909 0.54
0.909 0.539
0.909 0.538
0.909 0.537
0.909 0.536
0.909 0.535
0.909 0.534
0.909 0.533
0.909 0.532
0.909 0.531
0.909 0.53
0.909 0.529
0.909 0.528
0.909 0.527
0.909 0.526
0.909 0.525
0.909 0.524
0.909 0.523
0.909 0.522
0.909 0.521
0.908 0.521
0.907 0.521
0.906 0.521
0.905 0.521
0.904 0.521
0.903 0.521
0.902 0.521
0.901 0.521
0.9 0.521
0.9 0.52
0.9 0.519
0.9 0.518
0.9 0.517
0.9 0.516
0.9 0.515
0.9 0.514
0.9 0.513
0.9 0.512
0.9 0.511
0.9 0.51
0.9 0.509
0.9 0.508
0.9 0.507
0.9 0.506
0.9 0.505
0.9 0.504
0.9 0.503
0.9 0.502
0.9 0.501
0.9 0.5
