3239
0.1 0.1 0.2 0.5 0.7
0.101 0.1 0.199 0.499 0.699
0.102 0.1 0.198 0.498 0.698
0.103 0.1 0.197 0.497 0.697
0.104 0.1 0.196 0.496 0.696
0.105 0.1 0.195 0.495 0.695
0.106 0.1 0.194 0.494 0.694
0.107 0.1 0.193 0.493 0.693
0.108 0.1 0.192 0.492 0.692
0.109 0.1 0.191 0.491 0.691
0.11 0.1 0.19 0.49 0.69
0.111 0.1 0.189 0.489 0.689
0.112 0.1 0.188 0.488 0.688
0.113 0.1 0.187 0.487 0.687
0.114 0.1 0.186 0.486 0.686
0.115 0.1 0.185 0.485 0.685
0.116 0.1 0.184 0.484 0.684
0.117 0.1 0.183 0.483 0.683
0.118 0.1 0.182 0.482 0.682
0.119 0.1 0.181 0.481 0.681
0.12 0.1 0.18 0.48 0.68
0.121 0.1 0.179 0.479 0.679
0.122 0.1 0.178 0.478 0.678
0.123 0.1 0.177 0.477 0.677
0.124 0.1 0.176 0.476 0.676
0.125 0.1 0.175 0.475 0.675
0.126 0.1 0.174 0.474 0.675
0.127 0.1 0.173 0.473 0.675
0.128 0.1 0.172 0.472 0.675
0.129 0.1 0.171 0.471 0.675
0.13 0.1 0.17 0.47 0.675
0.131 0.1 0.169 0.469 0.675
0.132 0.1 0.168 0.468 0.675
0.133 0.1 0.167 0.467 0.675
0.134 0.1 0.166 0.466 0.675
0.135 0.1 0.165 0.465 0.675
0.135 0.099 0.164 0.464 0.675
0.135 0.098 0.163 0.463 0.675
0.135 0.097 0.162 0.462 0.675
0.135 0.096 0.161 0.461 0.675
0.135 0.095 0.16 0.46 0.675
0.135 0.094 0.159 0.459 0.675
0.135 0.093 0.158 0.458 0.675
0.135 0.092 0.157 0.457 0.675
0.135 0.091 0.156 0.456 0.675
0.135 0.09 0.155 0.455 0.675
0.135 0.089 0.154 0.454 0.675
0.135 0.088 0.153 0.453 0.675
0.135 0.087 0.152 0.452 0.675
0.135 0.086 0.151 0.451 0.675
0.135 0.085 0.15 0.45 0.675
0.135 0.084 0.149 0.449 0.675
0.135 0.083 0.148 0.448 0.675
0.135 0.082 0.147 0.447 0.675
0.135 0.081 0.146 0.446 0.675
0.135 0.08 0.145 0.445 0.675
0.135 0.079 0.144 0.444 0.675
0.135 0.078 0.143 0.443 0.675
0.135 0.077 0.142 0.442 0.675
0.135 0.077 0.141 0.441 0.675
0.135 0.077 0.14 0.44 0.675
0.135 0.077 0.139 0.439 0.675
0.135 0.077 0.138 0.438 0.675
0.135 0.077 0.137 0.437 0.675
0.135 0.077 0.136 0.436 0.675
0.135 0.077 0.135 0.435 0.675
0.135 0.077 0.134 0.434 0.675
0.135 0.077 0.133 0.433 0.675
0.135 0.077 0.132 0.432 0.675
0.135 0.077 0.131 0.431 0.675
0.135 0.077 0.13 0.43 0.675
0.135 0.077 0.129 0.429 0.675
0.135 0.077 0.128 0.428 0.675
0.135 0.077 0.127 0.427 0.675
0.135 0.077 0.126 0.426 0.675
0.135 0.077 0.125 0.425 0.675
0.135 0.077 0.124 0.424 0.675
0.135 0.077 0.123 0.423 0.675
0.135 0.077 0.122 0.422 0.675
0.135 0.077 0.121 0.421 0.675
0.135 0.077 0.12 0.42 0.675
0.135 0.077 0.119 0.419 0.675
0.135 0.077 0.118 0.418 0.675
0.135 0.077 0.117 0.417 0.675
0.135 0.077 0.116 0.416 0.675
0.135 0.077 0.115 0.415 0.675
0.135 0.077 0.114 0.414 0.675
0.135 0.077 0.113 0.413 0.675
0.135 0.077 0.112 0.412 0.675
0.135 0.077 0.111 0.411 0.675
0.135 0.077 0.11 0.41 0.675
0.135 0.077 0.109 0.409 0.675
0.135 0.077 0.108 0.408 0.675
0.135 0.077 0.107 0.407 0.675
0.135 0.077 0.106 0.406 0.675
0.135 0.077 0.105 0.405 0.675
0.135 0.077 0.104 0.404 0.675
0.135 0.077 0.103 0.403 0.675
0.135 0.077 0.102 0.402 0.675
0.135 0.077 0.101 0.401 0.675
0.135 0.077 0.1 0.4 0.675
0.135 0.077 0.099 0.399 0.675
0.135 0.077 0.098 0.398 0.675
0.135 0.077 0.097 0.397 0.675
0.135 0.077 0.096 0.396 0.675
0.135 0.077 0.095 0.395 0.675
0.135 0.077 0.094 0.394 0.675
0.135 0.077 0.093 0.393 0.675
0.135 0.077 0.092 0.392 0.675
0.135 0.077 0.091 0.391 0.675
0.135 0.077 0.09 0.39 0.675
0.135 0.077 0.089 0.389 0.675
0.135 0.077 0.088 0.388 0.675
0.135 0.077 0.087 0.387 0.675
0.135 0.077 0.086 0.386 0.675
0.135 0.077 0.085 0.385 0.675
0.135 0.077 0.084 0.384 0.675
0.135 0.077 0.083 0.383 0.675
0.135 0.077 0.082 0.382 0.675
0.135 0.077 0.081 0.381 0.675
0.135 0.077 0.08 0.38 0.675
0.135 0.077 0.079 0.379 0.675
0.135 0.077 0.078 0.378 0.675
0.135 0.077 0.077 0.377 0.675
0.135 0.077 0.076 0.376 0.675
0.135 0.077 0.075 0.375 0.675
0.135 0.077 0.074 0.374 0.675
0.135 0.077 0.073 0.373 0.675
0.135 0.077 0.072 0.372 0.675
0.135 0.077 0.071 0.371 0.675
0.135 0.077 0.07 0.37 0.675
0.135 0.077 0.069 0.369 0.675
0.135 0.077 0.068 0.368 0.675
0.135 0.077 0.067 0.367 0.675
0.135 0.077 0.066 0.366 0.675
0.135 0.077 0.065 0.365 0.675
0.135 0.077 0.064 0.364 0.675
0.135 0.077 0.063 0.363 0.675
0.135 0.077 0.062 0.362 0.675
0.135 0.077 0.061 0.361 0.675
0.135 0.077 0.06 0.36 0.675
0.135 0.077 0.059 0.359 0.675
0.135 0.077 0.058 0.358 0.675
0.135 0.077 0.057 0.357 0.675
0.135 0.077 0.056 0.356 0.675
0.135 0.077 0.055 0.355 0.675
0.135 0.077 0.054 0.354 0.675
0.135 0.077 0.053 0.353 0.675
0.135 0.077 0.052 0.352 0.675
0.135 0.077 0.051 0.351 0.675
0.135 0.077 0.05 0.35 0.675
0.135 0.077 0.049 0.349 0.675
0.135 0.077 0.048 0.348 0.675
0.135 0.077 0.047 0.347 0.675
0.135 0.077 0.046 0.346 0.675
0.135 0.077 0.045 0.345 0.675
0.135 0.077 0.044 0.344 0.675
0.135 0.077 0.043 0.343 0.675
0.135 0.077 0.042 0.342 0.675
0.135 0.077 0.041 0.341 0.675
0.135 0.077 0.04 0.34 0.675
0.135 0.077 0.039 0.339 0.675
0.135 0.077 0.038 0.338 0.675
0.135 0.077 0.037 0.337 0.675
0.135 0.077 0.036 0.336 0.675
0.135 0.077 0.035 0.335 0.675
0.135 0.077 0.034 0.334 0.675
0.135 0.077 0.033 0.333 0.675
0.135 0.077 0.032 0.332 0.675
0.135 0.077 0.031 0.331 0.675
0.135 0.077 0.03 0.33 0.675
0.135 0.077 0.029 0.329 0.675
0.135 0.077 0.028 0.328 0.675
0.135 0.077 0.028 0.327 0.675
0.135 0.077 0.028 0.326 0.675
0.135 0.077 0.028 0.325 0.675
0.135 0.077 0.028 0.324 0.675
0.135 0.077 0.028 0.323 0.675
0.135 0.077 0.028 0.322 0.675
0.135 0.077 0.028 0.321 0.675
0.136 0.077 0.029 0.32 0.676
0.137 0.077 0.03 0.319 0.677
0.138 0.077 0.031 0.318 0.678
0.139 0.077 0.032 0.317 0.679
0.14 0.077 0.033 0.316 0.68
0.141 0.077 0.034 0.315 0.681
0.142 0.077 0.035 0.314 0.682
0.143 0.077 0.036 0.313 0.683
0.144 0.077 0.037 0.312 0.684
0.145 0.077 0.038 0.311 0.685
0.146 0.077 0.039 0.31 0.686
0.147 0.077 0.04 0.309 0.687
0.148 0.077 0.041 0.308 0.688
0.149 0.077 0.042 0.307 0.689
0.15 0.077 0.043 0.306 0.69
0.15 0.078 0.044 0.305 0.691
0.151 0.078 0.045 0.304 0.692
0.151 0.079 0.046 0.303 0.693
0.152 0.079 0.047 0.302 0.694
0.152 0.08 0.048 0.301 0.695
0.152 0.081 0.049 0.3 0.695
0.153 0.081 0.05 0.299 0.695
0.154 0.081 0.051 0.298 0.695
0.154 0.082 0.052 0.297 0.695
0.155 0.082 0.053 0.296 0.695
0.156 0.082 0.054 0.295 0.695
0.157 0.082 0.055 0.294 0.695
0.158 0.082 0.056 0.293 0.695
0.158 0.083 0.057 0.292 0.695
0.159 0.083 0.058 0.291 0.695
0.16 0.083 0.059 0.29 0.695
0.161 0.083 0.06 0.289 0.695
0.161 0.084 0.061 0.288 0.695
0.162 0.084 0.062 0.287 0.695
0.163 0.084 0.063 0.286 0.695
0.164 0.084 0.064 0.285 0.695
0.165 0.084 0.065 0.284 0.695
0.165 0.085 0.066 0.283 0.695
0.166 0.085 0.067 0.282 0.695
0.167 0.085 0.068 0.281 0.695
0.168 0.085 0.069 0.28 0.695
0.168 0.086 0.07 0.279 0.695
0.169 0.086 0.071 0.278 0.695
0.17 0.086 0.072 0.277 0.695
0.171 0.086 0.073 0.276 0.695
0.171 0.087 0.074 0.275 0.695
0.172 0.087 0.075 0.274 0.695
0.173 0.087 0.076 0.273 0.695
0.174 0.087 0.077 0.272 0.695
0.175 0.087 0.078 0.271 0.695
0.175 0.088 0.079 0.27 0.695
0.176 0.088 0.08 0.269 0.695
0.177 0.088 0.081 0.268 0.695
0.177 0.089 0.082 0.267 0.695
0.177 0.09 0.083 0.266 0.695
0.177 0.091 0.084 0.265 0.695
0.177 0.092 0.085 0.264 0.695
0.177 0.093 0.086 0.263 0.695
0.177 0.094 0.087 0.262 0.695
0.177 0.095 0.088 0.261 0.695
0.177 0.096 0.089 0.26 0.695
0.177 0.097 0.09 0.259 0.695
0.177 0.098 0.091 0.258 0.695
0.177 0.099 0.092 0.257 0.695
0.177 0.1 0.093 0.256 0.695
0.177 0.101 0.094 0.255 0.695
0.177 0.102 0.095 0.254 0.695
0.177 0.103 0.096 0.253 0.695
0.177 0.103 0.097 0.252 0.695
0.177 0.103 0.098 0.251 0.695
0.177 0.103 0.099 0.25 0.695
0.177 0.103 0.1 0.249 0.695
0.177 0.103 0.101 0.248 0.695
0.177 0.103 0.101 0.247 0.695
0.177 0.103 0.101 0.246 0.695
0.177 0.103 0.101 0.245 0.695
0.177 0.103 0.101 0.244 0.695
0.177 0.103 0.101 0.243 0.695
0.177 0.103 0.101 0.242 0.695
0.177 0.103 0.101 0.241 0.695
0.177 0.103 0.101 0.24 0.695
0.177 0.103 0.101 0.239 0.695
0.177 0.103 0.101 0.238 0.695
0.177 0.103 0.101 0.237 0.695
0.177 0.103 0.101 0.236 0.695
0.177 0.103 0.101 0.235 0.695
0.177 0.103 0.101 0.234 0.695
0.177 0.103 0.101 0.233 0.695
0.177 0.103 0.101 0.232 0.695
0.177 0.103 0.101 0.231 0.695
0.177 0.103 0.101 0.23 0.695
0.177 0.103 0.101 0.229 0.695
0.177 0.103 0.101 0.228 0.695
0.177 0.103 0.101 0.227 0.695
0.177 0.103 0.101 0.226 0.695
0.177 0.103 0.101 0.225 0.695
0.177 0.103 0.101 0.224 0.695
0.177 0.103 0.101 0.223 0.695
0.177 0.103 0.101 0.222 0.695
0.177 0.103 0.101 0.221 0.695
0.177 0.103 0.101 0.22 0.695
0.177 0.103 0.101 0.219 0.695
0.177 0.103 0.101 0.218 0.695
0.177 0.103 0.101 0.217 0.695
0.178 0.103 0.102 0.216 0.694
0.179 0.103 0.103 0.215 0.693
0.18 0.103 0.104 0.214 0.692
0.181 0.103 0.105 0.213 0.691
0.182 0.103 0.106 0.212 0.69
0.183 0.103 0.107 0.211 0.689
0.184 0.103 0.108 0.21 0.688
0.185 0.103 0.109 0.209 0.687
0.186 0.103 0.11 0.208 0.686
0.187 0.103 0.111 0.207 0.685
0.188 0.103 0.112 0.206 0.684
0.189 0.103 0.113 0.205 0.683
0.19 0.103 0.114 0.204 0.682
0.191 0.103 0.115 0.203 0.681
0.192 0.103 0.116 0.202 0.68
0.193 0.103 0.117 0.201 0.679
0.194 0.103 0.118 0.2 0.678
0.195 0.103 0.119 0.199 0.677
0.196 0.103 0.12 0.198 0.676
0.197 0.103 0.121 0.197 0.675
0.198 0.103 0.122 0.196 0.674
0.199 0.103 0.123 0.195 0.673
0.2 0.103 0.124 0.194 0.672
0.201 0.103 0.125 0.193 0.671
0.202 0.103 0.126 0.192 0.67
0.203 0.103 0.127 0.191 0.669
0.203 0.104 0.128 0.19 0.668
0.203 0.105 0.129 0.189 0.667
0.203 0.106 0.13 0.188 0.666
0.203 0.107 0.131 0.187 0.665
0.203 0.108 0.132 0.186 0.664
0.203 0.109 0.133 0.185 0.663
0.203 0.11 0.134 0.184 0.662
0.203 0.111 0.135 0.183 0.662
0.203 0.112 0.136 0.182 0.662
0.203 0.113 0.137 0.181 0.662
0.203 0.114 0.138 0.181 0.662
0.203 0.115 0.139 0.181 0.662
0.203 0.116 0.14 0.181 0.662
0.203 0.117 0.14 0.181 0.662
0.203 0.118 0.14 0.181 0.662
0.203 0.119 0.14 0.181 0.662
0.203 0.12 0.14 0.181 0.662
0.204 0.12 0.139 0.182 0.661
0.205 0.12 0.138 0.183 0.66
0.206 0.12 0.137 0.184 0.659
0.207 0.12 0.136 0.185 0.658
0.208 0.12 0.135 0.186 0.657
0.209 0.12 0.134 0.187 0.656
0.21 0.12 0.133 0.188 0.655
0.211 0.12 0.132 0.189 0.654
0.212 0.12 0.131 0.19 0.653
0.213 0.12 0.13 0.191 0.652
0.214 0.12 0.129 0.192 0.651
0.215 0.12 0.128 0.193 0.65
0.216 0.12 0.127 0.194 0.649
0.217 0.12 0.126 0.195 0.648
0.218 0.12 0.125 0.196 0.647
0.219 0.12 0.124 0.197 0.647
0.22 0.12 0.123 0.198 0.647
0.221 0.12 0.122 0.199 0.647
0.222 0.12 0.121 0.2 0.647
0.223 0.12 0.12 0.201 0.647
0.224 0.12 0.119 0.201 0.647
0.225 0.12 0.118 0.201 0.647
0.226 0.12 0.117 0.201 0.647
0.227 0.12 0.116 0.201 0.647
0.228 0.12 0.115 0.201 0.647
0.229 0.12 0.114 0.201 0.647
0.229 0.121 0.113 0.201 0.647
0.23 0.121 0.112 0.201 0.647
0.231 0.121 0.111 0.201 0.647
0.231 0.122 0.11 0.201 0.647
0.231 0.123 0.109 0.201 0.647
0.231 0.124 0.108 0.201 0.647
0.231 0.125 0.107 0.201 0.647
0.231 0.126 0.106 0.201 0.647
0.231 0.126 0.105 0.201 0.647
0.231 0.126 0.104 0.201 0.647
0.231 0.126 0.103 0.201 0.647
0.231 0.126 0.102 0.201 0.647
0.231 0.126 0.101 0.201 0.647
0.231 0.126 0.1 0.201 0.647
0.231 0.126 0.099 0.201 0.647
0.231 0.126 0.098 0.201 0.647
0.231 0.126 0.097 0.201 0.647
0.231 0.126 0.096 0.201 0.647
0.231 0.126 0.095 0.201 0.647
0.232 0.126 0.094 0.202 0.646
0.233 0.126 0.093 0.203 0.645
0.234 0.126 0.092 0.204 0.644
0.235 0.126 0.091 0.205 0.643
0.236 0.126 0.09 0.206 0.643
0.237 0.126 0.089 0.207 0.643
0.238 0.126 0.088 0.208 0.643
0.239 0.126 0.087 0.209 0.643
0.24 0.126 0.086 0.21 0.643
0.241 0.126 0.085 0.211 0.643
0.242 0.126 0.084 0.212 0.643
0.243 0.126 0.083 0.213 0.643
0.244 0.126 0.082 0.214 0.643
0.245 0.126 0.081 0.215 0.643
0.246 0.126 0.081 0.216 0.643
0.247 0.126 0.081 0.217 0.643
0.248 0.126 0.081 0.218 0.643
0.248 0.127 0.081 0.219 0.643
0.248 0.128 0.081 0.22 0.643
0.248 0.129 0.081 0.221 0.643
0.248 0.13 0.081 0.222 0.643
0.248 0.131 0.081 0.223 0.643
0.248 0.132 0.081 0.224 0.643
0.248 0.133 0.081 0.225 0.643
0.248 0.134 0.081 0.226 0.643
0.248 0.135 0.081 0.227 0.643
0.248 0.136 0.081 0.228 0.643
0.248 0.137 0.081 0.229 0.643
0.248 0.138 0.081 0.23 0.643
0.248 0.139 0.081 0.231 0.643
0.248 0.14 0.081 0.232 0.643
0.248 0.141 0.081 0.233 0.643
0.248 0.142 0.081 0.234 0.643
0.248 0.143 0.081 0.235 0.643
0.248 0.144 0.081 0.236 0.643
0.248 0.145 0.081 0.237 0.643
0.248 0.146 0.081 0.238 0.643
0.248 0.147 0.081 0.239 0.643
0.248 0.148 0.081 0.24 0.643
0.248 0.149 0.081 0.241 0.643
0.248 0.15 0.081 0.242 0.643
0.248 0.151 0.081 0.243 0.643
0.248 0.152 0.081 0.244 0.643
0.248 0.153 0.081 0.245 0.643
0.248 0.154 0.081 0.246 0.643
0.248 0.155 0.081 0.247 0.643
0.248 0.155 0.081 0.248 0.643
0.248 0.155 0.081 0.249 0.643
0.248 0.155 0.081 0.25 0.643
0.248 0.155 0.081 0.251 0.643
0.248 0.155 0.081 0.252 0.643
0.248 0.155 0.081 0.253 0.643
0.248 0.155 0.081 0.254 0.643
0.248 0.155 0.081 0.255 0.643
0.248 0.155 0.081 0.256 0.643
0.248 0.155 0.081 0.257 0.643
0.248 0.155 0.081 0.258 0.643
0.248 0.155 0.081 0.259 0.643
0.248 0.155 0.081 0.26 0.643
0.248 0.155 0.081 0.261 0.643
0.248 0.155 0.081 0.262 0.643
0.248 0.155 0.081 0.263 0.643
0.248 0.155 0.081 0.264 0.643
0.249 0.155 0.082 0.263 0.644
0.25 0.155 0.083 0.262 0.645
0.251 0.155 0.084 0.261 0.646
0.252 0.155 0.085 0.26 0.647
0.253 0.155 0.086 0.259 0.648
0.254 0.155 0.087 0.258 0.649
0.255 0.155 0.088 0.257 0.65
0.256 0.155 0.089 0.256 0.651
0.257 0.155 0.09 0.255 0.652
0.258 0.155 0.091 0.254 0.653
0.259 0.155 0.092 0.253 0.654
0.26 0.155 0.093 0.252 0.655
0.261 0.155 0.094 0.251 0.656
0.262 0.155 0.095 0.25 0.657
0.263 0.155 0.096 0.249 0.658
0.264 0.155 0.097 0.248 0.659
0.265 0.155 0.098 0.247 0.66
0.266 0.155 0.099 0.246 0.661
0.267 0.155 0.1 0.245 0.662
0.268 0.155 0.101 0.244 0.663
0.269 0.155 0.102 0.243 0.664
0.27 0.155 0.103 0.242 0.665
0.271 0.155 0.104 0.241 0.666
0.272 0.155 0.105 0.24 0.667
0.273 0.155 0.106 0.239 0.668
0.274 0.155 0.107 0.238 0.669
0.275 0.155 0.108 0.237 0.67
0.276 0.155 0.109 0.236 0.671
0.277 0.155 0.11 0.235 0.672
0.278 0.155 0.111 0.234 0.673
0.279 0.155 0.112 0.233 0.674
0.28 0.155 0.113 0.232 0.675
0.281 0.155 0.114 0.231 0.676
0.282 0.155 0.115 0.23 0.677
0.283 0.155 0.116 0.229 0.678
0.284 0.155 0.117 0.228 0.679
0.285 0.155 0.118 0.227 0.68
0.286 0.155 0.119 0.226 0.681
0.287 0.155 0.12 0.225 0.682
0.288 0.155 0.121 0.224 0.682
0.289 0.155 0.122 0.223 0.682
0.29 0.155 0.123 0.222 0.682
0.291 0.155 0.124 0.221 0.682
0.292 0.155 0.125 0.22 0.682
0.293 0.155 0.126 0.219 0.682
0.294 0.155 0.127 0.218 0.682
0.294 0.154 0.128 0.217 0.682
0.294 0.153 0.129 0.216 0.682
0.294 0.152 0.13 0.215 0.682
0.294 0.151 0.131 0.214 0.682
0.294 0.15 0.132 0.213 0.682
0.294 0.149 0.133 0.212 0.682
0.294 0.148 0.134 0.211 0.682
0.294 0.147 0.135 0.21 0.682
0.294 0.146 0.136 0.209 0.682
0.294 0.145 0.137 0.208 0.682
0.294 0.144 0.138 0.207 0.682
0.294 0.143 0.139 0.206 0.682
0.294 0.142 0.14 0.205 0.682
0.294 0.142 0.141 0.204 0.682
0.294 0.142 0.142 0.203 0.682
0.294 0.142 0.143 0.202 0.682
0.294 0.142 0.144 0.201 0.682
0.294 0.142 0.145 0.2 0.682
0.294 0.142 0.146 0.199 0.682
0.294 0.142 0.147 0.198 0.682
0.294 0.142 0.148 0.197 0.682
0.294 0.142 0.149 0.196 0.682
0.294 0.142 0.15 0.195 0.682
0.294 0.142 0.151 0.194 0.682
0.294 0.142 0.152 0.193 0.682
0.294 0.142 0.153 0.192 0.682
0.294 0.142 0.154 0.191 0.682
0.294 0.142 0.155 0.19 0.682
0.294 0.142 0.156 0.189 0.682
0.294 0.142 0.157 0.188 0.682
0.294 0.142 0.158 0.187 0.682
0.294 0.142 0.159 0.186 0.682
0.294 0.142 0.16 0.185 0.682
0.294 0.142 0.161 0.184 0.682
0.294 0.142 0.162 0.183 0.682
0.294 0.142 0.163 0.182 0.682
0.294 0.142 0.164 0.181 0.682
0.294 0.142 0.165 0.18 0.682
0.294 0.142 0.166 0.179 0.682
0.294 0.142 0.167 0.178 0.682
0.294 0.142 0.168 0.177 0.682
0.294 0.142 0.169 0.176 0.682
0.294 0.142 0.17 0.175 0.682
0.294 0.142 0.171 0.174 0.682
0.294 0.142 0.172 0.173 0.682
0.294 0.142 0.173 0.172 0.682
0.294 0.142 0.174 0.171 0.682
0.294 0.142 0.175 0.17 0.682
0.294 0.142 0.176 0.169 0.682
0.294 0.142 0.177 0.168 0.682
0.294 0.142 0.178 0.167 0.682
0.294 0.142 0.179 0.166 0.682
0.294 0.142 0.18 0.165 0.682
0.294 0.142 0.181 0.164 0.682
0.294 0.142 0.182 0.163 0.682
0.294 0.142 0.183 0.162 0.682
0.294 0.142 0.184 0.161 0.682
0.294 0.142 0.185 0.16 0.682
0.294 0.142 0.186 0.159 0.682
0.294 0.142 0.187 0.158 0.682
0.294 0.142 0.188 0.157 0.682
0.294 0.142 0.189 0.156 0.682
0.294 0.142 0.19 0.155 0.682
0.294 0.142 0.191 0.154 0.682
0.294 0.142 0.192 0.153 0.682
0.294 0.142 0.193 0.152 0.682
0.294 0.142 0.194 0.151 0.682
0.294 0.142 0.195 0.15 0.682
0.294 0.142 0.196 0.149 0.682
0.294 0.142 0.197 0.148 0.682
0.294 0.142 0.198 0.147 0.682
0.294 0.142 0.199 0.146 0.682
0.294 0.142 0.2 0.145 0.682
0.294 0.142 0.201 0.144 0.682
0.294 0.142 0.202 0.143 0.682
0.294 0.142 0.203 0.142 0.682
0.294 0.142 0.204 0.142 0.682
0.294 0.142 0.205 0.142 0.682
0.294 0.142 0.206 0.142 0.682
0.294 0.142 0.207 0.142 0.682
0.294 0.142 0.208 0.142 0.682
0.294 0.142 0.209 0.142 0.682
0.294 0.142 0.21 0.142 0.682
0.294 0.142 0.211 0.142 0.682
0.294 0.142 0.212 0.142 0.682
0.294 0.142 0.213 0.142 0.682
0.294 0.142 0.214 0.142 0.682
0.294 0.142 0.215 0.142 0.682
0.294 0.142 0.216 0.142 0.682
0.294 0.142 0.217 0.142 0.682
0.294 0.142 0.218 0.142 0.682
0.294 0.142 0.219 0.142 0.682
0.294 0.142 0.22 0.142 0.682
0.294 0.142 0.221 0.142 0.682
0.294 0.142 0.222 0.142 0.682
0.294 0.142 0.223 0.142 0.682
0.295 0.142 0.222 0.143 0.681
0.296 0.142 0.221 0.144 0.68
0.297 0.142 0.22 0.145 0.679
0.298 0.142 0.219 0.146 0.678
0.299 0.142 0.218 0.147 0.677
0.3 0.142 0.218 0.148 0.676
0.301 0.142 0.218 0.149 0.675
0.302 0.142 0.218 0.15 0.674
0.303 0.142 0.218 0.151 0.673
0.304 0.142 0.218 0.152 0.672
0.305 0.142 0.218 0.153 0.671
0.306 0.142 0.218 0.154 0.67
0.307 0.142 0.218 0.155 0.669
0.308 0.142 0.218 0.156 0.668
0.309 0.142 0.218 0.157 0.667
0.31 0.142 0.218 0.158 0.666
0.311 0.142 0.218 0.159 0.665
0.312 0.142 0.218 0.16 0.664
0.313 0.142 0.218 0.161 0.663
0.314 0.142 0.218 0.162 0.662
0.315 0.142 0.218 0.163 0.661
0.316 0.142 0.218 0.164 0.66
0.317 0.142 0.218 0.165 0.659
0.318 0.142 0.218 0.166 0.658
0.319 0.142 0.218 0.167 0.657
0.32 0.142 0.218 0.168 0.656
0.321 0.142 0.218 0.169 0.655
0.322 0.142 0.218 0.169 0.654
0.323 0.142 0.218 0.169 0.653
0.324 0.142 0.218 0.169 0.652
0.325 0.142 0.218 0.169 0.651
0.326 0.142 0.218 0.169 0.65
0.327 0.142 0.218 0.169 0.649
0.328 0.142 0.218 0.169 0.648
0.329 0.142 0.218 0.169 0.647
0.33 0.142 0.218 0.169 0.646
0.331 0.142 0.218 0.169 0.645
0.332 0.142 0.218 0.169 0.644
0.333 0.142 0.218 0.169 0.643
0.334 0.142 0.218 0.169 0.642
0.335 0.142 0.218 0.169 0.641
0.335 0.143 0.218 0.169 0.64
0.335 0.144 0.218 0.169 0.639
0.335 0.145 0.218 0.169 0.638
0.335 0.146 0.218 0.169 0.637
0.335 0.146 0.218 0.169 0.636
0.335 0.146 0.218 0.169 0.635
0.335 0.146 0.218 0.169 0.634
0.335 0.146 0.218 0.169 0.633
0.335 0.146 0.218 0.169 0.632
0.335 0.146 0.218 0.169 0.631
0.336 0.146 0.219 0.168 0.632
0.337 0.146 0.22 0.168 0.633
0.338 0.146 0.221 0.168 0.634
0.339 0.146 0.222 0.168 0.635
0.34 0.146 0.223 0.168 0.636
0.34 0.147 0.224 0.168 0.637
0.341 0.147 0.225 0.168 0.638
0.341 0.148 0.226 0.168 0.639
0.342 0.148 0.227 0.168 0.64
0.342 0.149 0.228 0.168 0.641
0.343 0.149 0.229 0.168 0.642
0.343 0.15 0.23 0.168 0.643
0.344 0.15 0.231 0.168 0.644
0.344 0.151 0.232 0.168 0.645
0.344 0.152 0.233 0.168 0.646
0.345 0.152 0.234 0.168 0.647
0.345 0.153 0.235 0.168 0.648
0.346 0.153 0.236 0.168 0.649
0.346 0.154 0.237 0.168 0.65
0.347 0.154 0.238 0.168 0.651
0.347 0.155 0.239 0.168 0.652
0.348 0.155 0.24 0.168 0.653
0.348 0.156 0.241 0.168 0.654
0.348 0.157 0.242 0.168 0.655
0.349 0.157 0.243 0.168 0.656
0.349 0.158 0.244 0.168 0.657
0.35 0.158 0.245 0.168 0.658
0.35 0.159 0.246 0.168 0.659
0.351 0.159 0.247 0.168 0.66
0.351 0.16 0.248 0.168 0.661
0.351 0.161 0.249 0.168 0.662
0.352 0.161 0.25 0.168 0.663
0.352 0.162 0.251 0.168 0.664
0.353 0.162 0.252 0.168 0.665
0.353 0.163 0.253 0.168 0.666
0.353 0.164 0.254 0.168 0.667
0.354 0.164 0.255 0.168 0.668
0.354 0.165 0.256 0.168 0.669
0.355 0.165 0.257 0.168 0.67
0.355 0.166 0.258 0.168 0.671
0.355 0.167 0.259 0.168 0.672
0.356 0.167 0.26 0.168 0.673
0.357 0.167 0.261 0.168 0.674
0.357 0.168 0.262 0.168 0.675
0.358 0.168 0.263 0.168 0.676
0.359 0.168 0.264 0.168 0.677
0.36 0.168 0.265 0.168 0.678
0.361 0.168 0.266 0.168 0.679
0.361 0.169 0.267 0.168 0.68
0.361 0.17 0.268 0.168 0.681
0.361 0.171 0.269 0.168 0.682
0.361 0.171 0.27 0.168 0.683
0.361 0.171 0.271 0.168 0.684
0.361 0.171 0.272 0.168 0.685
0.361 0.171 0.273 0.168 0.686
0.361 0.171 0.274 0.168 0.687
0.361 0.171 0.275 0.168 0.688
0.361 0.171 0.276 0.168 0.689
0.361 0.171 0.277 0.168 0.69
0.361 0.171 0.278 0.168 0.691
0.361 0.171 0.279 0.168 0.692
0.361 0.171 0.28 0.168 0.693
0.361 0.171 0.281 0.168 0.694
0.361 0.171 0.282 0.168 0.695
0.361 0.171 0.283 0.168 0.696
0.361 0.171 0.284 0.168 0.697
0.361 0.171 0.285 0.168 0.698
0.361 0.171 0.286 0.168 0.699
0.361 0.171 0.287 0.168 0.7
0.361 0.171 0.288 0.168 0.701
0.361 0.171 0.289 0.168 0.702
0.361 0.171 0.29 0.168 0.703
0.361 0.171 0.291 0.168 0.704
0.361 0.171 0.292 0.168 0.705
0.361 0.171 0.293 0.168 0.706
0.361 0.171 0.294 0.168 0.707
0.361 0.171 0.295 0.168 0.708
0.361 0.171 0.296 0.168 0.709
0.361 0.171 0.297 0.168 0.71
0.361 0.171 0.298 0.168 0.711
0.361 0.171 0.299 0.168 0.712
0.361 0.171 0.3 0.168 0.713
0.361 0.171 0.3 0.168 0.714
0.361 0.171 0.3 0.168 0.715
0.361 0.171 0.3 0.168 0.716
0.361 0.171 0.3 0.168 0.717
0.361 0.171 0.3 0.168 0.718
0.362 0.171 0.301 0.169 0.717
0.363 0.171 0.302 0.17 0.716
0.364 0.171 0.303 0.171 0.715
0.365 0.171 0.304 0.172 0.714
0.366 0.171 0.305 0.173 0.713
0.367 0.171 0.306 0.174 0.712
0.368 0.171 0.307 0.175 0.711
0.369 0.171 0.308 0.176 0.71
0.37 0.171 0.309 0.177 0.709
0.371 0.171 0.31 0.178 0.708
0.372 0.171 0.311 0.179 0.707
0.373 0.171 0.312 0.18 0.706
0.374 0.171 0.313 0.181 0.705
0.375 0.171 0.314 0.182 0.704
0.376 0.171 0.315 0.183 0.703
0.377 0.171 0.316 0.184 0.702
0.378 0.171 0.317 0.185 0.701
0.378 0.172 0.318 0.186 0.7
0.379 0.172 0.319 0.187 0.699
0.38 0.172 0.32 0.188 0.698
0.38 0.173 0.321 0.189 0.697
0.381 0.173 0.322 0.19 0.696
0.382 0.173 0.323 0.191 0.695
0.383 0.173 0.324 0.192 0.694
0.383 0.174 0.325 0.193 0.693
0.384 0.174 0.326 0.194 0.692
0.385 0.174 0.327 0.195 0.691
0.385 0.175 0.328 0.196 0.69
0.386 0.175 0.329 0.197 0.689
0.387 0.175 0.33 0.198 0.688
0.387 0.176 0.331 0.199 0.687
0.388 0.176 0.332 0.2 0.686
0.389 0.176 0.333 0.201 0.685
0.389 0.177 0.334 0.202 0.684
0.389 0.178 0.335 0.203 0.683
0.389 0.179 0.336 0.204 0.682
0.389 0.18 0.337 0.205 0.681
0.389 0.181 0.338 0.206 0.68
0.389 0.182 0.339 0.207 0.679
0.389 0.183 0.34 0.208 0.678
0.389 0.184 0.341 0.209 0.677
0.389 0.185 0.342 0.21 0.676
0.389 0.186 0.343 0.211 0.675
0.389 0.187 0.344 0.212 0.674
0.389 0.187 0.345 0.213 0.673
0.389 0.187 0.346 0.214 0.672
0.389 0.187 0.347 0.215 0.671
0.389 0.187 0.348 0.216 0.67
0.389 0.187 0.349 0.217 0.669
0.389 0.187 0.35 0.218 0.668
0.389 0.187 0.351 0.219 0.667
0.389 0.187 0.352 0.22 0.666
0.389 0.187 0.353 0.221 0.665
0.389 0.187 0.354 0.222 0.664
0.389 0.187 0.355 0.223 0.663
0.389 0.187 0.356 0.224 0.662
0.389 0.187 0.357 0.225 0.661
0.389 0.187 0.358 0.226 0.66
0.389 0.187 0.359 0.227 0.659
0.389 0.187 0.36 0.228 0.658
0.389 0.187 0.361 0.229 0.657
0.389 0.187 0.362 0.23 0.656
0.389 0.187 0.363 0.231 0.655
0.389 0.187 0.364 0.232 0.654
0.389 0.187 0.365 0.233 0.653
0.389 0.187 0.366 0.234 0.652
0.389 0.187 0.367 0.235 0.651
0.389 0.187 0.368 0.236 0.65
0.389 0.187 0.368 0.237 0.649
0.389 0.187 0.368 0.238 0.648
0.389 0.187 0.368 0.239 0.647
0.389 0.187 0.368 0.24 0.646
0.389 0.187 0.368 0.241 0.645
0.389 0.187 0.368 0.242 0.644
0.389 0.187 0.368 0.243 0.643
0.389 0.187 0.368 0.244 0.642
0.389 0.187 0.368 0.245 0.641
0.389 0.187 0.368 0.246 0.64
0.389 0.187 0.368 0.247 0.639
0.389 0.187 0.368 0.247 0.638
0.389 0.187 0.368 0.247 0.637
0.389 0.187 0.368 0.247 0.636
0.389 0.187 0.368 0.247 0.635
0.389 0.187 0.368 0.247 0.634
0.389 0.187 0.368 0.247 0.633
0.389 0.187 0.368 0.247 0.632
0.389 0.187 0.368 0.247 0.631
0.389 0.187 0.368 0.247 0.63
0.389 0.187 0.368 0.247 0.629
0.389 0.187 0.368 0.247 0.628
0.389 0.187 0.368 0.247 0.627
0.389 0.187 0.368 0.247 0.626
0.389 0.187 0.368 0.247 0.625
0.389 0.187 0.368 0.247 0.624
0.389 0.187 0.368 0.247 0.623
0.389 0.187 0.368 0.247 0.622
0.389 0.187 0.368 0.247 0.621
0.389 0.187 0.368 0.247 0.62
0.389 0.187 0.368 0.247 0.619
0.389 0.187 0.368 0.247 0.618
0.389 0.187 0.368 0.247 0.617
0.389 0.187 0.368 0.247 0.616
0.389 0.187 0.368 0.247 0.615
0.389 0.187 0.368 0.247 0.614
0.389 0.187 0.368 0.247 0.613
0.389 0.187 0.368 0.247 0.612
0.389 0.187 0.368 0.247 0.611
0.389 0.187 0.368 0.247 0.61
0.389 0.187 0.368 0.247 0.609
0.389 0.187 0.368 0.247 0.608
0.389 0.187 0.368 0.247 0.607
0.389 0.187 0.368 0.247 0.606
0.389 0.187 0.368 0.247 0.605
0.389 0.187 0.368 0.247 0.604
0.389 0.187 0.368 0.247 0.603
0.389 0.187 0.368 0.247 0.602
0.389 0.187 0.368 0.247 0.601
0.389 0.187 0.368 0.247 0.6
0.389 0.187 0.368 0.247 0.599
0.389 0.187 0.368 0.247 0.598
0.389 0.187 0.368 0.247 0.597
0.389 0.187 0.368 0.247 0.596
0.389 0.187 0.368 0.247 0.595
0.39 0.187 0.367 0.246 0.594
0.391 0.187 0.366 0.245 0.593
0.392 0.187 0.365 0.244 0.592
0.393 0.187 0.364 0.243 0.591
0.394 0.187 0.363 0.242 0.59
0.395 0.187 0.362 0.241 0.589
0.396 0.187 0.361 0.241 0.588
0.397 0.187 0.36 0.241 0.587
0.398 0.187 0.359 0.241 0.586
0.399 0.187 0.358 0.241 0.585
0.4 0.187 0.357 0.241 0.584
0.401 0.187 0.356 0.241 0.583
0.402 0.187 0.355 0.241 0.582
0.403 0.187 0.354 0.241 0.581
0.404 0.187 0.353 0.241 0.58
0.405 0.187 0.352 0.241 0.579
0.406 0.187 0.351 0.241 0.578
0.407 0.187 0.35 0.241 0.577
0.408 0.187 0.349 0.241 0.576
0.409 0.187 0.348 0.241 0.575
0.41 0.187 0.347 0.241 0.574
0.411 0.187 0.346 0.241 0.573
0.412 0.187 0.345 0.241 0.572
0.413 0.187 0.344 0.241 0.571
0.413 0.188 0.343 0.241 0.57
0.414 0.188 0.342 0.241 0.569
0.415 0.188 0.341 0.241 0.568
0.416 0.188 0.34 0.241 0.567
0.416 0.189 0.339 0.241 0.566
0.417 0.189 0.338 0.241 0.565
0.418 0.189 0.337 0.241 0.564
0.418 0.19 0.336 0.241 0.563
0.419 0.19 0.335 0.241 0.562
0.42 0.19 0.334 0.241 0.561
0.421 0.19 0.333 0.241 0.56
0.421 0.191 0.332 0.241 0.559
0.421 0.192 0.331 0.241 0.558
0.421 0.193 0.33 0.241 0.557
0.421 0.194 0.329 0.241 0.556
0.421 0.195 0.328 0.241 0.555
0.421 0.196 0.327 0.241 0.554
0.421 0.197 0.326 0.241 0.553
0.421 0.198 0.325 0.241 0.552
0.421 0.199 0.324 0.241 0.551
0.421 0.199 0.323 0.241 0.55
0.421 0.199 0.322 0.241 0.549
0.421 0.199 0.321 0.241 0.548
0.421 0.199 0.32 0.241 0.547
0.421 0.199 0.319 0.241 0.546
0.421 0.199 0.318 0.241 0.545
0.421 0.199 0.317 0.241 0.544
0.421 0.199 0.316 0.241 0.543
0.421 0.199 0.315 0.241 0.542
0.421 0.199 0.314 0.241 0.541
0.421 0.199 0.313 0.241 0.54
0.421 0.199 0.312 0.241 0.539
0.421 0.199 0.311 0.241 0.538
0.421 0.199 0.31 0.241 0.537
0.421 0.199 0.309 0.241 0.536
0.421 0.199 0.308 0.241 0.535
0.421 0.199 0.307 0.241 0.534
0.421 0.199 0.306 0.241 0.533
0.421 0.199 0.305 0.241 0.532
0.421 0.199 0.304 0.241 0.531
0.421 0.199 0.303 0.241 0.53
0.421 0.199 0.302 0.241 0.529
0.421 0.199 0.301 0.241 0.528
0.421 0.199 0.3 0.241 0.527
0.421 0.199 0.299 0.241 0.526
0.421 0.199 0.298 0.241 0.525
0.421 0.199 0.297 0.241 0.524
0.421 0.199 0.296 0.241 0.523
0.421 0.199 0.295 0.241 0.522
0.421 0.199 0.294 0.241 0.521
0.421 0.199 0.293 0.241 0.52
0.421 0.199 0.292 0.241 0.519
0.421 0.199 0.291 0.241 0.518
0.421 0.199 0.29 0.241 0.517
0.421 0.199 0.289 0.241 0.516
0.421 0.199 0.288 0.241 0.516
0.421 0.199 0.287 0.241 0.516
0.421 0.199 0.286 0.241 0.516
0.421 0.199 0.285 0.241 0.516
0.421 0.199 0.284 0.241 0.516
0.421 0.199 0.283 0.241 0.516
0.421 0.199 0.282 0.241 0.516
0.421 0.199 0.281 0.241 0.516
0.421 0.199 0.28 0.241 0.516
0.421 0.199 0.279 0.241 0.516
0.421 0.199 0.278 0.241 0.516
0.421 0.199 0.277 0.241 0.516
0.421 0.199 0.276 0.241 0.516
0.421 0.199 0.275 0.241 0.516
0.421 0.199 0.274 0.241 0.516
0.421 0.199 0.273 0.241 0.516
0.421 0.199 0.272 0.241 0.516
0.421 0.199 0.271 0.241 0.516
0.421 0.199 0.27 0.241 0.516
0.421 0.199 0.269 0.241 0.516
0.421 0.199 0.268 0.241 0.516
0.421 0.199 0.267 0.241 0.516
0.421 0.199 0.266 0.241 0.516
0.421 0.199 0.265 0.241 0.516
0.421 0.199 0.264 0.241 0.516
0.421 0.199 0.263 0.241 0.516
0.421 0.199 0.262 0.241 0.516
0.421 0.199 0.261 0.241 0.516
0.421 0.199 0.26 0.241 0.516
0.421 0.199 0.259 0.241 0.516
0.421 0.199 0.258 0.241 0.516
0.421 0.199 0.257 0.241 0.516
0.421 0.199 0.256 0.241 0.516
0.421 0.199 0.255 0.241 0.516
0.421 0.199 0.254 0.241 0.516
0.421 0.199 0.253 0.241 0.516
0.421 0.199 0.252 0.241 0.516
0.421 0.199 0.251 0.241 0.516
0.421 0.199 0.25 0.241 0.516
0.421 0.199 0.249 0.241 0.516
0.421 0.199 0.248 0.241 0.516
0.421 0.199 0.247 0.241 0.516
0.421 0.199 0.246 0.241 0.516
0.421 0.199 0.245 0.241 0.516
0.421 0.199 0.244 0.241 0.516
0.421 0.199 0.243 0.241 0.516
0.421 0.199 0.242 0.241 0.516
0.422 0.199 0.241 0.242 0.517
0.423 0.199 0.24 0.243 0.518
0.424 0.199 0.239 0.244 0.519
0.425 0.199 0.238 0.245 0.519
0.426 0.199 0.237 0.246 0.519
0.427 0.199 0.236 0.247 0.519
0.428 0.199 0.235 0.248 0.519
0.429 0.199 0.234 0.249 0.519
0.429 0.2 0.233 0.25 0.519
0.429 0.201 0.232 0.251 0.519
0.429 0.202 0.231 0.252 0.519
0.429 0.203 0.23 0.253 0.519
0.429 0.204 0.229 0.254 0.519
0.429 0.205 0.228 0.255 0.519
0.429 0.206 0.227 0.256 0.519
0.429 0.207 0.226 0.257 0.519
0.429 0.208 0.225 0.258 0.519
0.429 0.209 0.224 0.259 0.519
0.429 0.21 0.223 0.26 0.519
0.429 0.211 0.222 0.261 0.519
0.429 0.212 0.221 0.262 0.519
0.429 0.213 0.22 0.263 0.519
0.429 0.214 0.219 0.264 0.519
0.429 0.215 0.218 0.265 0.519
0.429 0.216 0.217 0.266 0.519
0.429 0.217 0.216 0.267 0.519
0.429 0.218 0.215 0.268 0.519
0.429 0.219 0.214 0.269 0.519
0.429 0.22 0.213 0.27 0.519
0.429 0.221 0.212 0.271 0.519
0.43 0.221 0.211 0.272 0.519
0.431 0.221 0.21 0.273 0.519
0.432 0.221 0.209 0.274 0.519
0.433 0.221 0.208 0.275 0.519
0.434 0.221 0.207 0.276 0.519
0.435 0.221 0.206 0.277 0.519
0.436 0.221 0.205 0.278 0.519
0.437 0.221 0.204 0.279 0.519
0.438 0.221 0.203 0.28 0.519
0.439 0.221 0.202 0.281 0.519
0.44 0.221 0.201 0.282 0.519
0.441 0.221 0.2 0.283 0.519
0.442 0.221 0.199 0.284 0.519
0.443 0.221 0.198 0.285 0.519
0.444 0.221 0.197 0.286 0.519
0.445 0.221 0.196 0.287 0.519
0.446 0.221 0.195 0.288 0.519
0.447 0.221 0.194 0.289 0.519
0.448 0.221 0.193 0.29 0.519
0.449 0.221 0.192 0.291 0.519
0.449 0.222 0.191 0.292 0.519
0.449 0.223 0.19 0.293 0.519
0.449 0.224 0.189 0.294 0.519
0.449 0.225 0.188 0.295 0.519
0.449 0.226 0.187 0.296 0.519
0.449 0.227 0.186 0.297 0.519
0.449 0.228 0.185 0.298 0.519
0.449 0.229 0.184 0.299 0.519
0.449 0.23 0.183 0.3 0.519
0.449 0.231 0.182 0.301 0.519
0.449 0.232 0.181 0.302 0.519
0.449 0.232 0.18 0.303 0.519
0.449 0.232 0.179 0.304 0.519
0.449 0.232 0.178 0.305 0.519
0.449 0.232 0.177 0.306 0.519
0.449 0.232 0.176 0.307 0.519
0.449 0.232 0.175 0.308 0.519
0.449 0.232 0.174 0.309 0.519
0.449 0.232 0.173 0.31 0.519
0.449 0.232 0.172 0.311 0.519
0.449 0.232 0.171 0.312 0.519
0.449 0.232 0.17 0.313 0.519
0.449 0.232 0.169 0.314 0.519
0.449 0.232 0.168 0.315 0.519
0.449 0.232 0.167 0.316 0.519
0.449 0.232 0.166 0.317 0.519
0.449 0.232 0.165 0.318 0.519
0.449 0.232 0.164 0.319 0.519
0.449 0.232 0.163 0.32 0.519
0.449 0.232 0.162 0.321 0.519
0.449 0.232 0.161 0.322 0.519
0.449 0.232 0.16 0.323 0.519
0.449 0.232 0.159 0.324 0.519
0.449 0.232 0.158 0.325 0.519
0.449 0.232 0.157 0.326 0.519
0.449 0.232 0.156 0.327 0.519
0.449 0.232 0.155 0.328 0.519
0.449 0.232 0.154 0.329 0.519
0.449 0.232 0.153 0.33 0.519
0.449 0.232 0.152 0.331 0.519
0.449 0.232 0.151 0.332 0.519
0.449 0.232 0.15 0.333 0.519
0.449 0.232 0.149 0.334 0.519
0.449 0.232 0.149 0.335 0.519
0.449 0.232 0.149 0.336 0.519
0.449 0.232 0.149 0.337 0.519
0.449 0.232 0.149 0.338 0.519
0.449 0.232 0.149 0.339 0.519
0.449 0.232 0.149 0.34 0.519
0.449 0.232 0.149 0.341 0.519
0.449 0.232 0.149 0.342 0.519
0.449 0.232 0.149 0.343 0.519
0.449 0.232 0.149 0.344 0.519
0.449 0.232 0.149 0.345 0.519
0.449 0.232 0.149 0.346 0.519
0.449 0.232 0.149 0.347 0.519
0.449 0.232 0.149 0.348 0.519
0.449 0.232 0.149 0.349 0.519
0.449 0.232 0.149 0.35 0.519
0.449 0.232 0.149 0.351 0.519
0.449 0.232 0.149 0.352 0.519
0.449 0.232 0.149 0.353 0.519
0.449 0.232 0.149 0.354 0.519
0.449 0.232 0.149 0.355 0.519
0.449 0.232 0.149 0.356 0.519
0.449 0.232 0.149 0.357 0.519
0.449 0.232 0.149 0.358 0.519
0.449 0.232 0.149 0.359 0.519
0.449 0.232 0.149 0.36 0.519
0.449 0.232 0.149 0.361 0.519
0.449 0.232 0.149 0.362 0.519
0.449 0.232 0.149 0.363 0.519
0.449 0.232 0.149 0.364 0.519
0.449 0.232 0.149 0.365 0.519
0.449 0.232 0.149 0.366 0.519
0.449 0.232 0.149 0.367 0.519
0.449 0.232 0.149 0.368 0.519
0.449 0.232 0.149 0.369 0.519
0.449 0.232 0.149 0.37 0.519
0.449 0.232 0.149 0.371 0.519
0.449 0.232 0.149 0.372 0.519
0.449 0.232 0.149 0.373 0.519
0.449 0.232 0.149 0.374 0.519
0.449 0.232 0.149 0.375 0.519
0.449 0.232 0.149 0.376 0.519
0.449 0.232 0.149 0.377 0.519
0.449 0.232 0.149 0.378 0.519
0.449 0.232 0.149 0.379 0.519
0.449 0.232 0.149 0.38 0.519
0.449 0.232 0.149 0.381 0.519
0.449 0.232 0.149 0.382 0.519
0.449 0.232 0.149 0.383 0.519
0.449 0.232 0.149 0.384 0.519
0.449 0.232 0.149 0.385 0.519
0.449 0.232 0.149 0.386 0.519
0.449 0.232 0.149 0.387 0.519
0.449 0.232 0.149 0.388 0.519
0.449 0.232 0.149 0.389 0.519
0.449 0.232 0.149 0.39 0.519
0.449 0.232 0.149 0.391 0.519
0.449 0.232 0.149 0.392 0.519
0.449 0.232 0.149 0.393 0.519
0.449 0.232 0.149 0.394 0.519
0.449 0.232 0.149 0.395 0.519
0.449 0.232 0.149 0.396 0.519
0.449 0.232 0.149 0.397 0.519
0.449 0.232 0.149 0.398 0.519
0.449 0.232 0.149 0.399 0.519
0.449 0.232 0.149 0.4 0.519
0.449 0.232 0.149 0.401 0.519
0.449 0.232 0.149 0.402 0.519
0.45 0.232 0.15 0.403 0.52
0.451 0.232 0.151 0.404 0.521
0.452 0.232 0.152 0.405 0.522
0.453 0.232 0.153 0.406 0.523
0.454 0.232 0.154 0.407 0.524
0.455 0.232 0.155 0.408 0.525
0.456 0.232 0.156 0.409 0.526
0.457 0.232 0.157 0.41 0.527
0.458 0.232 0.158 0.411 0.528
0.459 0.232 0.159 0.412 0.529
0.46 0.232 0.16 0.413 0.53
0.461 0.232 0.161 0.414 0.531
0.462 0.232 0.162 0.415 0.532
0.463 0.232 0.163 0.416 0.533
0.464 0.232 0.164 0.417 0.534
0.465 0.232 0.165 0.418 0.535
0.466 0.232 0.166 0.419 0.536
0.467 0.232 0.167 0.42 0.537
0.468 0.232 0.168 0.421 0.538
0.469 0.232 0.169 0.422 0.539
0.47 0.232 0.17 0.423 0.54
0.471 0.232 0.171 0.424 0.541
0.472 0.232 0.172 0.425 0.542
0.473 0.232 0.173 0.426 0.543
0.474 0.232 0.174 0.427 0.544
0.475 0.232 0.175 0.428 0.545
0.476 0.232 0.176 0.429 0.546
0.477 0.232 0.177 0.43 0.547
0.478 0.232 0.178 0.431 0.548
0.479 0.232 0.179 0.432 0.549
0.48 0.232 0.179 0.433 0.55
0.48 0.233 0.179 0.434 0.551
0.48 0.234 0.179 0.435 0.552
0.48 0.235 0.179 0.436 0.553
0.48 0.236 0.179 0.437 0.554
0.48 0.237 0.179 0.438 0.555
0.48 0.238 0.179 0.439 0.556
0.48 0.239 0.179 0.44 0.557
0.48 0.24 0.179 0.441 0.558
0.48 0.24 0.179 0.442 0.559
0.48 0.24 0.179 0.443 0.56
0.48 0.24 0.179 0.444 0.561
0.48 0.24 0.179 0.445 0.562
0.48 0.24 0.179 0.446 0.563
0.48 0.24 0.179 0.447 0.564
0.48 0.24 0.179 0.448 0.565
0.48 0.24 0.179 0.449 0.566
0.48 0.24 0.179 0.45 0.567
0.48 0.24 0.179 0.451 0.568
0.48 0.24 0.179 0.452 0.569
0.48 0.24 0.179 0.453 0.57
0.48 0.24 0.179 0.454 0.571
0.48 0.24 0.179 0.455 0.572
0.48 0.24 0.179 0.456 0.573
0.48 0.24 0.179 0.457 0.574
0.48 0.24 0.179 0.458 0.575
0.48 0.24 0.179 0.459 0.576
0.48 0.24 0.179 0.46 0.577
0.48 0.24 0.179 0.461 0.578
0.48 0.24 0.179 0.462 0.579
0.48 0.24 0.179 0.463 0.58
0.48 0.24 0.179 0.464 0.581
0.48 0.24 0.179 0.465 0.582
0.48 0.24 0.179 0.466 0.583
0.48 0.24 0.179 0.467 0.584
0.48 0.24 0.179 0.468 0.585
0.48 0.24 0.179 0.469 0.586
0.48 0.24 0.179 0.47 0.587
0.48 0.24 0.179 0.471 0.588
0.48 0.24 0.179 0.472 0.589
0.48 0.24 0.179 0.473 0.59
0.48 0.24 0.179 0.474 0.591
0.48 0.24 0.179 0.475 0.592
0.48 0.24 0.179 0.476 0.593
0.48 0.24 0.179 0.477 0.594
0.48 0.24 0.179 0.478 0.595
0.48 0.24 0.179 0.479 0.595
0.48 0.24 0.179 0.48 0.595
0.48 0.24 0.179 0.481 0.595
0.48 0.24 0.179 0.482 0.595
0.48 0.24 0.179 0.483 0.595
0.48 0.24 0.179 0.484 0.595
0.48 0.24 0.179 0.485 0.595
0.48 0.24 0.179 0.486 0.595
0.48 0.24 0.179 0.487 0.595
0.48 0.24 0.179 0.488 0.595
0.48 0.24 0.179 0.489 0.595
0.48 0.24 0.179 0.49 0.595
0.48 0.24 0.179 0.491 0.595
0.48 0.24 0.179 0.492 0.595
0.48 0.24 0.179 0.493 0.595
0.48 0.24 0.179 0.494 0.595
0.48 0.24 0.179 0.495 0.595
0.48 0.24 0.179 0.496 0.595
0.48 0.24 0.179 0.497 0.595
0.48 0.24 0.179 0.498 0.595
0.48 0.24 0.179 0.499 0.595
0.48 0.24 0.179 0.5 0.595
0.48 0.24 0.179 0.501 0.595
0.48 0.24 0.179 0.502 0.595
0.48 0.24 0.179 0.503 0.595
0.48 0.24 0.179 0.504 0.595
0.48 0.24 0.179 0.505 0.595
0.48 0.24 0.179 0.506 0.595
0.48 0.24 0.179 0.507 0.595
0.48 0.24 0.179 0.508 0.595
0.48 0.24 0.179 0.509 0.595
0.48 0.24 0.179 0.51 0.595
0.48 0.24 0.179 0.511 0.595
0.48 0.24 0.179 0.512 0.595
0.48 0.24 0.179 0.513 0.595
0.48 0.24 0.179 0.514 0.595
0.48 0.24 0.179 0.515 0.595
0.48 0.24 0.179 0.516 0.595
0.48 0.24 0.179 0.517 0.595
0.48 0.24 0.179 0.518 0.595
0.48 0.24 0.179 0.519 0.595
0.48 0.24 0.179 0.52 0.595
0.48 0.24 0.179 0.521 0.595
0.48 0.24 0.179 0.522 0.595
0.481 0.24 0.18 0.521 0.596
0.482 0.24 0.181 0.52 0.597
0.483 0.24 0.182 0.519 0.598
0.484 0.24 0.183 0.518 0.599
0.485 0.24 0.184 0.517 0.6
0.486 0.24 0.185 0.516 0.601
0.487 0.24 0.186 0.515 0.602
0.488 0.24 0.187 0.514 0.603
0.489 0.24 0.188 0.513 0.604
0.49 0.24 0.189 0.512 0.605
0.491 0.24 0.19 0.511 0.606
0.492 0.24 0.191 0.51 0.607
0.493 0.24 0.192 0.509 0.608
0.494 0.24 0.193 0.508 0.609
0.495 0.24 0.194 0.507 0.61
0.496 0.24 0.195 0.506 0.611
0.497 0.24 0.196 0.505 0.612
0.498 0.24 0.197 0.504 0.613
0.499 0.24 0.198 0.503 0.614
0.5 0.24 0.199 0.502 0.615
0.501 0.24 0.199 0.501 0.616
0.501 0.241 0.199 0.5 0.617
0.501 0.242 0.199 0.499 0.618
0.501 0.243 0.199 0.498 0.619
0.501 0.244 0.199 0.497 0.62
0.501 0.245 0.199 0.496 0.621
0.501 0.246 0.199 0.495 0.622
0.501 0.247 0.199 0.494 0.623
0.501 0.248 0.199 0.493 0.624
0.501 0.249 0.199 0.492 0.625
0.501 0.25 0.199 0.491 0.626
0.501 0.251 0.199 0.49 0.627
0.501 0.252 0.199 0.489 0.628
0.501 0.253 0.199 0.488 0.629
0.501 0.254 0.199 0.487 0.63
0.501 0.255 0.199 0.486 0.631
0.501 0.256 0.199 0.486 0.632
0.501 0.257 0.199 0.486 0.633
0.501 0.258 0.199 0.486 0.634
0.501 0.259 0.199 0.486 0.635
0.501 0.26 0.199 0.486 0.636
0.501 0.261 0.199 0.486 0.637
0.501 0.262 0.199 0.486 0.638
0.501 0.263 0.199 0.486 0.639
0.501 0.264 0.199 0.486 0.64
0.501 0.265 0.199 0.486 0.641
0.501 0.266 0.199 0.486 0.642
0.501 0.266 0.199 0.486 0.643
0.501 0.266 0.199 0.486 0.644
0.501 0.266 0.199 0.486 0.645
0.501 0.266 0.199 0.486 0.646
0.501 0.266 0.199 0.486 0.647
0.501 0.266 0.199 0.486 0.648
0.501 0.266 0.199 0.486 0.649
0.501 0.266 0.199 0.486 0.65
0.501 0.266 0.199 0.486 0.651
0.501 0.266 0.199 0.486 0.652
0.501 0.266 0.199 0.486 0.653
0.501 0.266 0.199 0.486 0.654
0.501 0.266 0.199 0.486 0.655
0.501 0.266 0.199 0.486 0.656
0.501 0.266 0.199 0.486 0.657
0.501 0.266 0.199 0.486 0.658
0.502 0.266 0.2 0.485 0.657
0.503 0.266 0.201 0.484 0.656
0.504 0.266 0.202 0.483 0.655
0.505 0.266 0.203 0.482 0.654
0.506 0.266 0.204 0.481 0.653
0.507 0.266 0.205 0.48 0.652
0.508 0.266 0.206 0.479 0.651
0.509 0.266 0.207 0.478 0.65
0.51 0.266 0.208 0.477 0.649
0.511 0.266 0.208 0.476 0.648
0.512 0.266 0.208 0.475 0.647
0.513 0.266 0.208 0.474 0.646
0.514 0.266 0.208 0.473 0.645
0.515 0.266 0.208 0.472 0.644
0.516 0.266 0.208 0.471 0.643
0.517 0.266 0.208 0.47 0.642
0.518 0.266 0.208 0.469 0.641
0.519 0.266 0.208 0.468 0.64
0.52 0.266 0.208 0.467 0.639
0.521 0.266 0.208 0.466 0.638
0.522 0.266 0.208 0.465 0.637
0.522 0.267 0.208 0.464 0.636
0.522 0.268 0.208 0.463 0.636
0.522 0.269 0.208 0.462 0.636
0.522 0.27 0.208 0.461 0.636
0.522 0.271 0.208 0.46 0.636
0.522 0.272 0.208 0.459 0.636
0.522 0.273 0.208 0.458 0.636
0.522 0.274 0.208 0.457 0.636
0.522 0.275 0.208 0.456 0.636
0.522 0.276 0.208 0.455 0.636
0.522 0.277 0.208 0.454 0.636
0.522 0.277 0.208 0.453 0.636
0.522 0.277 0.208 0.452 0.636
0.522 0.277 0.208 0.451 0.636
0.522 0.277 0.208 0.45 0.636
0.522 0.277 0.208 0.449 0.636
0.522 0.277 0.208 0.448 0.636
0.522 0.277 0.208 0.447 0.636
0.522 0.277 0.208 0.446 0.636
0.522 0.277 0.208 0.445 0.636
0.522 0.277 0.208 0.444 0.636
0.522 0.277 0.208 0.443 0.636
0.522 0.277 0.208 0.442 0.636
0.522 0.277 0.208 0.441 0.636
0.522 0.277 0.208 0.44 0.636
0.522 0.277 0.208 0.439 0.636
0.522 0.277 0.208 0.438 0.636
0.522 0.277 0.208 0.437 0.636
0.522 0.277 0.208 0.436 0.636
0.522 0.277 0.208 0.435 0.636
0.522 0.277 0.208 0.434 0.636
0.522 0.277 0.208 0.433 0.636
0.522 0.277 0.208 0.432 0.636
0.522 0.277 0.208 0.431 0.636
0.522 0.277 0.208 0.43 0.636
0.522 0.277 0.208 0.429 0.636
0.522 0.277 0.208 0.428 0.636
0.522 0.277 0.208 0.427 0.636
0.522 0.277 0.208 0.426 0.636
0.522 0.277 0.208 0.425 0.636
0.522 0.277 0.208 0.424 0.636
0.522 0.277 0.208 0.423 0.636
0.522 0.277 0.208 0.422 0.636
0.522 0.277 0.208 0.421 0.636
0.522 0.277 0.208 0.42 0.636
0.522 0.277 0.208 0.419 0.636
0.522 0.277 0.208 0.418 0.636
0.522 0.277 0.208 0.417 0.636
0.522 0.277 0.208 0.416 0.636
0.522 0.277 0.208 0.415 0.636
0.522 0.277 0.208 0.414 0.636
0.522 0.277 0.208 0.413 0.636
0.522 0.277 0.208 0.412 0.636
0.522 0.277 0.208 0.411 0.636
0.522 0.277 0.208 0.41 0.636
0.522 0.277 0.208 0.409 0.636
0.522 0.277 0.208 0.408 0.636
0.522 0.277 0.208 0.407 0.636
0.522 0.277 0.208 0.406 0.636
0.522 0.277 0.208 0.405 0.636
0.522 0.277 0.208 0.404 0.636
0.522 0.277 0.208 0.403 0.636
0.522 0.277 0.208 0.402 0.636
0.522 0.277 0.208 0.401 0.636
0.522 0.277 0.208 0.4 0.636
0.522 0.277 0.208 0.399 0.636
0.522 0.277 0.208 0.398 0.636
0.522 0.277 0.208 0.397 0.636
0.522 0.277 0.208 0.396 0.636
0.522 0.277 0.208 0.395 0.636
0.522 0.277 0.208 0.394 0.636
0.522 0.277 0.208 0.393 0.636
0.522 0.277 0.208 0.392 0.636
0.522 0.277 0.208 0.391 0.636
0.522 0.277 0.208 0.39 0.636
0.522 0.277 0.208 0.389 0.636
0.522 0.277 0.208 0.388 0.636
0.523 0.277 0.209 0.387 0.635
0.524 0.277 0.21 0.386 0.634
0.525 0.277 0.211 0.385 0.633
0.526 0.277 0.212 0.384 0.632
0.527 0.277 0.213 0.383 0.631
0.528 0.277 0.214 0.382 0.63
0.529 0.277 0.215 0.381 0.629
0.53 0.277 0.216 0.38 0.628
0.531 0.277 0.217 0.379 0.627
0.532 0.277 0.218 0.378 0.626
0.533 0.277 0.219 0.377 0.625
0.534 0.277 0.22 0.376 0.624
0.535 0.277 0.221 0.375 0.623
0.536 0.277 0.222 0.374 0.622
0.537 0.277 0.223 0.373 0.621
0.538 0.277 0.224 0.372 0.62
0.539 0.277 0.225 0.371 0.619
0.54 0.277 0.226 0.37 0.618
0.541 0.277 0.227 0.369 0.617
0.542 0.277 0.228 0.368 0.616
0.543 0.277 0.229 0.367 0.615
0.544 0.277 0.23 0.366 0.614
0.545 0.277 0.231 0.365 0.613
0.546 0.277 0.232 0.364 0.612
0.547 0.277 0.233 0.363 0.611
0.548 0.277 0.234 0.362 0.61
0.549 0.277 0.235 0.361 0.609
0.55 0.277 0.236 0.36 0.608
0.551 0.277 0.237 0.359 0.607
0.552 0.277 0.238 0.358 0.606
0.553 0.277 0.239 0.357 0.605
0.554 0.277 0.24 0.356 0.604
0.555 0.277 0.241 0.355 0.603
0.556 0.277 0.242 0.354 0.602
0.557 0.277 0.243 0.353 0.601
0.557 0.276 0.244 0.352 0.6
0.557 0.275 0.245 0.351 0.599
0.557 0.275 0.246 0.35 0.598
0.557 0.275 0.247 0.349 0.597
0.557 0.275 0.248 0.348 0.596
0.557 0.275 0.249 0.347 0.595
0.557 0.275 0.25 0.346 0.594
0.557 0.275 0.251 0.345 0.593
0.557 0.275 0.252 0.344 0.592
0.557 0.275 0.253 0.343 0.591
0.557 0.275 0.254 0.342 0.59
0.557 0.275 0.255 0.341 0.589
0.557 0.275 0.256 0.34 0.588
0.557 0.275 0.257 0.339 0.587
0.557 0.275 0.258 0.338 0.586
0.557 0.275 0.259 0.337 0.585
0.557 0.275 0.26 0.336 0.584
0.557 0.275 0.261 0.335 0.583
0.557 0.275 0.262 0.334 0.582
0.557 0.275 0.263 0.333 0.581
0.557 0.275 0.264 0.332 0.58
0.557 0.275 0.265 0.331 0.579
0.557 0.275 0.266 0.33 0.578
0.557 0.275 0.267 0.329 0.577
0.557 0.275 0.268 0.328 0.576
0.557 0.275 0.269 0.327 0.575
0.557 0.275 0.27 0.326 0.574
0.557 0.275 0.271 0.325 0.573
0.557 0.275 0.272 0.324 0.572
0.557 0.275 0.273 0.323 0.571
0.557 0.275 0.274 0.322 0.57
0.557 0.275 0.275 0.321 0.57
0.557 0.275 0.276 0.32 0.57
0.557 0.275 0.277 0.319 0.57
0.557 0.275 0.278 0.318 0.57
0.557 0.275 0.279 0.317 0.57
0.557 0.275 0.28 0.316 0.57
0.557 0.275 0.281 0.315 0.57
0.557 0.275 0.282 0.314 0.57
0.557 0.275 0.283 0.313 0.57
0.557 0.275 0.284 0.312 0.57
0.557 0.275 0.285 0.311 0.57
0.557 0.275 0.286 0.31 0.57
0.557 0.275 0.287 0.309 0.57
0.557 0.275 0.288 0.308 0.57
0.557 0.275 0.289 0.308 0.57
0.557 0.275 0.29 0.308 0.57
0.557 0.275 0.291 0.308 0.57
0.557 0.275 0.292 0.308 0.57
0.557 0.275 0.293 0.308 0.57
0.557 0.275 0.294 0.308 0.57
0.557 0.275 0.295 0.308 0.57
0.557 0.275 0.296 0.308 0.57
0.557 0.275 0.297 0.308 0.57
0.557 0.275 0.298 0.308 0.57
0.557 0.275 0.299 0.308 0.57
0.557 0.275 0.3 0.308 0.57
0.558 0.275 0.301 0.307 0.571
0.559 0.275 0.301 0.306 0.572
0.56 0.275 0.301 0.305 0.573
0.561 0.275 0.301 0.304 0.574
0.562 0.275 0.301 0.303 0.575
0.563 0.275 0.301 0.302 0.576
0.564 0.275 0.301 0.301 0.577
0.565 0.275 0.301 0.3 0.578
0.566 0.275 0.301 0.299 0.579
0.567 0.275 0.301 0.298 0.58
0.568 0.275 0.301 0.297 0.581
0.569 0.275 0.301 0.296 0.582
0.57 0.275 0.301 0.295 0.583
0.571 0.275 0.301 0.294 0.584
0.572 0.275 0.301 0.293 0.585
0.573 0.275 0.301 0.292 0.586
0.574 0.275 0.301 0.291 0.587
0.575 0.275 0.301 0.29 0.588
0.576 0.275 0.301 0.289 0.589
0.577 0.275 0.301 0.288 0.59
0.578 0.275 0.301 0.287 0.591
0.579 0.275 0.301 0.286 0.592
0.58 0.275 0.301 0.285 0.593
0.581 0.275 0.301 0.285 0.594
0.582 0.275 0.301 0.285 0.595
0.582 0.274 0.301 0.285 0.596
0.582 0.274 0.301 0.285 0.597
0.582 0.274 0.301 0.285 0.598
0.582 0.274 0.301 0.285 0.599
0.582 0.274 0.301 0.285 0.6
0.582 0.274 0.301 0.285 0.601
0.582 0.274 0.301 0.285 0.602
0.582 0.274 0.301 0.285 0.603
0.582 0.274 0.301 0.285 0.604
0.582 0.274 0.301 0.285 0.605
0.582 0.274 0.301 0.285 0.606
0.582 0.274 0.301 0.285 0.607
0.583 0.274 0.3 0.284 0.608
0.584 0.274 0.299 0.283 0.609
0.584 0.275 0.298 0.282 0.61
0.585 0.275 0.297 0.281 0.611
0.585 0.276 0.296 0.28 0.612
0.585 0.277 0.295 0.279 0.613
0.585 0.278 0.294 0.278 0.614
0.585 0.279 0.293 0.277 0.615
0.585 0.28 0.292 0.276 0.616
0.585 0.281 0.291 0.275 0.617
0.585 0.282 0.29 0.274 0.618
0.585 0.283 0.289 0.273 0.619
0.585 0.284 0.288 0.272 0.62
0.585 0.285 0.287 0.271 0.621
0.585 0.286 0.286 0.27 0.622
0.585 0.287 0.285 0.269 0.623
0.585 0.288 0.284 0.268 0.624
0.585 0.289 0.283 0.267 0.625
0.585 0.29 0.282 0.266 0.626
0.585 0.291 0.281 0.265 0.627
0.585 0.292 0.28 0.264 0.628
0.585 0.293 0.279 0.263 0.629
0.585 0.294 0.278 0.262 0.63
0.585 0.295 0.277 0.261 0.631
0.585 0.296 0.276 0.26 0.632
0.585 0.297 0.275 0.259 0.633
0.585 0.298 0.274 0.258 0.634
0.585 0.299 0.273 0.257 0.635
0.585 0.3 0.272 0.256 0.636
0.585 0.301 0.271 0.255 0.637
0.585 0.302 0.27 0.254 0.638
0.585 0.303 0.269 0.253 0.639
0.585 0.304 0.268 0.252 0.64
0.585 0.305 0.267 0.251 0.641
0.585 0.306 0.266 0.25 0.642
0.585 0.307 0.265 0.249 0.643
0.585 0.308 0.264 0.248 0.644
0.585 0.309 0.263 0.247 0.645
0.585 0.31 0.262 0.246 0.646
0.585 0.311 0.261 0.245 0.647
0.585 0.312 0.26 0.244 0.648
0.585 0.313 0.259 0.243 0.649
0.585 0.314 0.258 0.242 0.65
0.585 0.315 0.257 0.241 0.651
0.585 0.316 0.256 0.24 0.652
0.585 0.317 0.255 0.239 0.653
0.585 0.317 0.254 0.238 0.654
0.585 0.317 0.253 0.237 0.655
0.585 0.317 0.252 0.236 0.656
0.585 0.317 0.251 0.235 0.657
0.585 0.317 0.25 0.234 0.658
0.585 0.317 0.249 0.233 0.659
0.585 0.317 0.248 0.232 0.66
0.585 0.317 0.247 0.231 0.661
0.585 0.317 0.246 0.23 0.662
0.585 0.317 0.245 0.229 0.663
0.585 0.317 0.244 0.228 0.664
0.585 0.317 0.243 0.227 0.665
0.585 0.317 0.242 0.226 0.666
0.585 0.317 0.241 0.225 0.667
0.585 0.317 0.24 0.224 0.668
0.585 0.317 0.239 0.223 0.669
0.585 0.317 0.238 0.222 0.67
0.585 0.317 0.237 0.221 0.671
0.585 0.317 0.236 0.22 0.672
0.585 0.317 0.235 0.219 0.673
0.585 0.317 0.234 0.218 0.674
0.585 0.317 0.233 0.217 0.675
0.585 0.317 0.232 0.216 0.676
0.585 0.317 0.231 0.215 0.677
0.585 0.317 0.23 0.214 0.678
0.585 0.317 0.229 0.213 0.679
0.585 0.317 0.228 0.212 0.68
0.585 0.317 0.227 0.211 0.681
0.585 0.317 0.226 0.21 0.682
0.585 0.317 0.225 0.209 0.683
0.585 0.317 0.224 0.208 0.684
0.585 0.317 0.223 0.207 0.685
0.585 0.317 0.222 0.206 0.686
0.585 0.317 0.221 0.205 0.687
0.585 0.317 0.22 0.204 0.688
0.585 0.317 0.219 0.203 0.689
0.585 0.317 0.218 0.202 0.69
0.585 0.317 0.217 0.201 0.691
0.585 0.317 0.216 0.2 0.692
0.585 0.317 0.215 0.199 0.693
0.585 0.317 0.214 0.198 0.694
0.585 0.317 0.213 0.197 0.695
0.585 0.317 0.212 0.196 0.696
0.585 0.317 0.211 0.195 0.697
0.585 0.317 0.21 0.194 0.698
0.585 0.317 0.209 0.193 0.699
0.585 0.317 0.208 0.192 0.7
0.585 0.317 0.207 0.191 0.701
0.585 0.317 0.206 0.19 0.702
0.585 0.317 0.205 0.189 0.703
0.585 0.317 0.204 0.188 0.704
0.585 0.317 0.203 0.187 0.705
0.585 0.317 0.202 0.186 0.706
0.585 0.317 0.201 0.185 0.707
0.585 0.317 0.2 0.184 0.708
0.585 0.317 0.199 0.183 0.709
0.585 0.317 0.198 0.182 0.71
0.585 0.317 0.197 0.181 0.711
0.585 0.317 0.196 0.18 0.712
0.585 0.317 0.195 0.179 0.713
0.585 0.317 0.194 0.178 0.714
0.585 0.317 0.193 0.177 0.715
0.585 0.317 0.192 0.176 0.716
0.585 0.317 0.191 0.175 0.717
0.585 0.317 0.19 0.174 0.718
0.585 0.317 0.189 0.173 0.719
0.585 0.317 0.188 0.172 0.72
0.585 0.317 0.187 0.171 0.721
0.585 0.317 0.186 0.17 0.722
0.585 0.317 0.185 0.169 0.723
0.585 0.317 0.184 0.168 0.724
0.585 0.317 0.183 0.167 0.725
0.585 0.317 0.182 0.166 0.726
0.585 0.317 0.181 0.165 0.727
0.585 0.317 0.18 0.164 0.728
0.585 0.317 0.179 0.163 0.729
0.585 0.317 0.178 0.162 0.73
0.585 0.317 0.177 0.161 0.731
0.585 0.317 0.176 0.16 0.732
0.585 0.317 0.175 0.159 0.733
0.585 0.317 0.174 0.158 0.734
0.585 0.317 0.173 0.157 0.735
0.585 0.317 0.172 0.156 0.736
0.585 0.317 0.171 0.155 0.737
0.585 0.317 0.17 0.154 0.738
0.585 0.317 0.169 0.153 0.739
0.585 0.317 0.168 0.152 0.74
0.585 0.317 0.167 0.151 0.741
0.585 0.317 0.166 0.15 0.742
0.585 0.317 0.165 0.149 0.743
0.585 0.317 0.164 0.148 0.744
0.585 0.317 0.163 0.147 0.745
0.585 0.317 0.162 0.146 0.746
0.585 0.317 0.161 0.145 0.747
0.585 0.317 0.161 0.144 0.748
0.585 0.317 0.161 0.143 0.749
0.585 0.317 0.161 0.142 0.75
0.585 0.317 0.161 0.141 0.751
0.585 0.317 0.161 0.14 0.752
0.585 0.317 0.161 0.139 0.753
0.585 0.317 0.161 0.138 0.754
0.585 0.317 0.161 0.137 0.755
0.585 0.317 0.161 0.136 0.756
0.585 0.317 0.161 0.135 0.757
0.585 0.317 0.161 0.134 0.758
0.585 0.317 0.161 0.133 0.759
0.585 0.317 0.161 0.132 0.76
0.585 0.317 0.161 0.131 0.761
0.585 0.317 0.161 0.13 0.762
0.585 0.317 0.161 0.129 0.763
0.585 0.317 0.161 0.128 0.764
0.585 0.317 0.161 0.127 0.765
0.585 0.317 0.161 0.126 0.765
0.586 0.317 0.16 0.127 0.764
0.587 0.317 0.159 0.128 0.763
0.588 0.317 0.158 0.129 0.762
0.589 0.317 0.157 0.13 0.761
0.59 0.317 0.156 0.131 0.76
0.591 0.317 0.155 0.132 0.759
0.592 0.317 0.154 0.133 0.758
0.593 0.317 0.153 0.134 0.757
0.594 0.317 0.152 0.135 0.756
0.595 0.317 0.151 0.136 0.755
0.596 0.317 0.15 0.137 0.754
0.597 0.317 0.149 0.138 0.753
0.598 0.317 0.148 0.139 0.752
0.599 0.317 0.147 0.14 0.751
0.6 0.317 0.146 0.141 0.75
0.601 0.317 0.145 0.142 0.749
0.602 0.317 0.144 0.143 0.748
0.603 0.317 0.143 0.144 0.747
0.604 0.317 0.142 0.145 0.746
0.605 0.317 0.141 0.146 0.745
0.606 0.317 0.14 0.147 0.744
0.607 0.317 0.139 0.148 0.743
0.608 0.317 0.138 0.149 0.742
0.609 0.317 0.137 0.15 0.741
0.61 0.317 0.136 0.151 0.74
0.611 0.317 0.135 0.152 0.739
0.612 0.317 0.134 0.153 0.738
0.613 0.317 0.133 0.154 0.737
0.614 0.317 0.132 0.155 0.736
0.615 0.317 0.131 0.156 0.735
0.616 0.317 0.13 0.157 0.734
0.617 0.317 0.129 0.158 0.733
0.618 0.317 0.128 0.159 0.732
0.619 0.317 0.127 0.16 0.731
0.62 0.317 0.126 0.161 0.73
0.621 0.317 0.125 0.162 0.729
0.622 0.317 0.124 0.163 0.728
0.623 0.317 0.123 0.164 0.727
0.624 0.317 0.122 0.165 0.726
0.625 0.317 0.121 0.166 0.725
0.626 0.317 0.12 0.167 0.724
0.627 0.317 0.119 0.168 0.723
0.628 0.317 0.118 0.169 0.722
0.629 0.317 0.117 0.17 0.721
0.629 0.318 0.116 0.171 0.72
0.629 0.319 0.115 0.172 0.719
0.629 0.32 0.114 0.173 0.718
0.629 0.321 0.113 0.174 0.717
0.63 0.321 0.112 0.175 0.716
0.631 0.321 0.111 0.176 0.715
0.631 0.322 0.11 0.176 0.714
0.631 0.323 0.109 0.176 0.713
0.631 0.324 0.108 0.176 0.712
0.631 0.325 0.107 0.176 0.711
0.631 0.326 0.106 0.176 0.71
0.631 0.327 0.105 0.176 0.709
0.631 0.328 0.104 0.176 0.708
0.631 0.329 0.103 0.176 0.707
0.631 0.33 0.102 0.176 0.706
0.631 0.331 0.101 0.176 0.705
0.631 0.332 0.1 0.176 0.704
0.631 0.333 0.099 0.176 0.703
0.631 0.334 0.098 0.176 0.702
0.631 0.335 0.097 0.176 0.701
0.631 0.336 0.096 0.176 0.7
0.631 0.336 0.095 0.176 0.699
0.631 0.336 0.094 0.176 0.698
0.631 0.336 0.093 0.176 0.697
0.631 0.336 0.092 0.176 0.696
0.631 0.336 0.091 0.176 0.695
0.631 0.336 0.09 0.176 0.694
0.631 0.336 0.089 0.176 0.693
0.631 0.336 0.088 0.176 0.692
0.631 0.336 0.087 0.176 0.691
0.631 0.336 0.086 0.176 0.69
0.631 0.336 0.085 0.176 0.689
0.631 0.336 0.084 0.176 0.688
0.631 0.336 0.083 0.176 0.687
0.631 0.336 0.082 0.176 0.687
0.631 0.336 0.081 0.176 0.687
0.631 0.336 0.08 0.176 0.687
0.631 0.336 0.079 0.176 0.687
0.631 0.336 0.078 0.176 0.687
0.631 0.336 0.077 0.176 0.687
0.631 0.336 0.076 0.176 0.687
0.631 0.336 0.075 0.176 0.687
0.631 0.336 0.074 0.176 0.687
0.631 0.336 0.073 0.176 0.687
0.631 0.336 0.072 0.176 0.687
0.631 0.336 0.071 0.176 0.687
0.631 0.336 0.07 0.176 0.687
0.631 0.336 0.069 0.176 0.687
0.631 0.336 0.068 0.176 0.687
0.631 0.336 0.067 0.176 0.687
0.631 0.336 0.066 0.176 0.687
0.631 0.336 0.065 0.176 0.687
0.631 0.336 0.064 0.176 0.687
0.631 0.336 0.063 0.176 0.687
0.631 0.336 0.062 0.176 0.687
0.631 0.336 0.061 0.176 0.687
0.631 0.336 0.06 0.176 0.687
0.631 0.336 0.059 0.176 0.687
0.631 0.336 0.058 0.176 0.687
0.631 0.336 0.057 0.176 0.687
0.631 0.336 0.056 0.176 0.687
0.631 0.336 0.055 0.176 0.687
0.631 0.336 0.054 0.176 0.687
0.631 0.336 0.053 0.176 0.687
0.631 0.336 0.052 0.176 0.687
0.631 0.336 0.051 0.176 0.687
0.631 0.336 0.05 0.176 0.687
0.631 0.336 0.049 0.176 0.687
0.631 0.336 0.048 0.176 0.687
0.631 0.336 0.047 0.176 0.687
0.631 0.336 0.046 0.176 0.687
0.631 0.336 0.045 0.176 0.687
0.631 0.336 0.044 0.176 0.687
0.631 0.336 0.043 0.176 0.687
0.631 0.336 0.042 0.176 0.687
0.631 0.336 0.041 0.176 0.687
0.631 0.336 0.04 0.176 0.687
0.632 0.336 0.039 0.177 0.688
0.633 0.336 0.038 0.178 0.689
0.634 0.336 0.037 0.179 0.69
0.635 0.336 0.036 0.18 0.691
0.636 0.336 0.035 0.181 0.692
0.637 0.336 0.034 0.182 0.693
0.638 0.336 0.033 0.183 0.694
0.639 0.336 0.032 0.184 0.695
0.64 0.336 0.031 0.185 0.696
0.641 0.336 0.03 0.186 0.697
0.642 0.336 0.029 0.187 0.698
0.643 0.336 0.028 0.188 0.699
0.644 0.336 0.027 0.189 0.7
0.645 0.336 0.026 0.19 0.701
0.646 0.336 0.025 0.191 0.702
0.647 0.336 0.024 0.192 0.703
0.648 0.336 0.023 0.193 0.704
0.649 0.336 0.022 0.194 0.705
0.65 0.336 0.021 0.195 0.706
0.651 0.336 0.02 0.196 0.707
0.652 0.336 0.019 0.197 0.708
0.653 0.336 0.018 0.198 0.709
0.654 0.336 0.017 0.199 0.71
0.655 0.336 0.016 0.2 0.711
0.656 0.336 0.015 0.201 0.712
0.657 0.336 0.014 0.202 0.713
0.658 0.336 0.013 0.203 0.714
0.659 0.336 0.012 0.204 0.715
0.66 0.336 0.011 0.205 0.716
0.661 0.336 0.01 0.206 0.717
0.662 0.336 0.009 0.207 0.718
0.663 0.336 0.008 0.208 0.719
0.663 0.337 0.007 0.209 0.72
0.663 0.338 0.006 0.21 0.72
0.663 0.339 0.005 0.21 0.72
0.663 0.34 0.004 0.21 0.72
0.663 0.341 0.003 0.21 0.72
0.663 0.342 0.002 0.21 0.72
0.663 0.343 0.001 0.21 0.72
0.663 0.344 0.0 0.21 0.72
0.663 0.345 -0.001 0.21 0.72
0.663 0.346 -0.002 0.21 0.72
0.663 0.347 -0.003 0.21 0.72
0.663 0.348 -0.004 0.21 0.72
0.663 0.349 -0.005 0.21 0.72
0.663 0.35 -0.006 0.21 0.72
0.663 0.351 -0.007 0.21 0.72
0.663 0.351 -0.008 0.21 0.72
0.663 0.351 -0.009 0.21 0.72
0.663 0.351 -0.01 0.21 0.72
0.663 0.351 -0.011 0.21 0.72
0.663 0.351 -0.012 0.21 0.72
0.663 0.351 -0.013 0.21 0.72
0.663 0.351 -0.014 0.21 0.72
0.663 0.351 -0.015 0.21 0.72
0.663 0.351 -0.016 0.21 0.72
0.663 0.351 -0.017 0.21 0.72
0.663 0.351 -0.018 0.21 0.72
0.663 0.351 -0.019 0.21 0.72
0.663 0.351 -0.02 0.21 0.72
0.663 0.351 -0.021 0.21 0.72
0.663 0.351 -0.022 0.21 0.72
0.663 0.351 -0.023 0.21 0.72
0.663 0.351 -0.024 0.21 0.72
0.663 0.351 -0.025 0.21 0.72
0.663 0.351 -0.026 0.21 0.72
0.663 0.351 -0.027 0.21 0.72
0.663 0.351 -0.028 0.21 0.72
0.663 0.351 -0.029 0.21 0.72
0.663 0.351 -0.03 0.21 0.72
0.663 0.351 -0.031 0.21 0.72
0.663 0.351 -0.032 0.21 0.72
0.663 0.351 -0.033 0.21 0.72
0.664 0.351 -0.032 0.211 0.719
0.665 0.351 -0.031 0.212 0.718
0.666 0.351 -0.03 0.213 0.717
0.667 0.351 -0.029 0.214 0.716
0.668 0.351 -0.028 0.215 0.715
0.669 0.351 -0.027 0.216 0.714
0.67 0.351 -0.026 0.217 0.713
0.671 0.351 -0.025 0.218 0.712
0.672 0.351 -0.024 0.219 0.711
0.673 0.351 -0.023 0.22 0.71
0.674 0.351 -0.022 0.221 0.709
0.675 0.351 -0.021 0.222 0.708
0.676 0.351 -0.02 0.223 0.707
0.677 0.351 -0.019 0.224 0.706
0.678 0.351 -0.018 0.225 0.705
0.679 0.351 -0.017 0.226 0.704
0.68 0.351 -0.016 0.227 0.703
0.681 0.351 -0.015 0.228 0.702
0.682 0.351 -0.014 0.229 0.701
0.683 0.351 -0.013 0.23 0.7
0.684 0.351 -0.012 0.231 0.699
0.685 0.351 -0.011 0.232 0.698
0.686 0.351 -0.01 0.233 0.697
0.687 0.351 -0.01 0.234 0.696
0.688 0.351 -0.01 0.235 0.695
0.688 0.35 -0.01 0.236 0.694
0.688 0.349 -0.01 0.237 0.693
0.688 0.348 -0.01 0.238 0.692
0.688 0.347 -0.01 0.239 0.691
0.688 0.346 -0.01 0.24 0.69
0.688 0.345 -0.01 0.241 0.689
0.688 0.344 -0.01 0.242 0.688
0.688 0.343 -0.01 0.243 0.687
0.688 0.342 -0.01 0.244 0.686
0.688 0.341 -0.01 0.245 0.685
0.688 0.34 -0.01 0.246 0.684
0.688 0.339 -0.01 0.247 0.683
0.688 0.338 -0.01 0.248 0.682
0.688 0.337 -0.01 0.249 0.681
0.688 0.336 -0.01 0.25 0.68
0.688 0.335 -0.01 0.251 0.679
0.688 0.334 -0.01 0.252 0.678
0.688 0.333 -0.01 0.253 0.677
0.688 0.332 -0.01 0.254 0.676
0.688 0.331 -0.01 0.255 0.675
0.688 0.33 -0.01 0.256 0.674
0.688 0.329 -0.01 0.257 0.673
0.688 0.328 -0.01 0.258 0.672
0.688 0.327 -0.01 0.259 0.671
0.688 0.326 -0.01 0.26 0.67
0.688 0.325 -0.01 0.261 0.669
0.688 0.324 -0.01 0.262 0.668
0.688 0.323 -0.01 0.263 0.667
0.688 0.322 -0.01 0.264 0.666
0.688 0.321 -0.01 0.265 0.665
0.688 0.321 -0.01 0.266 0.664
0.688 0.321 -0.01 0.267 0.663
0.688 0.321 -0.01 0.268 0.662
0.688 0.321 -0.01 0.269 0.661
0.688 0.321 -0.01 0.27 0.66
0.688 0.321 -0.01 0.27 0.659
0.688 0.321 -0.01 0.27 0.658
0.688 0.321 -0.01 0.27 0.657
0.688 0.321 -0.01 0.27 0.656
0.688 0.321 -0.01 0.27 0.655
0.688 0.321 -0.01 0.27 0.654
0.689 0.321 -0.011 0.269 0.653
0.69 0.321 -0.012 0.268 0.652
0.691 0.321 -0.013 0.267 0.651
0.692 0.321 -0.014 0.266 0.65
0.693 0.321 -0.015 0.265 0.649
0.694 0.321 -0.016 0.264 0.648
0.695 0.321 -0.017 0.263 0.647
0.696 0.321 -0.018 0.262 0.646
0.697 0.321 -0.019 0.261 0.645
0.698 0.321 -0.02 0.26 0.644
0.699 0.321 -0.021 0.259 0.643
0.7 0.321 -0.022 0.258 0.642
0.701 0.321 -0.023 0.257 0.641
0.702 0.321 -0.024 0.256 0.64
0.703 0.321 -0.025 0.255 0.639
0.704 0.321 -0.026 0.254 0.638
0.705 0.321 -0.027 0.253 0.637
0.706 0.321 -0.028 0.252 0.636
0.707 0.321 -0.029 0.251 0.635
0.708 0.321 -0.03 0.25 0.634
0.709 0.321 -0.031 0.249 0.633
0.71 0.321 -0.032 0.248 0.632
0.711 0.321 -0.033 0.247 0.631
0.712 0.321 -0.034 0.246 0.63
0.713 0.321 -0.035 0.246 0.629
0.714 0.321 -0.036 0.246 0.628
0.715 0.321 -0.037 0.246 0.627
0.716 0.321 -0.038 0.246 0.626
0.717 0.321 -0.039 0.246 0.625
0.718 0.321 -0.04 0.246 0.624
0.719 0.321 -0.041 0.246 0.623
0.72 0.321 -0.042 0.246 0.623
0.721 0.321 -0.042 0.246 0.623
0.722 0.321 -0.042 0.246 0.623
0.723 0.321 -0.042 0.246 0.623
0.724 0.321 -0.042 0.246 0.623
0.725 0.321 -0.042 0.246 0.623
0.726 0.321 -0.042 0.246 0.623
0.727 0.321 -0.042 0.246 0.623
0.728 0.321 -0.042 0.246 0.623
0.729 0.321 -0.042 0.246 0.623
0.729 0.322 -0.042 0.246 0.623
0.729 0.323 -0.042 0.246 0.623
0.729 0.324 -0.042 0.246 0.623
0.729 0.325 -0.042 0.246 0.623
0.729 0.326 -0.042 0.246 0.623
0.729 0.327 -0.042 0.246 0.623
0.729 0.328 -0.042 0.246 0.623
0.729 0.329 -0.042 0.246 0.623
0.729 0.33 -0.042 0.246 0.623
0.729 0.331 -0.042 0.246 0.623
0.729 0.332 -0.042 0.246 0.623
0.729 0.333 -0.042 0.246 0.623
0.729 0.334 -0.042 0.246 0.623
0.729 0.335 -0.042 0.246 0.623
0.729 0.336 -0.042 0.246 0.623
0.729 0.337 -0.042 0.246 0.623
0.729 0.338 -0.042 0.246 0.623
0.729 0.339 -0.042 0.246 0.623
0.729 0.34 -0.042 0.246 0.623
0.729 0.341 -0.042 0.246 0.623
0.729 0.342 -0.042 0.246 0.623
0.729 0.343 -0.042 0.246 0.623
0.73 0.343 -0.041 0.245 0.624
0.731 0.343 -0.04 0.244 0.625
0.732 0.343 -0.039 0.243 0.626
0.733 0.343 -0.038 0.242 0.627
0.734 0.343 -0.037 0.241 0.628
0.735 0.343 -0.036 0.24 0.629
0.736 0.343 -0.035 0.239 0.63
0.737 0.343 -0.034 0.238 0.631
0.738 0.343 -0.033 0.237 0.632
0.739 0.343 -0.032 0.236 0.633
0.74 0.343 -0.031 0.235 0.634
0.741 0.343 -0.03 0.234 0.635
0.742 0.343 -0.029 0.233 0.636
0.743 0.343 -0.028 0.232 0.637
0.744 0.343 -0.027 0.231 0.638
0.745 0.343 -0.026 0.23 0.639
0.746 0.343 -0.025 0.229 0.64
0.747 0.343 -0.024 0.228 0.641
0.747 0.344 -0.023 0.227 0.642
0.747 0.345 -0.022 0.226 0.643
0.747 0.346 -0.021 0.225 0.644
0.747 0.347 -0.02 0.224 0.645
0.747 0.348 -0.019 0.223 0.646
0.747 0.349 -0.018 0.222 0.647
0.747 0.349 -0.017 0.221 0.648
0.747 0.349 -0.016 0.22 0.649
0.747 0.349 -0.015 0.219 0.65
0.747 0.349 -0.014 0.218 0.651
0.747 0.349 -0.013 0.217 0.652
0.747 0.349 -0.012 0.216 0.653
0.747 0.349 -0.011 0.215 0.654
0.747 0.349 -0.01 0.214 0.655
0.747 0.349 -0.009 0.213 0.656
0.747 0.349 -0.008 0.212 0.657
0.747 0.349 -0.007 0.211 0.658
0.747 0.349 -0.006 0.21 0.659
0.747 0.349 -0.005 0.209 0.66
0.747 0.349 -0.004 0.208 0.661
0.747 0.349 -0.003 0.207 0.662
0.747 0.349 -0.002 0.206 0.663
0.747 0.349 -0.001 0.205 0.664
0.747 0.349 0.0 0.204 0.665
0.747 0.349 0.001 0.203 0.666
0.747 0.349 0.002 0.202 0.667
0.747 0.349 0.003 0.201 0.668
0.747 0.349 0.004 0.2 0.669
0.747 0.349 0.005 0.199 0.67
0.747 0.349 0.006 0.198 0.671
0.747 0.349 0.007 0.197 0.672
0.747 0.349 0.008 0.196 0.673
0.747 0.349 0.009 0.195 0.674
0.747 0.349 0.01 0.194 0.675
0.747 0.349 0.011 0.193 0.676
0.747 0.349 0.012 0.192 0.677
0.747 0.349 0.013 0.191 0.678
0.747 0.349 0.014 0.19 0.679
0.747 0.349 0.014 0.189 0.68
0.747 0.349 0.014 0.188 0.681
0.747 0.349 0.014 0.187 0.682
0.747 0.349 0.014 0.186 0.683
0.747 0.349 0.014 0.185 0.684
0.747 0.349 0.014 0.184 0.685
0.747 0.349 0.014 0.183 0.686
0.747 0.349 0.014 0.182 0.687
0.747 0.349 0.014 0.181 0.688
0.747 0.349 0.014 0.18 0.689
0.747 0.349 0.014 0.179 0.689
0.747 0.349 0.014 0.178 0.689
0.747 0.349 0.014 0.177 0.689
0.748 0.349 0.015 0.176 0.69
0.749 0.349 0.015 0.175 0.691
0.75 0.349 0.015 0.174 0.692
0.751 0.349 0.015 0.173 0.693
0.752 0.349 0.015 0.172 0.694
0.753 0.349 0.015 0.171 0.695
0.754 0.349 0.015 0.17 0.696
0.755 0.349 0.015 0.169 0.696
0.756 0.349 0.015 0.168 0.696
0.757 0.349 0.015 0.167 0.696
0.758 0.349 0.015 0.166 0.696
0.759 0.349 0.015 0.165 0.696
0.76 0.349 0.015 0.164 0.696
0.761 0.349 0.015 0.163 0.696
0.762 0.349 0.015 0.162 0.696
0.763 0.349 0.015 0.161 0.696
0.764 0.349 0.015 0.16 0.696
0.765 0.349 0.015 0.159 0.696
0.766 0.349 0.015 0.158 0.696
0.767 0.349 0.015 0.157 0.696
0.768 0.349 0.015 0.156 0.696
0.769 0.349 0.015 0.155 0.696
0.77 0.349 0.015 0.155 0.696
0.77 0.35 0.015 0.155 0.696
0.77 0.351 0.015 0.155 0.696
0.77 0.352 0.015 0.155 0.696
0.77 0.353 0.015 0.155 0.696
0.77 0.354 0.015 0.155 0.696
0.77 0.355 0.015 0.155 0.696
0.77 0.356 0.015 0.155 0.696
0.77 0.357 0.015 0.155 0.696
0.77 0.358 0.015 0.155 0.696
0.77 0.359 0.015 0.155 0.696
0.77 0.36 0.015 0.155 0.696
0.77 0.361 0.015 0.155 0.696
0.77 0.362 0.015 0.155 0.696
0.77 0.363 0.015 0.155 0.696
0.77 0.364 0.015 0.155 0.696
0.77 0.365 0.015 0.155 0.696
0.77 0.366 0.015 0.155 0.696
0.77 0.367 0.015 0.155 0.696
0.77 0.368 0.015 0.155 0.696
0.77 0.369 0.015 0.155 0.696
0.77 0.37 0.015 0.155 0.696
0.77 0.371 0.015 0.155 0.696
0.769 0.371 0.014 0.156 0.695
0.768 0.371 0.013 0.157 0.694
0.767 0.371 0.012 0.158 0.693
0.766 0.371 0.011 0.159 0.692
0.765 0.371 0.01 0.16 0.691
0.765 0.372 0.009 0.161 0.69
0.765 0.373 0.008 0.162 0.689
0.765 0.374 0.007 0.163 0.688
0.765 0.375 0.006 0.164 0.687
0.765 0.376 0.005 0.165 0.686
0.765 0.377 0.004 0.166 0.685
0.765 0.378 0.003 0.167 0.684
0.765 0.379 0.002 0.168 0.683
0.765 0.379 0.001 0.169 0.682
0.765 0.379 0.0 0.17 0.681
0.765 0.379 -0.001 0.171 0.68
0.765 0.379 -0.002 0.172 0.679
0.765 0.379 -0.003 0.173 0.678
0.765 0.379 -0.004 0.174 0.677
0.765 0.379 -0.005 0.175 0.676
0.765 0.379 -0.006 0.176 0.675
0.765 0.379 -0.007 0.177 0.674
0.765 0.379 -0.008 0.178 0.673
0.765 0.379 -0.009 0.179 0.672
0.765 0.379 -0.01 0.18 0.671
0.765 0.379 -0.011 0.181 0.67
0.765 0.379 -0.012 0.182 0.669
0.765 0.379 -0.013 0.183 0.668
0.765 0.379 -0.014 0.184 0.667
0.765 0.379 -0.015 0.185 0.666
0.765 0.379 -0.016 0.186 0.665
0.765 0.379 -0.017 0.187 0.664
0.765 0.379 -0.018 0.188 0.663
0.765 0.379 -0.019 0.189 0.662
0.765 0.379 -0.02 0.19 0.661
0.765 0.379 -0.021 0.191 0.66
0.765 0.379 -0.022 0.192 0.659
0.765 0.379 -0.023 0.193 0.658
0.765 0.379 -0.024 0.194 0.657
0.765 0.379 -0.025 0.195 0.656
0.765 0.379 -0.026 0.196 0.655
0.765 0.379 -0.027 0.197 0.654
0.765 0.379 -0.028 0.198 0.653
0.765 0.379 -0.029 0.199 0.652
0.765 0.379 -0.03 0.2 0.651
0.765 0.379 -0.031 0.201 0.65
0.765 0.379 -0.032 0.202 0.649
0.765 0.379 -0.033 0.203 0.648
0.765 0.379 -0.034 0.204 0.647
0.765 0.379 -0.035 0.205 0.646
0.765 0.379 -0.036 0.206 0.645
0.765 0.379 -0.037 0.207 0.644
0.765 0.379 -0.038 0.208 0.643
0.765 0.379 -0.039 0.209 0.642
0.765 0.379 -0.04 0.21 0.641
0.765 0.379 -0.041 0.211 0.64
0.765 0.379 -0.042 0.212 0.639
0.765 0.379 -0.043 0.213 0.638
0.765 0.379 -0.044 0.214 0.637
0.765 0.379 -0.045 0.215 0.636
0.765 0.379 -0.046 0.216 0.635
0.765 0.379 -0.047 0.217 0.634
0.765 0.379 -0.048 0.218 0.633
0.765 0.379 -0.049 0.218 0.632
0.765 0.379 -0.05 0.218 0.631
0.765 0.379 -0.051 0.218 0.63
0.765 0.379 -0.052 0.218 0.629
0.765 0.379 -0.053 0.218 0.628
0.765 0.379 -0.054 0.218 0.628
0.765 0.379 -0.055 0.218 0.628
0.765 0.379 -0.056 0.218 0.628
0.765 0.379 -0.057 0.218 0.628
0.765 0.379 -0.058 0.218 0.628
0.765 0.379 -0.059 0.218 0.628
0.765 0.379 -0.06 0.218 0.628
0.765 0.379 -0.061 0.218 0.628
0.765 0.379 -0.062 0.218 0.628
0.765 0.379 -0.063 0.218 0.628
0.765 0.379 -0.064 0.218 0.628
0.765 0.379 -0.065 0.218 0.628
0.765 0.379 -0.066 0.218 0.628
0.765 0.379 -0.067 0.218 0.628
0.765 0.379 -0.068 0.218 0.628
0.765 0.379 -0.069 0.218 0.628
0.765 0.379 -0.07 0.218 0.628
0.765 0.379 -0.071 0.218 0.628
0.765 0.379 -0.072 0.218 0.628
0.765 0.379 -0.073 0.218 0.628
0.765 0.379 -0.074 0.218 0.628
0.765 0.379 -0.075 0.218 0.628
0.765 0.379 -0.076 0.218 0.628
0.765 0.379 -0.077 0.218 0.628
0.764 0.379 -0.076 0.217 0.627
0.763 0.379 -0.075 0.216 0.626
0.763 0.378 -0.074 0.215 0.625
0.763 0.377 -0.073 0.214 0.624
0.763 0.377 -0.072 0.213 0.623
0.763 0.377 -0.071 0.212 0.622
0.763 0.377 -0.07 0.211 0.621
0.763 0.377 -0.069 0.21 0.62
0.763 0.377 -0.068 0.209 0.619
0.763 0.377 -0.067 0.208 0.618
0.763 0.377 -0.066 0.207 0.617
0.763 0.377 -0.065 0.206 0.616
0.763 0.377 -0.064 0.205 0.615
0.763 0.377 -0.063 0.204 0.614
0.763 0.377 -0.062 0.203 0.613
0.763 0.377 -0.061 0.202 0.612
0.763 0.377 -0.06 0.201 0.611
0.763 0.377 -0.059 0.2 0.61
0.763 0.377 -0.058 0.199 0.609
0.763 0.377 -0.057 0.198 0.608
0.763 0.377 -0.056 0.197 0.607
0.763 0.377 -0.055 0.196 0.606
0.763 0.377 -0.054 0.195 0.605
0.763 0.377 -0.053 0.194 0.604
0.763 0.377 -0.052 0.193 0.603
0.763 0.377 -0.051 0.192 0.602
0.763 0.377 -0.05 0.191 0.601
0.763 0.377 -0.049 0.19 0.6
0.763 0.377 -0.048 0.189 0.599
0.763 0.377 -0.047 0.188 0.598
0.763 0.377 -0.046 0.187 0.597
0.763 0.377 -0.045 0.186 0.596
0.763 0.377 -0.044 0.185 0.595
0.763 0.377 -0.043 0.184 0.594
0.763 0.377 -0.042 0.183 0.593
0.763 0.377 -0.041 0.182 0.592
0.763 0.377 -0.04 0.181 0.591
0.763 0.377 -0.039 0.18 0.59
0.763 0.377 -0.038 0.179 0.589
0.763 0.377 -0.037 0.178 0.588
0.763 0.377 -0.036 0.177 0.587
0.763 0.377 -0.035 0.176 0.586
0.763 0.377 -0.034 0.175 0.585
0.763 0.377 -0.033 0.174 0.584
0.763 0.377 -0.032 0.173 0.583
0.763 0.377 -0.031 0.172 0.582
0.763 0.377 -0.03 0.171 0.581
0.763 0.377 -0.029 0.17 0.58
0.763 0.377 -0.028 0.169 0.579
0.763 0.377 -0.027 0.168 0.578
0.763 0.377 -0.026 0.168 0.577
0.763 0.377 -0.025 0.168 0.576
0.763 0.377 -0.024 0.168 0.575
0.763 0.377 -0.023 0.168 0.574
0.763 0.377 -0.022 0.168 0.573
0.763 0.377 -0.021 0.168 0.572
0.763 0.377 -0.02 0.168 0.571
0.763 0.377 -0.019 0.168 0.57
0.763 0.377 -0.018 0.168 0.569
0.763 0.377 -0.017 0.168 0.568
0.763 0.377 -0.016 0.168 0.567
0.763 0.377 -0.015 0.168 0.566
0.763 0.377 -0.014 0.168 0.565
0.763 0.377 -0.013 0.168 0.564
0.763 0.377 -0.012 0.168 0.563
0.763 0.377 -0.012 0.168 0.562
0.763 0.377 -0.012 0.168 0.561
0.763 0.377 -0.012 0.168 0.56
0.763 0.377 -0.012 0.168 0.559
0.763 0.377 -0.012 0.168 0.558
0.763 0.377 -0.012 0.168 0.557
0.763 0.377 -0.012 0.168 0.556
0.763 0.377 -0.012 0.168 0.555
0.763 0.377 -0.012 0.168 0.554
0.763 0.377 -0.012 0.168 0.553
0.763 0.377 -0.012 0.168 0.552
0.763 0.377 -0.012 0.168 0.551
0.763 0.377 -0.012 0.168 0.55
0.763 0.377 -0.012 0.168 0.549
0.763 0.377 -0.012 0.168 0.548
0.763 0.377 -0.012 0.168 0.547
0.763 0.377 -0.012 0.168 0.546
0.763 0.377 -0.012 0.168 0.545
0.763 0.377 -0.012 0.168 0.544
0.763 0.377 -0.012 0.168 0.543
0.763 0.377 -0.012 0.168 0.542
0.763 0.377 -0.012 0.168 0.541
0.763 0.377 -0.012 0.168 0.54
0.763 0.377 -0.012 0.168 0.539
0.763 0.377 -0.012 0.168 0.538
0.763 0.377 -0.012 0.168 0.537
0.763 0.377 -0.012 0.168 0.536
0.763 0.377 -0.012 0.168 0.535
0.763 0.377 -0.012 0.168 0.534
0.763 0.377 -0.012 0.168 0.533
0.763 0.377 -0.012 0.168 0.532
0.763 0.377 -0.012 0.168 0.531
0.763 0.377 -0.012 0.168 0.53
0.763 0.377 -0.012 0.168 0.529
0.763 0.377 -0.012 0.168 0.528
0.763 0.377 -0.012 0.168 0.527
0.763 0.377 -0.012 0.168 0.526
0.763 0.377 -0.012 0.168 0.525
0.763 0.377 -0.012 0.168 0.524
0.763 0.377 -0.012 0.168 0.523
0.763 0.377 -0.012 0.168 0.522
0.763 0.377 -0.012 0.168 0.521
0.763 0.377 -0.012 0.168 0.52
0.763 0.377 -0.012 0.168 0.519
0.763 0.377 -0.012 0.168 0.518
0.763 0.377 -0.012 0.168 0.517
0.763 0.377 -0.012 0.168 0.516
0.763 0.377 -0.012 0.168 0.515
0.763 0.377 -0.012 0.168 0.514
0.763 0.377 -0.012 0.168 0.513
0.763 0.377 -0.012 0.168 0.512
0.763 0.377 -0.012 0.168 0.511
0.763 0.377 -0.012 0.168 0.51
0.763 0.377 -0.012 0.168 0.509
0.763 0.377 -0.012 0.168 0.508
0.763 0.377 -0.012 0.168 0.507
0.763 0.377 -0.012 0.168 0.506
0.763 0.377 -0.012 0.168 0.505
0.763 0.377 -0.012 0.168 0.504
0.763 0.377 -0.012 0.168 0.503
0.763 0.377 -0.012 0.168 0.502
0.763 0.377 -0.012 0.168 0.501
0.762 0.377 -0.011 0.169 0.502
0.761 0.377 -0.01 0.17 0.503
0.76 0.377 -0.009 0.171 0.504
0.759 0.377 -0.008 0.172 0.505
0.758 0.377 -0.007 0.173 0.506
0.757 0.377 -0.006 0.174 0.507
0.757 0.378 -0.005 0.175 0.508
0.757 0.379 -0.004 0.176 0.509
0.757 0.379 -0.003 0.177 0.51
0.757 0.379 -0.002 0.178 0.511
0.757 0.379 -0.001 0.179 0.512
0.757 0.379 0.0 0.18 0.513
0.757 0.379 0.001 0.181 0.514
0.757 0.379 0.002 0.182 0.515
0.757 0.379 0.003 0.183 0.516
0.757 0.379 0.004 0.184 0.517
0.757 0.379 0.005 0.185 0.518
0.757 0.379 0.006 0.186 0.519
0.757 0.379 0.007 0.187 0.52
0.757 0.379 0.008 0.188 0.521
0.757 0.379 0.009 0.189 0.522
0.757 0.379 0.01 0.19 0.523
0.757 0.379 0.011 0.191 0.524
0.757 0.379 0.012 0.192 0.525
0.757 0.379 0.013 0.193 0.526
0.757 0.379 0.014 0.194 0.527
0.757 0.379 0.015 0.195 0.528
0.757 0.379 0.016 0.196 0.529
0.757 0.379 0.017 0.197 0.53
0.757 0.379 0.018 0.198 0.531
0.757 0.379 0.019 0.199 0.532
0.757 0.379 0.02 0.2 0.533
0.757 0.379 0.021 0.201 0.534
0.757 0.379 0.022 0.202 0.535
0.757 0.379 0.023 0.203 0.535
0.757 0.379 0.024 0.204 0.535
0.757 0.379 0.025 0.205 0.535
0.757 0.379 0.026 0.206 0.535
0.757 0.379 0.027 0.207 0.535
0.757 0.379 0.028 0.208 0.535
0.757 0.379 0.029 0.209 0.535
0.757 0.379 0.03 0.21 0.535
0.757 0.379 0.031 0.211 0.535
0.757 0.379 0.032 0.212 0.535
0.757 0.379 0.033 0.213 0.535
0.757 0.379 0.034 0.214 0.535
0.757 0.379 0.035 0.215 0.535
0.757 0.379 0.036 0.216 0.535
0.757 0.379 0.037 0.217 0.535
0.757 0.379 0.038 0.218 0.535
0.757 0.379 0.039 0.219 0.535
0.757 0.379 0.04 0.22 0.535
0.757 0.379 0.041 0.221 0.535
0.757 0.379 0.042 0.222 0.535
0.757 0.379 0.043 0.223 0.535
0.757 0.379 0.044 0.224 0.535
0.757 0.379 0.045 0.225 0.535
0.757 0.379 0.046 0.226 0.535
0.757 0.379 0.047 0.227 0.535
0.757 0.379 0.048 0.228 0.535
0.757 0.379 0.049 0.229 0.535
0.757 0.379 0.05 0.23 0.535
0.757 0.379 0.051 0.231 0.535
0.757 0.379 0.052 0.232 0.535
0.757 0.379 0.053 0.233 0.535
0.757 0.379 0.054 0.234 0.535
0.757 0.379 0.055 0.235 0.535
0.757 0.379 0.056 0.236 0.535
0.757 0.379 0.057 0.237 0.535
0.757 0.379 0.058 0.238 0.535
0.757 0.379 0.059 0.239 0.535
0.757 0.379 0.06 0.24 0.535
0.757 0.379 0.061 0.24 0.535
0.757 0.379 0.062 0.24 0.535
0.757 0.379 0.063 0.24 0.535
0.757 0.379 0.064 0.24 0.535
0.757 0.379 0.065 0.24 0.535
0.757 0.379 0.066 0.24 0.535
0.757 0.379 0.067 0.24 0.535
0.757 0.379 0.068 0.24 0.535
0.757 0.379 0.069 0.24 0.535
0.757 0.379 0.07 0.24 0.535
0.757 0.379 0.071 0.24 0.535
0.757 0.379 0.072 0.24 0.535
0.757 0.379 0.073 0.24 0.535
0.757 0.379 0.074 0.24 0.535
0.757 0.379 0.075 0.24 0.535
0.757 0.379 0.076 0.24 0.535
0.757 0.379 0.077 0.24 0.535
0.757 0.379 0.078 0.24 0.535
0.757 0.379 0.079 0.24 0.535
0.757 0.379 0.08 0.24 0.535
0.757 0.379 0.081 0.24 0.535
0.757 0.379 0.082 0.24 0.535
0.757 0.379 0.083 0.24 0.535
0.757 0.379 0.084 0.24 0.535
0.757 0.379 0.085 0.24 0.535
0.757 0.379 0.086 0.24 0.535
0.757 0.379 0.087 0.24 0.535
0.757 0.379 0.088 0.24 0.535
0.757 0.379 0.089 0.24 0.535
0.757 0.379 0.09 0.24 0.535
0.757 0.379 0.091 0.24 0.535
0.757 0.379 0.092 0.24 0.535
0.757 0.379 0.093 0.24 0.535
0.757 0.379 0.094 0.24 0.535
0.757 0.379 0.095 0.24 0.535
0.757 0.379 0.096 0.24 0.535
0.757 0.379 0.097 0.24 0.535
0.757 0.379 0.098 0.24 0.535
0.757 0.379 0.099 0.24 0.535
0.757 0.379 0.1 0.24 0.535
0.757 0.379 0.101 0.24 0.535
0.757 0.379 0.102 0.24 0.535
0.757 0.379 0.103 0.24 0.535
0.758 0.379 0.102 0.241 0.534
0.759 0.379 0.101 0.242 0.533
0.76 0.379 0.1 0.243 0.532
0.761 0.379 0.099 0.244 0.531
0.762 0.379 0.098 0.245 0.53
0.763 0.379 0.098 0.246 0.529
0.764 0.379 0.098 0.247 0.528
0.765 0.379 0.098 0.248 0.527
0.766 0.379 0.098 0.249 0.526
0.767 0.379 0.098 0.25 0.525
0.768 0.379 0.098 0.251 0.524
0.769 0.379 0.098 0.252 0.523
0.77 0.379 0.098 0.253 0.522
0.771 0.379 0.098 0.254 0.521
0.772 0.379 0.098 0.255 0.52
0.773 0.379 0.098 0.256 0.519
0.774 0.379 0.098 0.257 0.518
0.775 0.379 0.098 0.258 0.517
0.776 0.379 0.098 0.259 0.516
0.777 0.379 0.098 0.26 0.515
0.778 0.379 0.098 0.261 0.514
0.779 0.379 0.098 0.262 0.513
0.78 0.379 0.098 0.263 0.512
0.781 0.379 0.098 0.264 0.511
0.782 0.379 0.098 0.265 0.51
0.783 0.379 0.098 0.266 0.509
0.784 0.379 0.098 0.267 0.508
0.785 0.379 0.098 0.268 0.507
0.786 0.379 0.098 0.269 0.506
0.787 0.379 0.098 0.27 0.505
0.788 0.379 0.098 0.271 0.504
0.789 0.379 0.098 0.272 0.503
0.79 0.379 0.098 0.273 0.502
0.791 0.379 0.098 0.274 0.501
0.792 0.379 0.098 0.275 0.5
0.793 0.379 0.098 0.276 0.499
0.794 0.379 0.098 0.277 0.498
0.795 0.379 0.098 0.278 0.498
0.796 0.379 0.098 0.279 0.498
0.797 0.379 0.098 0.28 0.498
0.798 0.379 0.098 0.281 0.498
0.799 0.379 0.098 0.282 0.498
0.799 0.378 0.098 0.283 0.498
0.799 0.377 0.098 0.284 0.498
0.799 0.376 0.098 0.285 0.498
0.799 0.375 0.098 0.286 0.498
0.799 0.374 0.098 0.287 0.498
0.799 0.373 0.098 0.288 0.498
0.799 0.372 0.098 0.288 0.498
0.799 0.371 0.098 0.288 0.498
0.798 0.371 0.099 0.289 0.497
0.797 0.371 0.1 0.29 0.496
0.796 0.371 0.101 0.291 0.495
0.795 0.371 0.102 0.292 0.494
0.794 0.371 0.103 0.293 0.493
0.793 0.371 0.104 0.294 0.492
0.792 0.371 0.105 0.295 0.491
0.792 0.372 0.106 0.296 0.49
0.792 0.373 0.107 0.297 0.489
0.792 0.374 0.108 0.298 0.488
0.792 0.375 0.109 0.299 0.487
0.792 0.376 0.11 0.3 0.486
0.792 0.377 0.111 0.301 0.485
0.792 0.378 0.112 0.302 0.484
0.792 0.379 0.113 0.303 0.483
0.792 0.38 0.114 0.304 0.482
0.792 0.38 0.115 0.305 0.481
0.792 0.38 0.116 0.306 0.48
0.792 0.38 0.117 0.307 0.479
0.792 0.38 0.118 0.308 0.478
0.792 0.38 0.119 0.309 0.477
0.792 0.38 0.12 0.31 0.476
0.792 0.38 0.121 0.311 0.475
0.792 0.38 0.122 0.312 0.474
0.792 0.38 0.123 0.313 0.473
0.792 0.38 0.124 0.314 0.472
0.792 0.38 0.125 0.315 0.471
0.792 0.38 0.126 0.316 0.47
0.792 0.38 0.127 0.317 0.469
0.792 0.38 0.128 0.318 0.468
0.792 0.38 0.129 0.319 0.467
0.792 0.38 0.13 0.32 0.466
0.792 0.38 0.13 0.321 0.465
0.792 0.38 0.13 0.322 0.464
0.792 0.38 0.13 0.323 0.463
0.792 0.38 0.13 0.324 0.462
0.792 0.38 0.13 0.325 0.461
0.792 0.38 0.13 0.326 0.46
0.792 0.38 0.13 0.327 0.459
0.792 0.38 0.13 0.328 0.458
0.792 0.38 0.13 0.329 0.457
0.792 0.38 0.13 0.33 0.456
0.792 0.38 0.13 0.331 0.455
0.792 0.38 0.13 0.332 0.454
0.792 0.38 0.13 0.333 0.453
0.792 0.38 0.13 0.334 0.452
0.792 0.38 0.13 0.335 0.451
0.792 0.38 0.13 0.336 0.45
0.792 0.38 0.13 0.337 0.449
0.792 0.38 0.13 0.338 0.448
0.792 0.38 0.13 0.339 0.447
0.792 0.38 0.13 0.34 0.446
0.792 0.38 0.13 0.341 0.445
0.792 0.38 0.13 0.342 0.444
0.792 0.38 0.13 0.343 0.443
0.792 0.38 0.13 0.344 0.442
0.792 0.38 0.13 0.345 0.441
0.792 0.38 0.13 0.346 0.44
0.792 0.38 0.13 0.347 0.439
0.792 0.38 0.13 0.348 0.438
0.792 0.38 0.13 0.349 0.437
0.792 0.38 0.13 0.35 0.436
0.792 0.38 0.13 0.351 0.435
0.792 0.38 0.13 0.352 0.434
0.792 0.38 0.13 0.353 0.433
0.792 0.38 0.13 0.354 0.432
0.792 0.38 0.13 0.355 0.431
0.792 0.38 0.13 0.356 0.43
0.792 0.38 0.13 0.357 0.429
0.792 0.38 0.13 0.358 0.428
0.792 0.38 0.13 0.359 0.427
0.792 0.38 0.13 0.36 0.426
0.792 0.38 0.13 0.361 0.425
0.792 0.38 0.13 0.362 0.424
0.792 0.38 0.13 0.363 0.423
0.792 0.38 0.13 0.364 0.422
0.792 0.38 0.13 0.365 0.421
0.792 0.38 0.13 0.366 0.42
0.792 0.38 0.13 0.367 0.419
0.792 0.38 0.13 0.368 0.418
0.792 0.38 0.13 0.369 0.417
0.792 0.38 0.13 0.37 0.416
0.792 0.38 0.13 0.371 0.415
0.792 0.38 0.13 0.372 0.414
0.792 0.38 0.13 0.373 0.413
0.792 0.38 0.13 0.374 0.412
0.792 0.38 0.13 0.375 0.411
0.792 0.38 0.13 0.376 0.41
0.792 0.38 0.13 0.377 0.409
0.792 0.38 0.13 0.378 0.408
0.792 0.38 0.13 0.379 0.407
0.792 0.38 0.13 0.38 0.406
0.792 0.38 0.13 0.381 0.405
0.792 0.38 0.13 0.382 0.404
0.792 0.38 0.13 0.383 0.403
0.792 0.38 0.13 0.384 0.402
0.792 0.38 0.13 0.385 0.401
0.792 0.38 0.13 0.386 0.4
0.792 0.38 0.13 0.387 0.399
0.792 0.38 0.13 0.388 0.398
0.792 0.38 0.13 0.389 0.397
0.792 0.38 0.13 0.39 0.396
0.792 0.38 0.13 0.391 0.396
0.792 0.38 0.13 0.392 0.396
0.792 0.38 0.13 0.393 0.396
0.792 0.38 0.13 0.394 0.396
0.792 0.38 0.13 0.395 0.396
0.792 0.38 0.13 0.396 0.396
0.792 0.38 0.13 0.397 0.396
0.792 0.38 0.13 0.398 0.396
0.792 0.38 0.13 0.399 0.396
0.792 0.38 0.13 0.4 0.396
0.792 0.38 0.13 0.401 0.396
0.792 0.38 0.13 0.402 0.396
0.792 0.38 0.13 0.403 0.396
0.792 0.38 0.13 0.404 0.396
0.792 0.38 0.13 0.405 0.396
0.792 0.38 0.13 0.406 0.396
0.792 0.38 0.13 0.407 0.396
0.792 0.38 0.13 0.408 0.396
0.792 0.38 0.13 0.409 0.396
0.792 0.38 0.13 0.41 0.396
0.792 0.38 0.13 0.411 0.396
0.792 0.38 0.13 0.412 0.396
0.792 0.38 0.13 0.413 0.396
0.792 0.38 0.13 0.414 0.396
0.792 0.38 0.13 0.415 0.396
0.792 0.38 0.13 0.416 0.396
0.792 0.38 0.13 0.417 0.396
0.792 0.38 0.13 0.418 0.396
0.792 0.38 0.13 0.419 0.396
0.792 0.38 0.13 0.42 0.396
0.792 0.38 0.13 0.421 0.396
0.792 0.38 0.13 0.422 0.396
0.793 0.38 0.129 0.423 0.395
0.794 0.38 0.128 0.423 0.394
0.795 0.38 0.127 0.423 0.393
0.796 0.38 0.126 0.423 0.393
0.797 0.38 0.125 0.423 0.393
0.798 0.38 0.124 0.423 0.393
0.799 0.38 0.123 0.423 0.393
0.8 0.38 0.122 0.423 0.393
0.801 0.38 0.121 0.423 0.393
0.802 0.38 0.12 0.423 0.393
0.803 0.38 0.119 0.423 0.393
0.804 0.38 0.118 0.423 0.393
0.805 0.38 0.117 0.423 0.393
0.806 0.38 0.116 0.423 0.393
0.807 0.38 0.115 0.423 0.393
0.808 0.38 0.114 0.423 0.393
0.809 0.38 0.113 0.423 0.393
0.81 0.38 0.112 0.423 0.393
0.811 0.38 0.111 0.423 0.393
0.812 0.38 0.11 0.423 0.393
0.813 0.38 0.109 0.423 0.393
0.814 0.38 0.108 0.423 0.393
0.815 0.38 0.107 0.423 0.393
0.816 0.38 0.106 0.423 0.393
0.817 0.38 0.105 0.423 0.393
0.818 0.38 0.104 0.423 0.393
0.819 0.38 0.103 0.423 0.393
0.82 0.38 0.102 0.423 0.393
0.821 0.38 0.101 0.423 0.393
0.822 0.38 0.1 0.423 0.393
0.823 0.38 0.099 0.423 0.393
0.824 0.38 0.098 0.423 0.393
0.825 0.38 0.097 0.423 0.393
0.826 0.38 0.096 0.423 0.393
0.827 0.38 0.095 0.423 0.393
0.828 0.38 0.094 0.423 0.393
0.829 0.38 0.093 0.423 0.393
0.829 0.379 0.092 0.423 0.393
0.829 0.379 0.091 0.423 0.393
0.829 0.379 0.09 0.423 0.393
0.829 0.379 0.089 0.423 0.393
0.829 0.379 0.088 0.423 0.393
0.829 0.379 0.087 0.423 0.393
0.829 0.379 0.086 0.423 0.393
0.829 0.379 0.085 0.423 0.393
0.829 0.379 0.084 0.423 0.393
0.829 0.379 0.083 0.423 0.393
0.83 0.379 0.084 0.422 0.394
0.831 0.379 0.085 0.421 0.395
0.832 0.379 0.086 0.42 0.396
0.833 0.379 0.087 0.419 0.397
0.834 0.379 0.088 0.418 0.398
0.835 0.379 0.089 0.417 0.399
0.836 0.379 0.09 0.416 0.4
0.837 0.379 0.091 0.415 0.401
0.838 0.379 0.092 0.414 0.402
0.839 0.379 0.093 0.413 0.403
0.84 0.379 0.094 0.412 0.404
0.841 0.379 0.095 0.411 0.405
0.842 0.379 0.096 0.41 0.406
0.843 0.379 0.097 0.409 0.407
0.844 0.379 0.098 0.408 0.408
0.845 0.379 0.099 0.407 0.409
0.846 0.379 0.1 0.406 0.41
0.847 0.379 0.101 0.405 0.411
0.848 0.379 0.102 0.404 0.412
0.849 0.379 0.103 0.403 0.413
0.85 0.379 0.104 0.402 0.414
0.851 0.379 0.105 0.401 0.415
0.852 0.379 0.106 0.4 0.416
0.853 0.379 0.107 0.399 0.417
0.854 0.379 0.108 0.398 0.418
0.855 0.379 0.109 0.397 0.419
0.856 0.379 0.11 0.396 0.42
0.857 0.379 0.111 0.395 0.421
0.858 0.379 0.112 0.394 0.422
0.859 0.379 0.113 0.393 0.423
0.86 0.379 0.114 0.392 0.424
0.861 0.379 0.115 0.391 0.425
0.862 0.379 0.116 0.39 0.426
0.863 0.379 0.117 0.389 0.427
0.864 0.379 0.118 0.388 0.428
0.865 0.379 0.119 0.387 0.429
0.866 0.379 0.12 0.386 0.43
0.867 0.379 0.121 0.385 0.431
0.867 0.38 0.122 0.384 0.432
0.867 0.381 0.123 0.383 0.433
0.867 0.382 0.124 0.382 0.434
0.867 0.383 0.125 0.381 0.435
0.867 0.384 0.126 0.38 0.436
0.867 0.385 0.127 0.379 0.437
0.867 0.386 0.128 0.378 0.438
0.867 0.387 0.129 0.377 0.439
0.867 0.388 0.13 0.376 0.44
0.867 0.389 0.131 0.375 0.441
0.867 0.39 0.132 0.374 0.442
0.867 0.391 0.133 0.373 0.443
0.867 0.392 0.134 0.372 0.444
0.867 0.393 0.135 0.371 0.445
0.867 0.394 0.136 0.37 0.446
0.867 0.395 0.137 0.369 0.447
0.867 0.396 0.138 0.368 0.448
0.867 0.397 0.139 0.367 0.449
0.867 0.398 0.14 0.366 0.45
0.867 0.399 0.141 0.365 0.451
0.867 0.4 0.142 0.364 0.452
0.867 0.401 0.143 0.363 0.453
0.867 0.402 0.144 0.362 0.454
0.867 0.403 0.145 0.361 0.455
0.867 0.404 0.146 0.36 0.456
0.867 0.405 0.147 0.359 0.457
0.867 0.406 0.148 0.358 0.458
0.867 0.406 0.149 0.357 0.459
0.867 0.406 0.15 0.356 0.46
0.867 0.406 0.151 0.355 0.461
0.867 0.406 0.152 0.354 0.462
0.867 0.406 0.153 0.353 0.463
0.867 0.406 0.154 0.352 0.464
0.867 0.406 0.155 0.351 0.465
0.867 0.406 0.156 0.35 0.466
0.867 0.406 0.157 0.349 0.467
0.867 0.406 0.158 0.348 0.468
0.867 0.406 0.159 0.347 0.469
0.867 0.406 0.16 0.346 0.47
0.867 0.406 0.161 0.345 0.471
0.867 0.406 0.162 0.344 0.472
0.867 0.406 0.163 0.343 0.473
0.867 0.406 0.163 0.342 0.474
0.867 0.406 0.163 0.341 0.475
0.867 0.406 0.163 0.34 0.476
0.867 0.406 0.163 0.339 0.477
0.867 0.406 0.163 0.338 0.478
0.867 0.406 0.163 0.337 0.479
0.867 0.406 0.163 0.336 0.48
0.867 0.406 0.163 0.335 0.48
0.867 0.406 0.163 0.334 0.48
0.867 0.407 0.164 0.335 0.481
0.867 0.408 0.165 0.336 0.482
0.867 0.409 0.166 0.337 0.483
0.867 0.41 0.167 0.338 0.484
0.867 0.411 0.168 0.339 0.485
0.867 0.412 0.169 0.34 0.486
0.867 0.413 0.17 0.341 0.487
0.867 0.414 0.171 0.342 0.488
0.867 0.415 0.172 0.343 0.489
0.867 0.416 0.173 0.344 0.49
0.867 0.417 0.174 0.345 0.491
0.867 0.418 0.175 0.346 0.492
0.867 0.419 0.176 0.347 0.493
0.867 0.42 0.176 0.348 0.494
0.867 0.421 0.176 0.349 0.495
0.867 0.422 0.176 0.35 0.496
0.867 0.423 0.176 0.351 0.497
0.867 0.424 0.176 0.352 0.498
0.867 0.425 0.176 0.353 0.499
0.867 0.426 0.176 0.354 0.5
0.867 0.427 0.176 0.355 0.501
0.867 0.428 0.176 0.356 0.502
0.867 0.429 0.176 0.357 0.503
0.867 0.43 0.176 0.358 0.504
0.867 0.431 0.176 0.359 0.505
0.867 0.432 0.176 0.36 0.506
0.867 0.433 0.176 0.361 0.507
0.867 0.434 0.176 0.362 0.508
0.867 0.435 0.176 0.363 0.509
0.867 0.436 0.176 0.364 0.51
0.867 0.437 0.176 0.365 0.511
0.867 0.438 0.176 0.366 0.512
0.867 0.439 0.176 0.367 0.513
0.867 0.44 0.176 0.368 0.514
0.867 0.44 0.176 0.369 0.515
0.867 0.44 0.176 0.37 0.516
0.867 0.44 0.176 0.371 0.517
0.867 0.44 0.176 0.372 0.518
0.867 0.44 0.176 0.373 0.519
0.867 0.44 0.176 0.373 0.52
0.867 0.44 0.176 0.373 0.521
0.867 0.44 0.176 0.373 0.522
0.867 0.44 0.176 0.373 0.523
0.867 0.44 0.176 0.373 0.524
0.867 0.44 0.176 0.373 0.525
0.867 0.44 0.176 0.373 0.526
0.867 0.44 0.176 0.373 0.527
0.867 0.44 0.176 0.373 0.528
0.867 0.44 0.176 0.373 0.529
0.867 0.44 0.176 0.373 0.53
0.867 0.44 0.176 0.373 0.531
0.867 0.44 0.176 0.373 0.532
0.867 0.44 0.176 0.373 0.533
0.867 0.44 0.176 0.373 0.534
0.867 0.44 0.176 0.373 0.535
0.867 0.44 0.176 0.373 0.536
0.867 0.44 0.176 0.373 0.537
0.868 0.44 0.175 0.372 0.538
0.869 0.44 0.174 0.371 0.539
0.87 0.44 0.173 0.37 0.54
0.871 0.44 0.172 0.369 0.541
0.872 0.44 0.171 0.368 0.542
0.873 0.44 0.17 0.367 0.543
0.874 0.44 0.169 0.366 0.544
0.875 0.44 0.168 0.365 0.545
0.876 0.44 0.167 0.364 0.546
0.877 0.44 0.166 0.363 0.547
0.878 0.44 0.165 0.362 0.548
0.879 0.44 0.164 0.361 0.549
0.88 0.44 0.163 0.36 0.55
0.881 0.44 0.162 0.359 0.551
0.882 0.44 0.161 0.358 0.552
0.883 0.44 0.16 0.357 0.553
0.884 0.44 0.159 0.356 0.554
0.885 0.44 0.158 0.355 0.555
0.886 0.44 0.157 0.355 0.556
0.886 0.441 0.156 0.355 0.557
0.886 0.442 0.155 0.355 0.558
0.886 0.443 0.154 0.355 0.559
0.886 0.444 0.153 0.355 0.56
0.886 0.445 0.152 0.355 0.561
0.886 0.446 0.151 0.355 0.562
0.886 0.447 0.15 0.355 0.563
0.886 0.448 0.149 0.355 0.564
0.886 0.449 0.148 0.355 0.565
0.886 0.45 0.147 0.355 0.566
0.886 0.451 0.146 0.355 0.567
0.886 0.452 0.145 0.355 0.568
0.886 0.453 0.144 0.355 0.569
0.886 0.454 0.143 0.355 0.57
0.886 0.455 0.142 0.355 0.571
0.886 0.456 0.141 0.355 0.572
0.886 0.457 0.14 0.355 0.573
0.886 0.458 0.139 0.355 0.574
0.886 0.459 0.138 0.355 0.575
0.886 0.46 0.138 0.355 0.576
0.886 0.461 0.138 0.355 0.577
0.886 0.462 0.138 0.355 0.578
0.886 0.463 0.138 0.355 0.579
0.886 0.464 0.138 0.355 0.58
0.886 0.465 0.138 0.355 0.581
0.886 0.466 0.138 0.355 0.582
0.886 0.467 0.138 0.355 0.583
0.886 0.468 0.138 0.355 0.584
0.886 0.469 0.138 0.355 0.585
0.886 0.47 0.138 0.355 0.586
0.886 0.471 0.138 0.355 0.587
0.886 0.472 0.138 0.355 0.588
0.886 0.473 0.138 0.355 0.589
0.886 0.474 0.138 0.355 0.59
0.886 0.475 0.138 0.355 0.591
0.886 0.475 0.138 0.355 0.592
0.886 0.475 0.138 0.355 0.593
0.886 0.475 0.138 0.355 0.594
0.886 0.475 0.138 0.355 0.595
0.886 0.475 0.138 0.355 0.596
0.886 0.475 0.138 0.355 0.597
0.886 0.475 0.138 0.355 0.598
0.886 0.475 0.138 0.355 0.599
0.886 0.475 0.138 0.355 0.6
0.886 0.475 0.138 0.355 0.601
0.886 0.475 0.138 0.355 0.602
0.886 0.475 0.138 0.355 0.603
0.886 0.475 0.138 0.355 0.604
0.886 0.475 0.138 0.355 0.605
0.886 0.475 0.138 0.355 0.606
0.886 0.475 0.138 0.355 0.607
0.886 0.475 0.138 0.355 0.608
0.886 0.475 0.138 0.355 0.609
0.886 0.475 0.138 0.355 0.61
0.886 0.475 0.138 0.355 0.611
0.886 0.475 0.138 0.355 0.612
0.886 0.475 0.138 0.355 0.613
0.886 0.475 0.138 0.355 0.614
0.886 0.475 0.138 0.355 0.615
0.886 0.475 0.138 0.355 0.616
0.886 0.475 0.138 0.355 0.617
0.886 0.475 0.138 0.355 0.618
0.886 0.475 0.138 0.355 0.619
0.886 0.475 0.138 0.355 0.62
0.886 0.475 0.138 0.355 0.621
0.886 0.475 0.138 0.355 0.622
0.886 0.475 0.138 0.355 0.623
0.886 0.475 0.138 0.355 0.624
0.886 0.475 0.138 0.355 0.625
0.886 0.475 0.138 0.355 0.626
0.886 0.475 0.138 0.355 0.627
0.886 0.475 0.138 0.355 0.628
0.886 0.475 0.138 0.355 0.629
0.886 0.475 0.138 0.355 0.63
0.886 0.475 0.138 0.355 0.631
0.886 0.475 0.138 0.355 0.632
0.886 0.475 0.138 0.355 0.633
0.886 0.475 0.138 0.355 0.634
0.886 0.475 0.138 0.355 0.635
0.886 0.475 0.138 0.355 0.636
0.886 0.475 0.138 0.355 0.637
0.886 0.475 0.138 0.355 0.638
0.886 0.475 0.138 0.355 0.639
0.886 0.475 0.138 0.355 0.64
0.886 0.475 0.138 0.355 0.641
0.886 0.475 0.138 0.355 0.642
0.886 0.475 0.138 0.355 0.643
0.886 0.475 0.138 0.355 0.644
0.886 0.475 0.138 0.355 0.645
0.886 0.475 0.138 0.355 0.646
0.886 0.475 0.138 0.355 0.647
0.886 0.475 0.138 0.355 0.648
0.886 0.475 0.138 0.355 0.649
0.886 0.475 0.138 0.355 0.65
0.886 0.475 0.138 0.355 0.651
0.886 0.475 0.138 0.355 0.652
0.886 0.475 0.138 0.355 0.653
0.886 0.475 0.138 0.355 0.654
0.886 0.475 0.138 0.355 0.655
0.886 0.475 0.138 0.355 0.656
0.886 0.475 0.138 0.355 0.657
0.886 0.475 0.138 0.355 0.658
0.886 0.475 0.138 0.355 0.659
0.886 0.475 0.138 0.355 0.66
0.886 0.475 0.138 0.355 0.661
0.886 0.475 0.138 0.355 0.662
0.886 0.475 0.138 0.355 0.663
0.886 0.475 0.138 0.355 0.664
0.886 0.475 0.138 0.355 0.665
0.886 0.475 0.138 0.355 0.666
0.886 0.475 0.138 0.355 0.667
0.886 0.475 0.138 0.355 0.668
0.886 0.475 0.138 0.355 0.669
0.886 0.475 0.138 0.355 0.67
0.886 0.475 0.138 0.355 0.671
0.886 0.475 0.138 0.355 0.672
0.886 0.475 0.138 0.355 0.673
0.887 0.475 0.139 0.356 0.672
0.888 0.475 0.14 0.357 0.671
0.889 0.475 0.141 0.358 0.67
0.89 0.475 0.142 0.359 0.669
0.891 0.475 0.143 0.36 0.668
0.892 0.475 0.144 0.361 0.667
0.893 0.475 0.145 0.362 0.666
0.894 0.475 0.146 0.363 0.665
0.895 0.475 0.147 0.364 0.664
0.896 0.475 0.148 0.365 0.663
0.897 0.475 0.149 0.366 0.662
0.898 0.475 0.15 0.367 0.661
0.899 0.475 0.151 0.368 0.66
0.9 0.475 0.152 0.369 0.659
0.9 0.476 0.153 0.37 0.658
0.9 0.477 0.154 0.371 0.657
0.9 0.478 0.155 0.372 0.656
0.9 0.479 0.156 0.373 0.655
0.9 0.48 0.157 0.374 0.654
0.9 0.481 0.158 0.375 0.653
0.9 0.482 0.159 0.376 0.652
0.9 0.483 0.16 0.377 0.651
0.9 0.484 0.161 0.378 0.65
0.9 0.485 0.162 0.379 0.649
0.9 0.486 0.163 0.38 0.648
0.9 0.487 0.164 0.381 0.647
0.9 0.488 0.165 0.382 0.646
0.9 0.489 0.166 0.383 0.645
0.9 0.49 0.167 0.384 0.644
0.9 0.491 0.168 0.385 0.643
0.9 0.492 0.169 0.386 0.642
0.9 0.493 0.17 0.387 0.641
0.9 0.494 0.171 0.388 0.64
0.9 0.495 0.172 0.389 0.639
0.9 0.496 0.173 0.39 0.638
0.9 0.497 0.174 0.391 0.637
0.9 0.498 0.175 0.392 0.636
0.9 0.499 0.176 0.393 0.635
0.9 0.5 0.177 0.394 0.634
0.9 0.5 0.178 0.395 0.633
0.9 0.5 0.179 0.396 0.632
0.9 0.5 0.18 0.397 0.631
0.9 0.5 0.181 0.398 0.63
0.9 0.5 0.182 0.399 0.629
0.9 0.5 0.183 0.4 0.628
0.9 0.5 0.184 0.4 0.627
0.9 0.5 0.185 0.4 0.626
0.9 0.5 0.186 0.4 0.625
0.9 0.5 0.187 0.4 0.624
0.9 0.5 0.188 0.4 0.623
0.9 0.5 0.189 0.4 0.622
0.9 0.5 0.19 0.4 0.621
0.9 0.5 0.191 0.4 0.62
0.9 0.5 0.192 0.4 0.619
0.9 0.5 0.193 0.4 0.618
0.9 0.5 0.194 0.4 0.617
0.9 0.5 0.195 0.4 0.616
0.9 0.5 0.196 0.4 0.615
0.9 0.5 0.197 0.4 0.614
0.9 0.5 0.198 0.4 0.613
0.9 0.5 0.199 0.4 0.612
0.9 0.5 0.2 0.4 0.611
0.9 0.5 0.201 0.4 0.61
0.9 0.5 0.202 0.4 0.609
0.9 0.5 0.203 0.4 0.608
0.9 0.5 0.204 0.4 0.607
0.9 0.5 0.205 0.4 0.606
0.9 0.5 0.206 0.4 0.605
0.9 0.5 0.207 0.4 0.604
0.9 0.5 0.208 0.4 0.603
0.9 0.5 0.209 0.4 0.602
0.9 0.5 0.21 0.4 0.601
0.9 0.5 0.211 0.4 0.6
0.9 0.5 0.212 0.4 0.6
0.9 0.5 0.213 0.4 0.6
0.9 0.5 0.214 0.4 0.6
0.9 0.5 0.215 0.4 0.6
0.9 0.5 0.216 0.4 0.6
0.9 0.5 0.217 0.4 0.6
0.9 0.5 0.218 0.4 0.6
0.9 0.5 0.219 0.4 0.6
0.9 0.5 0.22 0.4 0.6
0.9 0.5 0.221 0.4 0.6
0.9 0.5 0.222 0.4 0.6
0.9 0.5 0.223 0.4 0.6
0.9 0.5 0.224 0.4 0.6
0.9 0.5 0.225 0.4 0.6
0.9 0.5 0.226 0.4 0.6
0.9 0.5 0.227 0.4 0.6
0.9 0.5 0.228 0.4 0.6
0.9 0.5 0.229 0.4 0.6
0.9 0.5 0.23 0.4 0.6
0.9 0.5 0.231 0.4 0.6
0.9 0.5 0.232 0.4 0.6
0.9 0.5 0.233 0.4 0.6
0.9 0.5 0.234 0.4 0.6
0.9 0.5 0.235 0.4 0.6
0.9 0.5 0.236 0.4 0.6
0.9 0.5 0.237 0.4 0.6
0.9 0.5 0.238 0.4 0.6
0.9 0.5 0.239 0.4 0.6
0.9 0.5 0.24 0.4 0.6
0.9 0.5 0.241 0.4 0.6
0.9 0.5 0.242 0.4 0.6
0.9 0.5 0.243 0.4 0.6
0.9 0.5 0.244 0.4 0.6
0.9 0.5 0.245 0.4 0.6
0.9 0.5 0.246 0.4 0.6
0.9 0.5 0.247 0.4 0.6
0.9 0.5 0.248 0.4 0.6
0.9 0.5 0.249 0.4 0.6
0.9 0.5 0.25 0.4 0.6
0.9 0.5 0.251 0.4 0.6
0.9 0.5 0.252 0.4 0.6
0.9 0.5 0.253 0.4 0.6
0.9 0.5 0.254 0.4 0.6
0.9 0.5 0.255 0.4 0.6
0.9 0.5 0.256 0.4 0.6
0.9 0.5 0.257 0.4 0.6
0.9 0.5 0.258 0.4 0.6
0.9 0.5 0.259 0.4 0.6
0.9 0.5 0.26 0.4 0.6
0.9 0.5 0.261 0.4 0.6
0.9 0.5 0.262 0.4 0.6
0.9 0.5 0.263 0.4 0.6
0.9 0.5 0.264 0.4 0.6
0.9 0.5 0.265 0.4 0.6
0.9 0.5 0.266 0.4 0.6
0.9 0.5 0.267 0.4 0.6
0.9 0.5 0.268 0.4 0.6
0.9 0.5 0.269 0.4 0.6
0.9 0.5 0.27 0.4 0.6
0.9 0.5 0.271 0.4 0.6
0.9 0.5 0.272 0.4 0.6
0.9 0.5 0.273 0.4 0.6
0.9 0.5 0.274 0.4 0.6
0.9 0.5 0.275 0.4 0.6
0.9 0.5 0.276 0.4 0.6
0.9 0.5 0.277 0.4 0.6
0.9 0.5 0.278 0.4 0.6
0.9 0.5 0.279 0.4 0.6
0.9 0.5 0.28 0.4 0.6
0.9 0.5 0.281 0.4 0.6
0.9 0.5 0.282 0.4 0.6
0.9 0.5 0.283 0.4 0.6
0.9 0.5 0.284 0.4 0.6
0.9 0.5 0.285 0.4 0.6
0.9 0.5 0.286 0.4 0.6
0.9 0.5 0.287 0.4 0.6
0.9 0.5 0.288 0.4 0.6
0.9 0.5 0.289 0.4 0.6
0.9 0.5 0.29 0.4 0.6
0.9 0.5 0.291 0.4 0.6
0.9 0.5 0.292 0.4 0.6
0.9 0.5 0.293 0.4 0.6
0.9 0.5 0.294 0.4 0.6
0.9 0.5 0.295 0.4 0.6
0.9 0.5 0.296 0.4 0.6
0.9 0.5 0.297 0.4 0.6
0.9 0.5 0.298 0.4 0.6
0.9 0.5 0.299 0.4 0.6
0.9 0.5 0.3 0.4 0.6
0.9 0.5 0.301 0.4 0.6
0.9 0.5 0.302 0.4 0.6
0.9 0.5 0.303 0.4 0.6
0.9 0.5 0.304 0.4 0.6
0.9 0.5 0.305 0.4 0.6
0.9 0.5 0.306 0.4 0.6
0.9 0.5 0.307 0.4 0.6
0.9 0.5 0.308 0.4 0.6
0.9 0.5 0.309 0.4 0.6
0.9 0.5 0.31 0.4 0.6
0.9 0.5 0.311 0.4 0.6
0.9 0.5 0.312 0.4 0.6
0.9 0.5 0.313 0.4 0.6
0.9 0.5 0.314 0.4 0.6
0.9 0.5 0.315 0.4 0.6
0.9 0.5 0.316 0.4 0.6
0.9 0.5 0.317 0.4 0.6
0.9 0.5 0.318 0.4 0.6
0.9 0.5 0.319 0.4 0.6
0.9 0.5 0.32 0.4 0.6
0.9 0.5 0.321 0.4 0.6
0.9 0.5 0.322 0.4 0.6
0.9 0.5 0.323 0.4 0.6
0.9 0.5 0.324 0.4 0.6
0.9 0.5 0.325 0.4 0.6
0.9 0.5 0.326 0.4 0.6
0.9 0.5 0.327 0.4 0.6
0.9 0.5 0.328 0.4 0.6
0.9 0.5 0.329 0.4 0.6
0.9 0.5 0.33 0.4 0.6
0.9 0.5 0.331 0.4 0.6
0.9 0.5 0.332 0.4 0.6
0.9 0.5 0.333 0.4 0.6
0.9 0.5 0.334 0.4 0.6
0.9 0.5 0.335 0.4 0.6
0.9 0.5 0.336 0.4 0.6
0.9 0.5 0.337 0.4 0.6
0.9 0.5 0.338 0.4 0.6
0.9 0.5 0.339 0.4 0.6
0.9 0.5 0.34 0.4 0.6
0.9 0.5 0.341 0.4 0.6
0.9 0.5 0.342 0.4 0.6
0.9 0.5 0.343 0.4 0.6
0.9 0.5 0.344 0.4 0.6
0.9 0.5 0.345 0.4 0.6
0.9 0.5 0.346 0.4 0.6
0.9 0.5 0.347 0.4 0.6
0.9 0.5 0.348 0.4 0.6
0.9 0.5 0.349 0.4 0.6
0.9 0.5 0.35 0.4 0.6
0.9 0.5 0.351 0.4 0.6
0.9 0.5 0.352 0.4 0.6
0.9 0.5 0.353 0.4 0.6
0.9 0.5 0.354 0.4 0.6
0.9 0.5 0.355 0.4 0.6
0.9 0.5 0.356 0.4 0.6
0.9 0.5 0.357 0.4 0.6
0.9 0.5 0.358 0.4 0.6
0.9 0.5 0.359 0.4 0.6
0.9 0.5 0.36 0.4 0.6
0.9 0.5 0.361 0.4 0.6
0.9 0.5 0.362 0.4 0.6
0.9 0.5 0.363 0.4 0.6
0.9 0.5 0.364 0.4 0.6
0.9 0.5 0.365 0.4 0.6
0.9 0.5 0.366 0.4 0.6
0.9 0.5 0.367 0.4 0.6
0.9 0.5 0.368 0.4 0.6
0.9 0.5 0.369 0.4 0.6
0.9 0.5 0.37 0.4 0.6
0.9 0.5 0.371 0.4 0.6
0.9 0.5 0.372 0.4 0.6
0.9 0.5 0.373 0.4 0.6
0.9 0.5 0.374 0.4 0.6
0.9 0.5 0.375 0.4 0.6
0.9 0.5 0.376 0.4 0.6
0.9 0.5 0.377 0.4 0.6
0.9 0.5 0.378 0.4 0.6
0.9 0.5 0.379 0.4 0.6
0.9 0.5 0.38 0.4 0.6
0.9 0.5 0.381 0.4 0.6
0.9 0.5 0.382 0.4 0.6
0.9 0.5 0.383 0.4 0.6
0.9 0.5 0.384 0.4 0.6
0.9 0.5 0.385 0.4 0.6
0.9 0.5 0.386 0.4 0.6
0.9 0.5 0.387 0.4 0.6
0.9 0.5 0.388 0.4 0.6
0.9 0.5 0.389 0.4 0.6
0.9 0.5 0.39 0.4 0.6
0.9 0.5 0.391 0.4 0.6
0.9 0.5 0.392 0.4 0.6
0.9 0.5 0.393 0.4 0.6
0.9 0.5 0.394 0.4 0.6
0.9 0.5 0.395 0.4 0.6
0.9 0.5 0.396 0.4 0.6
0.9 0.5 0.397 0.4 0.6
0.9 0.5 0.398 0.4 0.6
0.9 0.5 0.399 0.4 0.6
0.9 0.5 0.4 0.4 0.6
